[OpenPhySyn] [2020-11-28 14:34:35.723] [info] Loaded 6 transforms.
[OpenPhySyn] [2020-11-28 14:34:36.214] [info] OpenPhySyn: 1.8.1
Warning: /project/openlane/user_project_wrapper/runs/user_project_wrapper/tmp/opt.lib, line 32 default_operating_condition ss_100C_1v60 not found.
Notice 0: Reading LEF file:  /project/openlane/user_project_wrapper/runs/user_project_wrapper/tmp/merged_unpadded.lef
Notice 0:     Created 11 technology layers
Notice 0:     Created 25 technology vias
Notice 0:     Created 437 library cells
Notice 0: Finished LEF file:  /project/openlane/user_project_wrapper/runs/user_project_wrapper/tmp/merged_unpadded.lef
Notice 0: 
Reading DEF file: /project/openlane/user_project_wrapper/runs/user_project_wrapper/tmp/placement/replace.def
Notice 0: Design: user_project_wrapper
Notice 0:     Created 612 pins.
Notice 0:     Created 5502 components and 13029 component-terminals.
Notice 0:     Created 1034 nets and 1922 connections.
Notice 0: Finished DEF file: /project/openlane/user_project_wrapper/runs/user_project_wrapper/tmp/placement/replace.def
Error: base.sdc, 1 can't read "::env(CLOCK_PORT)": no such variable
=============== Initial Reports =============
No paths found.
Capacitance violations: 0
Transition violations: 0
wns 0.00
tns 0.00
Initial area: 150303 um2
OpenPhySyn timing repair:
[OpenPhySyn] [2020-11-28 14:34:42.508] [info] Invoking repair_timing transform
[OpenPhySyn] [2020-11-28 14:34:42.523] [info] Buffer library: sky130_fd_sc_hd__buf_4, sky130_fd_sc_hd__buf_8, sky130_fd_sc_hd__buf_1
[OpenPhySyn] [2020-11-28 14:34:42.523] [info] Inverter library: None
[OpenPhySyn] [2020-11-28 14:34:42.523] [info] Buffering: enabled
[OpenPhySyn] [2020-11-28 14:34:42.523] [info] Driver sizing: enabled
[OpenPhySyn] [2020-11-28 14:34:42.523] [info] Pin-swapping: enabled
[OpenPhySyn] [2020-11-28 14:34:42.523] [info] Mode: Timing-Driven
[OpenPhySyn] [2020-11-28 14:34:42.523] [info] Iteration 1
[OpenPhySyn] [2020-11-28 14:34:42.759] [info] No more violations or cannot find more optimal buffer
[OpenPhySyn] [2020-11-28 14:34:42.759] [info] Runtime: 0s
[OpenPhySyn] [2020-11-28 14:34:42.759] [info] Buffers: 0
[OpenPhySyn] [2020-11-28 14:34:42.759] [info] Resize up: 0
[OpenPhySyn] [2020-11-28 14:34:42.759] [info] Resize down: 0
[OpenPhySyn] [2020-11-28 14:34:42.759] [info] Pin Swap: 0
[OpenPhySyn] [2020-11-28 14:34:42.759] [info] Buffered nets: 0
[OpenPhySyn] [2020-11-28 14:34:42.759] [info] Fanout violations: 0
[OpenPhySyn] [2020-11-28 14:34:42.759] [info] Transition violations: 0
[OpenPhySyn] [2020-11-28 14:34:42.759] [info] Capacitance violations: 0
[OpenPhySyn] [2020-11-28 14:34:42.759] [info] Slack gain: 0.0
[OpenPhySyn] [2020-11-28 14:34:42.759] [info] Initial area: 15030
[OpenPhySyn] [2020-11-28 14:34:42.760] [info] New area: 15030
[OpenPhySyn] [2020-11-28 14:34:42.760] [info] Finished repair_timing transform (0)
Added/updated 0 cells
=============== Final Reports =============
No paths found.
Capacitance violations: 0
Transition violations: 0
wns 0.00
tns 0.00
Final area: 150303 um2
Export optimized design
