Sat Nov 28 14:34:02 UTC 2020 - Executing "/openLANE_flow/scripts/mergeLef.py -i /home/ubuntu/google-shuttle/.install/pdks/sky130A/libs.ref/sky130_fd_sc_hd/techlef/sky130_fd_sc_hd.tlef /home/ubuntu/google-shuttle/.install/pdks/sky130A/libs.ref/sky130_fd_sc_hd/lef/sky130_fd_sc_hd.lef -o /project/openlane/user_project_wrapper/runs/user_project_wrapper/tmp/merged_unpadded.lef |& tee >&@stdout"

Sat Nov 28 14:34:02 UTC 2020 - Executing "/openLANE_flow/scripts/padLefMacro.py -s unithd -r 8 -i /project/openlane/user_project_wrapper/runs/user_project_wrapper/tmp/merged_unpadded.lef -o /project/openlane/user_project_wrapper/runs/user_project_wrapper/tmp/merged.lef -e {sky130_fd_sc_hd__tap* sky130_fd_sc_hd__decap* sky130_fd_sc_hd__fill*} |& tee >&@stdout"

Sat Nov 28 14:34:11 UTC 2020 - Executing "/openLANE_flow/scripts/libtrim.pl /home/ubuntu/google-shuttle/.install/pdks/sky130A/libs.ref/sky130_fd_sc_hd/lib/sky130_fd_sc_hd__tt_025C_1v80.lib /home/ubuntu/google-shuttle/.install/pdks/sky130A/libs.tech/openlane/sky130_fd_sc_hd/no_synth.cells > /project/openlane/user_project_wrapper/runs/user_project_wrapper/tmp/trimmed.lib"

Sat Nov 28 14:34:14 UTC 2020 - Executing "yosys -c /openLANE_flow/scripts/synth.tcl -l /project/openlane/user_project_wrapper/runs/user_project_wrapper/logs/synthesis/yosys.log |& tee >&@stdout"

Sat Nov 28 14:34:15 UTC 2020 - Executing "sed -i -e {s/\(set ::env(CURRENT_NETLIST)\).*/\1 \/project\/openlane\/user_project_wrapper\/runs\/user_project_wrapper\/results\/synthesis\/user_project_wrapper.synthesis.v/} /project/openlane/user_project_wrapper/runs/user_project_wrapper/config.tcl"

Sat Nov 28 14:34:15 UTC 2020 - Executing "sed -i -e {s/\(set ::env(PREV_NETLIST)\).*/\1 0/} /project/openlane/user_project_wrapper/runs/user_project_wrapper/config.tcl"

Sat Nov 28 14:34:15 UTC 2020 - Executing "sta /openLANE_flow/scripts/sta.tcl |& tee >&@stdout /project/openlane/user_project_wrapper/runs/user_project_wrapper/logs/synthesis/opensta.log"

Sat Nov 28 14:34:17 UTC 2020 - Executing "openroad -exit /openLANE_flow/scripts/openroad/or_floorplan.tcl |& tee >&@stdout /project/openlane/user_project_wrapper/runs/user_project_wrapper/logs/floorplan/verilog2def.openroad.log"

Sat Nov 28 14:34:21 UTC 2020 - Executing "python3 /openLANE_flow/scripts/io_place.py --input-lef /project/openlane/user_project_wrapper/runs/user_project_wrapper/tmp/merged.lef --input-def /project/openlane/user_project_wrapper/runs/user_project_wrapper/tmp/floorplan/verilog2def_openroad.def --config /project/openlane/user_project_wrapper/pin_order.cfg --hor-layer 4 --ver-layer 3 --ver-width-mult 2 --hor-width-mult 2 --length-mult 4 -o /project/openlane/user_project_wrapper/runs/user_project_wrapper/tmp/floorplan/ioPlacer.def |& tee /project/openlane/user_project_wrapper/runs/user_project_wrapper/logs/floorplan/place_io_ol.log >&@stdout"

Sat Nov 28 14:34:22 UTC 2020 - Executing "openroad -exit /openLANE_flow/scripts/openroad/or_tapcell.tcl |& tee >&@stdout /project/openlane/user_project_wrapper/runs/user_project_wrapper/logs/floorplan/tapcell.log"

Sat Nov 28 14:34:24 UTC 2020 - Executing "openroad -exit /openLANE_flow/scripts/openroad/or_replace.tcl |& tee >&@stdout /project/openlane/user_project_wrapper/runs/user_project_wrapper/logs/placement/replace.log"

Sat Nov 28 14:34:35 UTC 2020 - Executing "/openLANE_flow/scripts/libtrim.pl /home/ubuntu/google-shuttle/.install/pdks/sky130A/libs.ref/sky130_fd_sc_hd/lib/sky130_fd_sc_hd__ss_100C_1v60.lib /home/ubuntu/google-shuttle/.install/pdks/sky130A/libs.tech/openlane/sky130_fd_sc_hd/no_synth.cells > /project/openlane/user_project_wrapper/runs/user_project_wrapper/tmp/opt.lib"

Sat Nov 28 14:34:35 UTC 2020 - Executing "Psn /openLANE_flow/scripts/openPhySyn.tcl |& tee >&@stdout /project/openlane/user_project_wrapper/runs/user_project_wrapper/logs/placement/openphysyn.log"

Sat Nov 28 14:34:42 UTC 2020 - Executing "openroad -exit /openLANE_flow/scripts/openroad/or_write_verilog.tcl |& tee >&@stdout /project/openlane/user_project_wrapper/runs/user_project_wrapper/logs/write_verilog.log"

Sat Nov 28 14:34:43 UTC 2020 - Executing "sed -i -e {s/\(set ::env(CURRENT_NETLIST)\).*/\1 \/project\/openlane\/user_project_wrapper\/runs\/user_project_wrapper\/results\/synthesis\/user_project_wrapper.synthesis_optimized.v/} /project/openlane/user_project_wrapper/runs/user_project_wrapper/config.tcl"

Sat Nov 28 14:34:43 UTC 2020 - Executing "sed -i -e {s/\(set ::env(PREV_NETLIST)\).*/\1 \/project\/openlane\/user_project_wrapper\/runs\/user_project_wrapper\/results\/synthesis\/user_project_wrapper.synthesis.v/} /project/openlane/user_project_wrapper/runs/user_project_wrapper/config.tcl"

Sat Nov 28 14:34:43 UTC 2020 - Executing "sta /openLANE_flow/scripts/sta.tcl |& tee >&@stdout /project/openlane/user_project_wrapper/runs/user_project_wrapper/logs/synthesis/opensta_post_openphysyn.log"

Sat Nov 28 14:34:45 UTC 2020 - Executing "opendp -lef /project/openlane/user_project_wrapper/runs/user_project_wrapper/tmp/merged.lef -def /project/openlane/user_project_wrapper/runs/user_project_wrapper/tmp/placement/openphysyn.def -output_def /project/openlane/user_project_wrapper/runs/user_project_wrapper/results/placement/user_project_wrapper.placement.def |& tee >&@stdout /project/openlane/user_project_wrapper/runs/user_project_wrapper/logs/placement/opendp.log"

Sat Nov 28 14:34:46 UTC 2020 - Executing "openroad -exit /openLANE_flow/scripts/openroad/or_cts.tcl |& tee >&@stdout /project/openlane/user_project_wrapper/runs/user_project_wrapper/logs/cts/cts.log"

Sat Nov 28 14:36:50 UTC 2020 - Executing "openroad -exit /openLANE_flow/scripts/openroad/or_write_verilog.tcl |& tee >&@stdout /project/openlane/user_project_wrapper/runs/user_project_wrapper/logs/write_verilog.log"

Sat Nov 28 14:36:50 UTC 2020 - Executing "sed -i -e {s/\(set ::env(CURRENT_NETLIST)\).*/\1 \/project\/openlane\/user_project_wrapper\/runs\/user_project_wrapper\/results\/synthesis\/user_project_wrapper.synthesis_cts.v/} /project/openlane/user_project_wrapper/runs/user_project_wrapper/config.tcl"

Sat Nov 28 14:36:50 UTC 2020 - Executing "sed -i -e {s/\(set ::env(PREV_NETLIST)\).*/\1 \/project\/openlane\/user_project_wrapper\/runs\/user_project_wrapper\/results\/synthesis\/user_project_wrapper.synthesis_optimized.v/} /project/openlane/user_project_wrapper/runs/user_project_wrapper/config.tcl"

Sat Nov 28 14:36:50 UTC 2020 - Executing "openroad -exit /openLANE_flow/scripts/new_pdn.tcl |& tee >&@stdout /project/openlane/user_project_wrapper/runs/user_project_wrapper/logs/floorplan/pdn.log"

Sat Nov 28 14:36:52 UTC 2020 - Executing "openroad -exit /openLANE_flow/scripts/openroad/or_route.tcl |& tee >&@stdout /project/openlane/user_project_wrapper/runs/user_project_wrapper/logs/routing/fastroute.log"

Sat Nov 28 14:37:01 UTC 2020 - Executing "openroad -exit /openLANE_flow/scripts/openroad/or_route.tcl |& tee >&@stdout /project/openlane/user_project_wrapper/runs/user_project_wrapper/logs/routing/fastroute_post_antenna.log"

Sat Nov 28 14:37:10 UTC 2020 - Executing "openroad -exit /openLANE_flow/scripts/openroad/or_fill.tcl |& tee >&@stdout /project/openlane/user_project_wrapper/runs/user_project_wrapper/logs/routing/addspacers.log"

Sat Nov 28 14:37:11 UTC 2020 - Executing "openroad -exit /openLANE_flow/scripts/openroad/or_write_verilog.tcl |& tee >&@stdout /project/openlane/user_project_wrapper/runs/user_project_wrapper/logs/write_verilog.log"

Sat Nov 28 14:37:12 UTC 2020 - Executing "sed -i -e {s/\(set ::env(CURRENT_NETLIST)\).*/\1 \/project\/openlane\/user_project_wrapper\/runs\/user_project_wrapper\/results\/synthesis\/user_project_wrapper.synthesis_preroute.v/} /project/openlane/user_project_wrapper/runs/user_project_wrapper/config.tcl"

Sat Nov 28 14:37:12 UTC 2020 - Executing "sed -i -e {s/\(set ::env(PREV_NETLIST)\).*/\1 \/project\/openlane\/user_project_wrapper\/runs\/user_project_wrapper\/results\/synthesis\/user_project_wrapper.synthesis_cts.v/} /project/openlane/user_project_wrapper/runs/user_project_wrapper/config.tcl"

Sat Nov 28 14:37:12 UTC 2020 - Executing "envsubst < /openLANE_flow/scripts/tritonRoute.param > /project/openlane/user_project_wrapper/runs/user_project_wrapper/tmp/routing/tritonRoute.param"

Sat Nov 28 14:37:12 UTC 2020 - Executing "TritonRoute /project/openlane/user_project_wrapper/runs/user_project_wrapper/tmp/routing/tritonRoute.param |& tee >&@stdout /project/openlane/user_project_wrapper/runs/user_project_wrapper/logs/routing/tritonRoute.log"

Sat Nov 28 14:42:02 UTC 2020 - Executing "python3 /openLANE_flow/scripts/spef_extractor/main.py -l /project/openlane/user_project_wrapper/runs/user_project_wrapper/tmp/merged_unpadded.lef -d /project/openlane/user_project_wrapper/runs/user_project_wrapper/results/routing/user_project_wrapper.def -mw L -ec 1 |& tee >&@stdout /project/openlane/user_project_wrapper/runs/user_project_wrapper/logs/routing/spef_extraction.log"

Sat Nov 28 14:42:04 UTC 2020 - Executing "sta /openLANE_flow/scripts/sta.tcl |& tee >&@stdout /project/openlane/user_project_wrapper/runs/user_project_wrapper/logs/synthesis/opensta_spef.log"

Sat Nov 28 14:42:07 UTC 2020 - Executing "python3 /openLANE_flow/scripts/write_powered_def.py -d /project/openlane/user_project_wrapper/runs/user_project_wrapper/results/routing/user_project_wrapper.def -l /project/openlane/user_project_wrapper/runs/user_project_wrapper/tmp/merged.lef -v VPWR -g VGND -o /project/openlane/user_project_wrapper/runs/user_project_wrapper/tmp/routing/user_project_wrapper.powered.def |& tee >&@stdout /project/openlane/user_project_wrapper/runs/user_project_wrapper/logs/lvs/write_powered_verilog.log"

Sat Nov 28 14:42:09 UTC 2020 - Executing "openroad -exit /openLANE_flow/scripts/openroad/or_write_verilog.tcl |& tee >&@stdout /project/openlane/user_project_wrapper/runs/user_project_wrapper/logs/write_verilog.log"

Sat Nov 28 14:42:10 UTC 2020 - Executing "yosys -c /openLANE_flow/scripts/yosys_rewrite_verilog.tcl -l /project/openlane/user_project_wrapper/runs/user_project_wrapper/logs/synthesis/yosys_rewrite_verilog.log"

Sat Nov 28 14:42:23 UTC 2020 - Executing "sed -i -e {s/\(set ::env(CURRENT_NETLIST)\).*/\1 \/project\/openlane\/user_project_wrapper\/runs\/user_project_wrapper\/results\/lvs\/user_project_wrapper.lvs.powered.v/} /project/openlane/user_project_wrapper/runs/user_project_wrapper/config.tcl"

Sat Nov 28 14:42:23 UTC 2020 - Executing "sed -i -e {s/\(set ::env(PREV_NETLIST)\).*/\1 \/project\/openlane\/user_project_wrapper\/runs\/user_project_wrapper\/results\/synthesis\/user_project_wrapper.synthesis_preroute.v/} /project/openlane/user_project_wrapper/runs/user_project_wrapper/config.tcl"

Sat Nov 28 14:42:23 UTC 2020 - Executing "magic -noconsole -dnull -rcfile /home/ubuntu/google-shuttle/.install/pdks/sky130A/libs.tech/magic/sky130A.magicrc /openLANE_flow/scripts/magic.tcl </dev/null |& tee >&@stdout /project/openlane/user_project_wrapper/runs/user_project_wrapper/logs/magic/magic.log"

Sat Nov 28 14:42:33 UTC 2020 - Executing "magic -noconsole -dnull -rcfile /home/ubuntu/google-shuttle/.install/pdks/sky130A/libs.tech/magic/sky130A.magicrc /project/openlane/user_project_wrapper/runs/user_project_wrapper/tmp/magic_spice.tcl </dev/null |& tee >&@stdout /project/openlane/user_project_wrapper/runs/user_project_wrapper/logs/magic/magic_spice.log"

Sat Nov 28 14:43:04 UTC 2020 - Executing "magic -noconsole -dnull -rcfile /home/ubuntu/google-shuttle/.install/pdks/sky130A/libs.tech/magic/sky130A.magicrc /openLANE_flow/scripts/magic_drc.tcl </dev/null |& tee >&@stdout /project/openlane/user_project_wrapper/runs/user_project_wrapper/logs/magic/magic.drc.log"

Sat Nov 28 14:43:23 UTC 2020 - Executing "netgen -batch lvs {/project/openlane/user_project_wrapper/runs/user_project_wrapper/results/magic/user_project_wrapper.spice user_project_wrapper} {/project/openlane/user_project_wrapper/runs/user_project_wrapper/results/lvs/user_project_wrapper.lvs.powered.v user_project_wrapper} /home/ubuntu/google-shuttle/.install/pdks/sky130A/libs.tech/netgen/sky130A_setup.tcl /project/openlane/user_project_wrapper/runs/user_project_wrapper/results/lvs/user_project_wrapper.lvs.log -json |& tee >&@stdout /project/openlane/user_project_wrapper/runs/user_project_wrapper/logs/lvs/lvs.log"

Sat Nov 28 14:43:26 UTC 2020 - Executing "openroad -exit /openLANE_flow/scripts/openroad/or_antenna_check.tcl |& tee >&@stdout /project/openlane/user_project_wrapper/runs/user_project_wrapper/logs/routing/or_antenna.log"

Sat Nov 28 14:43:27 UTC 2020 - Executing "python3 /openLANE_flow/report_generation_wrapper.py -d /project/openlane/user_project_wrapper -dn user_project_wrapper -t user_project_wrapper -o /project/openlane/user_project_wrapper/runs/user_project_wrapper/reports/final_summary_report.csv -r /project/openlane/user_project_wrapper/runs/user_project_wrapper"

