
 /----------------------------------------------------------------------------\
 |                                                                            |
 |  yosys -- Yosys Open SYnthesis Suite                                       |
 |                                                                            |
 |  Copyright (C) 2012 - 2020  Claire Wolf <claire@symbioticeda.com>          |
 |                                                                            |
 |  Permission to use, copy, modify, and/or distribute this software for any  |
 |  purpose with or without fee is hereby granted, provided that the above    |
 |  copyright notice and this permission notice appear in all copies.         |
 |                                                                            |
 |  THE SOFTWARE IS PROVIDED "AS IS" AND THE AUTHOR DISCLAIMS ALL WARRANTIES  |
 |  WITH REGARD TO THIS SOFTWARE INCLUDING ALL IMPLIED WARRANTIES OF          |
 |  MERCHANTABILITY AND FITNESS. IN NO EVENT SHALL THE AUTHOR BE LIABLE FOR   |
 |  ANY SPECIAL, DIRECT, INDIRECT, OR CONSEQUENTIAL DAMAGES OR ANY DAMAGES    |
 |  WHATSOEVER RESULTING FROM LOSS OF USE, DATA OR PROFITS, WHETHER IN AN     |
 |  ACTION OF CONTRACT, NEGLIGENCE OR OTHER TORTIOUS ACTION, ARISING OUT OF   |
 |  OR IN CONNECTION WITH THE USE OR PERFORMANCE OF THIS SOFTWARE.            |
 |                                                                            |
 \----------------------------------------------------------------------------/

 Yosys 0.9+3621 (git sha1 84e9fa7, gcc 8.3.1 -fPIC -Os)

[TCL: yosys -import] Command name collision: found pre-existing command `cd' -> skip.
[TCL: yosys -import] Command name collision: found pre-existing command `eval' -> skip.
[TCL: yosys -import] Command name collision: found pre-existing command `exec' -> skip.
[TCL: yosys -import] Command name collision: found pre-existing command `read' -> skip.
[TCL: yosys -import] Command name collision: found pre-existing command `trace' -> skip.

1. Executing Verilog-2005 frontend: /project/openlane/user_project_wrapper/runs/user_project_wrapper/results/lvs/user_project_wrapper.lvs.powered.v
Parsing Verilog input from `/project/openlane/user_project_wrapper/runs/user_project_wrapper/results/lvs/user_project_wrapper.lvs.powered.v' to AST representation.
Generating RTLIL representation for module `\user_project_wrapper'.
/project/openlane/user_project_wrapper/runs/user_project_wrapper/results/lvs/user_project_wrapper.lvs.powered.v:55: Warning: Identifier `\_0097_' is implicitly declared.
/project/openlane/user_project_wrapper/runs/user_project_wrapper/results/lvs/user_project_wrapper.lvs.powered.v:62: Warning: Identifier `\_0098_' is implicitly declared.
/project/openlane/user_project_wrapper/runs/user_project_wrapper/results/lvs/user_project_wrapper.lvs.powered.v:66: Warning: Identifier `\_0099_' is implicitly declared.
/project/openlane/user_project_wrapper/runs/user_project_wrapper/results/lvs/user_project_wrapper.lvs.powered.v:70: Warning: Identifier `\_0100_' is implicitly declared.
/project/openlane/user_project_wrapper/runs/user_project_wrapper/results/lvs/user_project_wrapper.lvs.powered.v:78: Warning: Identifier `\_0101_' is implicitly declared.
/project/openlane/user_project_wrapper/runs/user_project_wrapper/results/lvs/user_project_wrapper.lvs.powered.v:83: Warning: Identifier `\_0102_' is implicitly declared.
/project/openlane/user_project_wrapper/runs/user_project_wrapper/results/lvs/user_project_wrapper.lvs.powered.v:87: Warning: Identifier `\_0103_' is implicitly declared.
/project/openlane/user_project_wrapper/runs/user_project_wrapper/results/lvs/user_project_wrapper.lvs.powered.v:91: Warning: Identifier `\_0104_' is implicitly declared.
/project/openlane/user_project_wrapper/runs/user_project_wrapper/results/lvs/user_project_wrapper.lvs.powered.v:95: Warning: Identifier `\_0105_' is implicitly declared.
/project/openlane/user_project_wrapper/runs/user_project_wrapper/results/lvs/user_project_wrapper.lvs.powered.v:99: Warning: Identifier `\_0106_' is implicitly declared.
/project/openlane/user_project_wrapper/runs/user_project_wrapper/results/lvs/user_project_wrapper.lvs.powered.v:103: Warning: Identifier `\_0107_' is implicitly declared.
/project/openlane/user_project_wrapper/runs/user_project_wrapper/results/lvs/user_project_wrapper.lvs.powered.v:107: Warning: Identifier `\_0108_' is implicitly declared.
/project/openlane/user_project_wrapper/runs/user_project_wrapper/results/lvs/user_project_wrapper.lvs.powered.v:114: Warning: Identifier `\_0109_' is implicitly declared.
/project/openlane/user_project_wrapper/runs/user_project_wrapper/results/lvs/user_project_wrapper.lvs.powered.v:118: Warning: Identifier `\_0110_' is implicitly declared.
/project/openlane/user_project_wrapper/runs/user_project_wrapper/results/lvs/user_project_wrapper.lvs.powered.v:122: Warning: Identifier `\_0111_' is implicitly declared.
/project/openlane/user_project_wrapper/runs/user_project_wrapper/results/lvs/user_project_wrapper.lvs.powered.v:127: Warning: Identifier `\_0112_' is implicitly declared.
/project/openlane/user_project_wrapper/runs/user_project_wrapper/results/lvs/user_project_wrapper.lvs.powered.v:131: Warning: Identifier `\_0113_' is implicitly declared.
/project/openlane/user_project_wrapper/runs/user_project_wrapper/results/lvs/user_project_wrapper.lvs.powered.v:135: Warning: Identifier `\_0114_' is implicitly declared.
/project/openlane/user_project_wrapper/runs/user_project_wrapper/results/lvs/user_project_wrapper.lvs.powered.v:139: Warning: Identifier `\_0115_' is implicitly declared.
/project/openlane/user_project_wrapper/runs/user_project_wrapper/results/lvs/user_project_wrapper.lvs.powered.v:143: Warning: Identifier `\_0116_' is implicitly declared.
/project/openlane/user_project_wrapper/runs/user_project_wrapper/results/lvs/user_project_wrapper.lvs.powered.v:147: Warning: Identifier `\_0117_' is implicitly declared.
/project/openlane/user_project_wrapper/runs/user_project_wrapper/results/lvs/user_project_wrapper.lvs.powered.v:151: Warning: Identifier `\_0118_' is implicitly declared.
/project/openlane/user_project_wrapper/runs/user_project_wrapper/results/lvs/user_project_wrapper.lvs.powered.v:155: Warning: Identifier `\_0119_' is implicitly declared.
/project/openlane/user_project_wrapper/runs/user_project_wrapper/results/lvs/user_project_wrapper.lvs.powered.v:160: Warning: Identifier `\_0120_' is implicitly declared.
/project/openlane/user_project_wrapper/runs/user_project_wrapper/results/lvs/user_project_wrapper.lvs.powered.v:164: Warning: Identifier `\_0121_' is implicitly declared.
/project/openlane/user_project_wrapper/runs/user_project_wrapper/results/lvs/user_project_wrapper.lvs.powered.v:168: Warning: Identifier `\_0122_' is implicitly declared.
/project/openlane/user_project_wrapper/runs/user_project_wrapper/results/lvs/user_project_wrapper.lvs.powered.v:172: Warning: Identifier `\_0123_' is implicitly declared.
/project/openlane/user_project_wrapper/runs/user_project_wrapper/results/lvs/user_project_wrapper.lvs.powered.v:176: Warning: Identifier `\_0124_' is implicitly declared.
/project/openlane/user_project_wrapper/runs/user_project_wrapper/results/lvs/user_project_wrapper.lvs.powered.v:183: Warning: Identifier `\_0125_' is implicitly declared.
/project/openlane/user_project_wrapper/runs/user_project_wrapper/results/lvs/user_project_wrapper.lvs.powered.v:187: Warning: Identifier `\_0126_' is implicitly declared.
/project/openlane/user_project_wrapper/runs/user_project_wrapper/results/lvs/user_project_wrapper.lvs.powered.v:191: Warning: Identifier `\_0127_' is implicitly declared.
/project/openlane/user_project_wrapper/runs/user_project_wrapper/results/lvs/user_project_wrapper.lvs.powered.v:195: Warning: Identifier `\_0128_' is implicitly declared.
/project/openlane/user_project_wrapper/runs/user_project_wrapper/results/lvs/user_project_wrapper.lvs.powered.v:199: Warning: Identifier `\_0129_' is implicitly declared.
/project/openlane/user_project_wrapper/runs/user_project_wrapper/results/lvs/user_project_wrapper.lvs.powered.v:206: Warning: Identifier `\_0130_' is implicitly declared.
/project/openlane/user_project_wrapper/runs/user_project_wrapper/results/lvs/user_project_wrapper.lvs.powered.v:210: Warning: Identifier `\_0131_' is implicitly declared.
/project/openlane/user_project_wrapper/runs/user_project_wrapper/results/lvs/user_project_wrapper.lvs.powered.v:214: Warning: Identifier `\_0132_' is implicitly declared.
/project/openlane/user_project_wrapper/runs/user_project_wrapper/results/lvs/user_project_wrapper.lvs.powered.v:218: Warning: Identifier `\_0133_' is implicitly declared.
/project/openlane/user_project_wrapper/runs/user_project_wrapper/results/lvs/user_project_wrapper.lvs.powered.v:222: Warning: Identifier `\_0134_' is implicitly declared.
/project/openlane/user_project_wrapper/runs/user_project_wrapper/results/lvs/user_project_wrapper.lvs.powered.v:227: Warning: Identifier `\_0135_' is implicitly declared.
/project/openlane/user_project_wrapper/runs/user_project_wrapper/results/lvs/user_project_wrapper.lvs.powered.v:231: Warning: Identifier `\_0136_' is implicitly declared.
/project/openlane/user_project_wrapper/runs/user_project_wrapper/results/lvs/user_project_wrapper.lvs.powered.v:235: Warning: Identifier `\_0137_' is implicitly declared.
/project/openlane/user_project_wrapper/runs/user_project_wrapper/results/lvs/user_project_wrapper.lvs.powered.v:239: Warning: Identifier `\_0138_' is implicitly declared.
/project/openlane/user_project_wrapper/runs/user_project_wrapper/results/lvs/user_project_wrapper.lvs.powered.v:243: Warning: Identifier `\_0139_' is implicitly declared.
/project/openlane/user_project_wrapper/runs/user_project_wrapper/results/lvs/user_project_wrapper.lvs.powered.v:250: Warning: Identifier `\_0140_' is implicitly declared.
/project/openlane/user_project_wrapper/runs/user_project_wrapper/results/lvs/user_project_wrapper.lvs.powered.v:257: Warning: Identifier `\_0141_' is implicitly declared.
/project/openlane/user_project_wrapper/runs/user_project_wrapper/results/lvs/user_project_wrapper.lvs.powered.v:261: Warning: Identifier `\_0142_' is implicitly declared.
/project/openlane/user_project_wrapper/runs/user_project_wrapper/results/lvs/user_project_wrapper.lvs.powered.v:265: Warning: Identifier `\_0143_' is implicitly declared.
/project/openlane/user_project_wrapper/runs/user_project_wrapper/results/lvs/user_project_wrapper.lvs.powered.v:269: Warning: Identifier `\_0144_' is implicitly declared.
/project/openlane/user_project_wrapper/runs/user_project_wrapper/results/lvs/user_project_wrapper.lvs.powered.v:274: Warning: Identifier `\_0145_' is implicitly declared.
/project/openlane/user_project_wrapper/runs/user_project_wrapper/results/lvs/user_project_wrapper.lvs.powered.v:278: Warning: Identifier `\_0146_' is implicitly declared.
/project/openlane/user_project_wrapper/runs/user_project_wrapper/results/lvs/user_project_wrapper.lvs.powered.v:282: Warning: Identifier `\_0147_' is implicitly declared.
/project/openlane/user_project_wrapper/runs/user_project_wrapper/results/lvs/user_project_wrapper.lvs.powered.v:286: Warning: Identifier `\_0148_' is implicitly declared.
/project/openlane/user_project_wrapper/runs/user_project_wrapper/results/lvs/user_project_wrapper.lvs.powered.v:290: Warning: Identifier `\_0149_' is implicitly declared.
/project/openlane/user_project_wrapper/runs/user_project_wrapper/results/lvs/user_project_wrapper.lvs.powered.v:294: Warning: Identifier `\_0150_' is implicitly declared.
/project/openlane/user_project_wrapper/runs/user_project_wrapper/results/lvs/user_project_wrapper.lvs.powered.v:301: Warning: Identifier `\_0151_' is implicitly declared.
/project/openlane/user_project_wrapper/runs/user_project_wrapper/results/lvs/user_project_wrapper.lvs.powered.v:308: Warning: Identifier `\_0152_' is implicitly declared.
/project/openlane/user_project_wrapper/runs/user_project_wrapper/results/lvs/user_project_wrapper.lvs.powered.v:313: Warning: Identifier `\_0153_' is implicitly declared.
/project/openlane/user_project_wrapper/runs/user_project_wrapper/results/lvs/user_project_wrapper.lvs.powered.v:318: Warning: Identifier `\_0154_' is implicitly declared.
/project/openlane/user_project_wrapper/runs/user_project_wrapper/results/lvs/user_project_wrapper.lvs.powered.v:323: Warning: Identifier `\_0155_' is implicitly declared.
/project/openlane/user_project_wrapper/runs/user_project_wrapper/results/lvs/user_project_wrapper.lvs.powered.v:327: Warning: Identifier `\_0156_' is implicitly declared.
/project/openlane/user_project_wrapper/runs/user_project_wrapper/results/lvs/user_project_wrapper.lvs.powered.v:332: Warning: Identifier `\_0157_' is implicitly declared.
/project/openlane/user_project_wrapper/runs/user_project_wrapper/results/lvs/user_project_wrapper.lvs.powered.v:336: Warning: Identifier `\_0158_' is implicitly declared.
/project/openlane/user_project_wrapper/runs/user_project_wrapper/results/lvs/user_project_wrapper.lvs.powered.v:341: Warning: Identifier `\_0159_' is implicitly declared.
/project/openlane/user_project_wrapper/runs/user_project_wrapper/results/lvs/user_project_wrapper.lvs.powered.v:348: Warning: Identifier `\_0160_' is implicitly declared.
/project/openlane/user_project_wrapper/runs/user_project_wrapper/results/lvs/user_project_wrapper.lvs.powered.v:353: Warning: Identifier `\_0161_' is implicitly declared.
/project/openlane/user_project_wrapper/runs/user_project_wrapper/results/lvs/user_project_wrapper.lvs.powered.v:358: Warning: Identifier `\_0162_' is implicitly declared.
/project/openlane/user_project_wrapper/runs/user_project_wrapper/results/lvs/user_project_wrapper.lvs.powered.v:362: Warning: Identifier `\_0163_' is implicitly declared.
/project/openlane/user_project_wrapper/runs/user_project_wrapper/results/lvs/user_project_wrapper.lvs.powered.v:367: Warning: Identifier `\_0164_' is implicitly declared.
/project/openlane/user_project_wrapper/runs/user_project_wrapper/results/lvs/user_project_wrapper.lvs.powered.v:372: Warning: Identifier `\_0165_' is implicitly declared.
/project/openlane/user_project_wrapper/runs/user_project_wrapper/results/lvs/user_project_wrapper.lvs.powered.v:379: Warning: Identifier `\_0166_' is implicitly declared.
/project/openlane/user_project_wrapper/runs/user_project_wrapper/results/lvs/user_project_wrapper.lvs.powered.v:384: Warning: Identifier `\_0167_' is implicitly declared.
/project/openlane/user_project_wrapper/runs/user_project_wrapper/results/lvs/user_project_wrapper.lvs.powered.v:389: Warning: Identifier `\_0168_' is implicitly declared.
/project/openlane/user_project_wrapper/runs/user_project_wrapper/results/lvs/user_project_wrapper.lvs.powered.v:393: Warning: Identifier `\_0169_' is implicitly declared.
/project/openlane/user_project_wrapper/runs/user_project_wrapper/results/lvs/user_project_wrapper.lvs.powered.v:398: Warning: Identifier `\_0170_' is implicitly declared.
/project/openlane/user_project_wrapper/runs/user_project_wrapper/results/lvs/user_project_wrapper.lvs.powered.v:402: Warning: Identifier `\_0171_' is implicitly declared.
/project/openlane/user_project_wrapper/runs/user_project_wrapper/results/lvs/user_project_wrapper.lvs.powered.v:407: Warning: Identifier `\_0172_' is implicitly declared.
/project/openlane/user_project_wrapper/runs/user_project_wrapper/results/lvs/user_project_wrapper.lvs.powered.v:414: Warning: Identifier `\_0173_' is implicitly declared.
/project/openlane/user_project_wrapper/runs/user_project_wrapper/results/lvs/user_project_wrapper.lvs.powered.v:419: Warning: Identifier `\_0174_' is implicitly declared.
/project/openlane/user_project_wrapper/runs/user_project_wrapper/results/lvs/user_project_wrapper.lvs.powered.v:424: Warning: Identifier `\_0175_' is implicitly declared.
/project/openlane/user_project_wrapper/runs/user_project_wrapper/results/lvs/user_project_wrapper.lvs.powered.v:429: Warning: Identifier `\_0176_' is implicitly declared.
/project/openlane/user_project_wrapper/runs/user_project_wrapper/results/lvs/user_project_wrapper.lvs.powered.v:434: Warning: Identifier `\_0177_' is implicitly declared.
/project/openlane/user_project_wrapper/runs/user_project_wrapper/results/lvs/user_project_wrapper.lvs.powered.v:441: Warning: Identifier `\_0178_' is implicitly declared.
/project/openlane/user_project_wrapper/runs/user_project_wrapper/results/lvs/user_project_wrapper.lvs.powered.v:448: Warning: Identifier `\_0179_' is implicitly declared.
/project/openlane/user_project_wrapper/runs/user_project_wrapper/results/lvs/user_project_wrapper.lvs.powered.v:453: Warning: Identifier `\_0180_' is implicitly declared.
/project/openlane/user_project_wrapper/runs/user_project_wrapper/results/lvs/user_project_wrapper.lvs.powered.v:458: Warning: Identifier `\_0181_' is implicitly declared.
/project/openlane/user_project_wrapper/runs/user_project_wrapper/results/lvs/user_project_wrapper.lvs.powered.v:463: Warning: Identifier `\_0182_' is implicitly declared.
/project/openlane/user_project_wrapper/runs/user_project_wrapper/results/lvs/user_project_wrapper.lvs.powered.v:468: Warning: Identifier `\_0183_' is implicitly declared.
/project/openlane/user_project_wrapper/runs/user_project_wrapper/results/lvs/user_project_wrapper.lvs.powered.v:475: Warning: Identifier `\_0184_' is implicitly declared.
/project/openlane/user_project_wrapper/runs/user_project_wrapper/results/lvs/user_project_wrapper.lvs.powered.v:480: Warning: Identifier `\_0185_' is implicitly declared.
/project/openlane/user_project_wrapper/runs/user_project_wrapper/results/lvs/user_project_wrapper.lvs.powered.v:485: Warning: Identifier `\_0186_' is implicitly declared.
/project/openlane/user_project_wrapper/runs/user_project_wrapper/results/lvs/user_project_wrapper.lvs.powered.v:490: Warning: Identifier `\_0187_' is implicitly declared.
/project/openlane/user_project_wrapper/runs/user_project_wrapper/results/lvs/user_project_wrapper.lvs.powered.v:495: Warning: Identifier `\_0188_' is implicitly declared.
/project/openlane/user_project_wrapper/runs/user_project_wrapper/results/lvs/user_project_wrapper.lvs.powered.v:502: Warning: Identifier `\_0189_' is implicitly declared.
/project/openlane/user_project_wrapper/runs/user_project_wrapper/results/lvs/user_project_wrapper.lvs.powered.v:507: Warning: Identifier `\_0190_' is implicitly declared.
/project/openlane/user_project_wrapper/runs/user_project_wrapper/results/lvs/user_project_wrapper.lvs.powered.v:512: Warning: Identifier `\_0191_' is implicitly declared.
/project/openlane/user_project_wrapper/runs/user_project_wrapper/results/lvs/user_project_wrapper.lvs.powered.v:517: Warning: Identifier `\_0192_' is implicitly declared.
/project/openlane/user_project_wrapper/runs/user_project_wrapper/results/lvs/user_project_wrapper.lvs.powered.v:522: Warning: Identifier `\_0193_' is implicitly declared.
/project/openlane/user_project_wrapper/runs/user_project_wrapper/results/lvs/user_project_wrapper.lvs.powered.v:529: Warning: Identifier `\_0194_' is implicitly declared.
/project/openlane/user_project_wrapper/runs/user_project_wrapper/results/lvs/user_project_wrapper.lvs.powered.v:534: Warning: Identifier `\_0195_' is implicitly declared.
/project/openlane/user_project_wrapper/runs/user_project_wrapper/results/lvs/user_project_wrapper.lvs.powered.v:539: Warning: Identifier `\_0196_' is implicitly declared.
/project/openlane/user_project_wrapper/runs/user_project_wrapper/results/lvs/user_project_wrapper.lvs.powered.v:544: Warning: Identifier `\_0197_' is implicitly declared.
/project/openlane/user_project_wrapper/runs/user_project_wrapper/results/lvs/user_project_wrapper.lvs.powered.v:549: Warning: Identifier `\_0198_' is implicitly declared.
/project/openlane/user_project_wrapper/runs/user_project_wrapper/results/lvs/user_project_wrapper.lvs.powered.v:556: Warning: Identifier `\_0199_' is implicitly declared.
/project/openlane/user_project_wrapper/runs/user_project_wrapper/results/lvs/user_project_wrapper.lvs.powered.v:563: Warning: Identifier `\_0200_' is implicitly declared.
/project/openlane/user_project_wrapper/runs/user_project_wrapper/results/lvs/user_project_wrapper.lvs.powered.v:568: Warning: Identifier `\_0201_' is implicitly declared.
/project/openlane/user_project_wrapper/runs/user_project_wrapper/results/lvs/user_project_wrapper.lvs.powered.v:572: Warning: Identifier `\_0202_' is implicitly declared.
/project/openlane/user_project_wrapper/runs/user_project_wrapper/results/lvs/user_project_wrapper.lvs.powered.v:579: Warning: Identifier `\_0203_' is implicitly declared.
/project/openlane/user_project_wrapper/runs/user_project_wrapper/results/lvs/user_project_wrapper.lvs.powered.v:586: Warning: Identifier `\_0204_' is implicitly declared.
/project/openlane/user_project_wrapper/runs/user_project_wrapper/results/lvs/user_project_wrapper.lvs.powered.v:592: Warning: Identifier `\_0205_' is implicitly declared.
/project/openlane/user_project_wrapper/runs/user_project_wrapper/results/lvs/user_project_wrapper.lvs.powered.v:597: Warning: Identifier `\_0206_' is implicitly declared.
/project/openlane/user_project_wrapper/runs/user_project_wrapper/results/lvs/user_project_wrapper.lvs.powered.v:602: Warning: Identifier `\_0207_' is implicitly declared.
/project/openlane/user_project_wrapper/runs/user_project_wrapper/results/lvs/user_project_wrapper.lvs.powered.v:606: Warning: Identifier `\_0208_' is implicitly declared.
/project/openlane/user_project_wrapper/runs/user_project_wrapper/results/lvs/user_project_wrapper.lvs.powered.v:610: Warning: Identifier `\_0209_' is implicitly declared.
/project/openlane/user_project_wrapper/runs/user_project_wrapper/results/lvs/user_project_wrapper.lvs.powered.v:616: Warning: Identifier `\_0210_' is implicitly declared.
/project/openlane/user_project_wrapper/runs/user_project_wrapper/results/lvs/user_project_wrapper.lvs.powered.v:622: Warning: Identifier `\_0095_' is implicitly declared.
/project/openlane/user_project_wrapper/runs/user_project_wrapper/results/lvs/user_project_wrapper.lvs.powered.v:627: Warning: Identifier `\_0211_' is implicitly declared.
/project/openlane/user_project_wrapper/runs/user_project_wrapper/results/lvs/user_project_wrapper.lvs.powered.v:634: Warning: Identifier `\_0212_' is implicitly declared.
/project/openlane/user_project_wrapper/runs/user_project_wrapper/results/lvs/user_project_wrapper.lvs.powered.v:638: Warning: Identifier `\_0213_' is implicitly declared.
/project/openlane/user_project_wrapper/runs/user_project_wrapper/results/lvs/user_project_wrapper.lvs.powered.v:642: Warning: Identifier `\_0214_' is implicitly declared.
/project/openlane/user_project_wrapper/runs/user_project_wrapper/results/lvs/user_project_wrapper.lvs.powered.v:647: Warning: Identifier `\_0215_' is implicitly declared.
/project/openlane/user_project_wrapper/runs/user_project_wrapper/results/lvs/user_project_wrapper.lvs.powered.v:652: Warning: Identifier `\_0216_' is implicitly declared.
/project/openlane/user_project_wrapper/runs/user_project_wrapper/results/lvs/user_project_wrapper.lvs.powered.v:658: Warning: Identifier `\_0094_' is implicitly declared.
/project/openlane/user_project_wrapper/runs/user_project_wrapper/results/lvs/user_project_wrapper.lvs.powered.v:663: Warning: Identifier `\_0217_' is implicitly declared.
/project/openlane/user_project_wrapper/runs/user_project_wrapper/results/lvs/user_project_wrapper.lvs.powered.v:668: Warning: Identifier `\_0218_' is implicitly declared.
/project/openlane/user_project_wrapper/runs/user_project_wrapper/results/lvs/user_project_wrapper.lvs.powered.v:674: Warning: Identifier `\_0219_' is implicitly declared.
/project/openlane/user_project_wrapper/runs/user_project_wrapper/results/lvs/user_project_wrapper.lvs.powered.v:680: Warning: Identifier `\_0093_' is implicitly declared.
/project/openlane/user_project_wrapper/runs/user_project_wrapper/results/lvs/user_project_wrapper.lvs.powered.v:686: Warning: Identifier `\_0220_' is implicitly declared.
/project/openlane/user_project_wrapper/runs/user_project_wrapper/results/lvs/user_project_wrapper.lvs.powered.v:690: Warning: Identifier `\_0221_' is implicitly declared.
/project/openlane/user_project_wrapper/runs/user_project_wrapper/results/lvs/user_project_wrapper.lvs.powered.v:695: Warning: Identifier `\_0222_' is implicitly declared.
/project/openlane/user_project_wrapper/runs/user_project_wrapper/results/lvs/user_project_wrapper.lvs.powered.v:703: Warning: Identifier `\_0223_' is implicitly declared.
/project/openlane/user_project_wrapper/runs/user_project_wrapper/results/lvs/user_project_wrapper.lvs.powered.v:708: Warning: Identifier `\_0224_' is implicitly declared.
/project/openlane/user_project_wrapper/runs/user_project_wrapper/results/lvs/user_project_wrapper.lvs.powered.v:713: Warning: Identifier `\_0225_' is implicitly declared.
/project/openlane/user_project_wrapper/runs/user_project_wrapper/results/lvs/user_project_wrapper.lvs.powered.v:719: Warning: Identifier `\_0092_' is implicitly declared.
/project/openlane/user_project_wrapper/runs/user_project_wrapper/results/lvs/user_project_wrapper.lvs.powered.v:724: Warning: Identifier `\_0226_' is implicitly declared.
/project/openlane/user_project_wrapper/runs/user_project_wrapper/results/lvs/user_project_wrapper.lvs.powered.v:728: Warning: Identifier `\_0227_' is implicitly declared.
/project/openlane/user_project_wrapper/runs/user_project_wrapper/results/lvs/user_project_wrapper.lvs.powered.v:736: Warning: Identifier `\_0228_' is implicitly declared.
/project/openlane/user_project_wrapper/runs/user_project_wrapper/results/lvs/user_project_wrapper.lvs.powered.v:741: Warning: Identifier `\_0091_' is implicitly declared.
/project/openlane/user_project_wrapper/runs/user_project_wrapper/results/lvs/user_project_wrapper.lvs.powered.v:746: Warning: Identifier `\_0229_' is implicitly declared.
/project/openlane/user_project_wrapper/runs/user_project_wrapper/results/lvs/user_project_wrapper.lvs.powered.v:753: Warning: Identifier `\_0230_' is implicitly declared.
/project/openlane/user_project_wrapper/runs/user_project_wrapper/results/lvs/user_project_wrapper.lvs.powered.v:758: Warning: Identifier `\_0231_' is implicitly declared.
/project/openlane/user_project_wrapper/runs/user_project_wrapper/results/lvs/user_project_wrapper.lvs.powered.v:763: Warning: Identifier `\_0232_' is implicitly declared.
/project/openlane/user_project_wrapper/runs/user_project_wrapper/results/lvs/user_project_wrapper.lvs.powered.v:769: Warning: Identifier `\_0090_' is implicitly declared.
/project/openlane/user_project_wrapper/runs/user_project_wrapper/results/lvs/user_project_wrapper.lvs.powered.v:774: Warning: Identifier `\_0233_' is implicitly declared.
/project/openlane/user_project_wrapper/runs/user_project_wrapper/results/lvs/user_project_wrapper.lvs.powered.v:779: Warning: Identifier `\_0234_' is implicitly declared.
/project/openlane/user_project_wrapper/runs/user_project_wrapper/results/lvs/user_project_wrapper.lvs.powered.v:785: Warning: Identifier `\_0235_' is implicitly declared.
/project/openlane/user_project_wrapper/runs/user_project_wrapper/results/lvs/user_project_wrapper.lvs.powered.v:791: Warning: Identifier `\_0089_' is implicitly declared.
/project/openlane/user_project_wrapper/runs/user_project_wrapper/results/lvs/user_project_wrapper.lvs.powered.v:795: Warning: Identifier `\_0236_' is implicitly declared.
/project/openlane/user_project_wrapper/runs/user_project_wrapper/results/lvs/user_project_wrapper.lvs.powered.v:802: Warning: Identifier `\_0237_' is implicitly declared.
/project/openlane/user_project_wrapper/runs/user_project_wrapper/results/lvs/user_project_wrapper.lvs.powered.v:806: Warning: Identifier `\_0238_' is implicitly declared.
/project/openlane/user_project_wrapper/runs/user_project_wrapper/results/lvs/user_project_wrapper.lvs.powered.v:810: Warning: Identifier `\_0239_' is implicitly declared.
/project/openlane/user_project_wrapper/runs/user_project_wrapper/results/lvs/user_project_wrapper.lvs.powered.v:815: Warning: Identifier `\_0240_' is implicitly declared.
/project/openlane/user_project_wrapper/runs/user_project_wrapper/results/lvs/user_project_wrapper.lvs.powered.v:819: Warning: Identifier `\_0241_' is implicitly declared.
/project/openlane/user_project_wrapper/runs/user_project_wrapper/results/lvs/user_project_wrapper.lvs.powered.v:824: Warning: Identifier `\_0242_' is implicitly declared.
/project/openlane/user_project_wrapper/runs/user_project_wrapper/results/lvs/user_project_wrapper.lvs.powered.v:828: Warning: Identifier `\_0243_' is implicitly declared.
/project/openlane/user_project_wrapper/runs/user_project_wrapper/results/lvs/user_project_wrapper.lvs.powered.v:833: Warning: Identifier `\_0244_' is implicitly declared.
/project/openlane/user_project_wrapper/runs/user_project_wrapper/results/lvs/user_project_wrapper.lvs.powered.v:839: Warning: Identifier `\_0245_' is implicitly declared.
/project/openlane/user_project_wrapper/runs/user_project_wrapper/results/lvs/user_project_wrapper.lvs.powered.v:844: Warning: Identifier `\_0246_' is implicitly declared.
/project/openlane/user_project_wrapper/runs/user_project_wrapper/results/lvs/user_project_wrapper.lvs.powered.v:848: Warning: Identifier `\_0247_' is implicitly declared.
/project/openlane/user_project_wrapper/runs/user_project_wrapper/results/lvs/user_project_wrapper.lvs.powered.v:853: Warning: Identifier `\_0248_' is implicitly declared.
/project/openlane/user_project_wrapper/runs/user_project_wrapper/results/lvs/user_project_wrapper.lvs.powered.v:858: Warning: Identifier `\_0249_' is implicitly declared.
/project/openlane/user_project_wrapper/runs/user_project_wrapper/results/lvs/user_project_wrapper.lvs.powered.v:864: Warning: Identifier `\_0250_' is implicitly declared.
/project/openlane/user_project_wrapper/runs/user_project_wrapper/results/lvs/user_project_wrapper.lvs.powered.v:870: Warning: Identifier `\_0088_' is implicitly declared.
/project/openlane/user_project_wrapper/runs/user_project_wrapper/results/lvs/user_project_wrapper.lvs.powered.v:874: Warning: Identifier `\_0251_' is implicitly declared.
/project/openlane/user_project_wrapper/runs/user_project_wrapper/results/lvs/user_project_wrapper.lvs.powered.v:879: Warning: Identifier `\_0252_' is implicitly declared.
/project/openlane/user_project_wrapper/runs/user_project_wrapper/results/lvs/user_project_wrapper.lvs.powered.v:884: Warning: Identifier `\_0253_' is implicitly declared.
/project/openlane/user_project_wrapper/runs/user_project_wrapper/results/lvs/user_project_wrapper.lvs.powered.v:888: Warning: Identifier `\_0254_' is implicitly declared.
/project/openlane/user_project_wrapper/runs/user_project_wrapper/results/lvs/user_project_wrapper.lvs.powered.v:894: Warning: Identifier `\_0255_' is implicitly declared.
/project/openlane/user_project_wrapper/runs/user_project_wrapper/results/lvs/user_project_wrapper.lvs.powered.v:900: Warning: Identifier `\_0087_' is implicitly declared.
/project/openlane/user_project_wrapper/runs/user_project_wrapper/results/lvs/user_project_wrapper.lvs.powered.v:905: Warning: Identifier `\_0256_' is implicitly declared.
/project/openlane/user_project_wrapper/runs/user_project_wrapper/results/lvs/user_project_wrapper.lvs.powered.v:912: Warning: Identifier `\_0257_' is implicitly declared.
/project/openlane/user_project_wrapper/runs/user_project_wrapper/results/lvs/user_project_wrapper.lvs.powered.v:917: Warning: Identifier `\_0258_' is implicitly declared.
/project/openlane/user_project_wrapper/runs/user_project_wrapper/results/lvs/user_project_wrapper.lvs.powered.v:922: Warning: Identifier `\_0259_' is implicitly declared.
/project/openlane/user_project_wrapper/runs/user_project_wrapper/results/lvs/user_project_wrapper.lvs.powered.v:928: Warning: Identifier `\_0086_' is implicitly declared.
/project/openlane/user_project_wrapper/runs/user_project_wrapper/results/lvs/user_project_wrapper.lvs.powered.v:933: Warning: Identifier `\_0260_' is implicitly declared.
/project/openlane/user_project_wrapper/runs/user_project_wrapper/results/lvs/user_project_wrapper.lvs.powered.v:938: Warning: Identifier `\_0261_' is implicitly declared.
/project/openlane/user_project_wrapper/runs/user_project_wrapper/results/lvs/user_project_wrapper.lvs.powered.v:944: Warning: Identifier `\_0262_' is implicitly declared.
/project/openlane/user_project_wrapper/runs/user_project_wrapper/results/lvs/user_project_wrapper.lvs.powered.v:950: Warning: Identifier `\_0085_' is implicitly declared.
/project/openlane/user_project_wrapper/runs/user_project_wrapper/results/lvs/user_project_wrapper.lvs.powered.v:956: Warning: Identifier `\_0263_' is implicitly declared.
/project/openlane/user_project_wrapper/runs/user_project_wrapper/results/lvs/user_project_wrapper.lvs.powered.v:961: Warning: Identifier `\_0264_' is implicitly declared.
/project/openlane/user_project_wrapper/runs/user_project_wrapper/results/lvs/user_project_wrapper.lvs.powered.v:965: Warning: Identifier `\_0265_' is implicitly declared.
/project/openlane/user_project_wrapper/runs/user_project_wrapper/results/lvs/user_project_wrapper.lvs.powered.v:972: Warning: Identifier `\_0266_' is implicitly declared.
/project/openlane/user_project_wrapper/runs/user_project_wrapper/results/lvs/user_project_wrapper.lvs.powered.v:977: Warning: Identifier `\_0267_' is implicitly declared.
/project/openlane/user_project_wrapper/runs/user_project_wrapper/results/lvs/user_project_wrapper.lvs.powered.v:982: Warning: Identifier `\_0268_' is implicitly declared.
/project/openlane/user_project_wrapper/runs/user_project_wrapper/results/lvs/user_project_wrapper.lvs.powered.v:988: Warning: Identifier `\_0084_' is implicitly declared.
/project/openlane/user_project_wrapper/runs/user_project_wrapper/results/lvs/user_project_wrapper.lvs.powered.v:992: Warning: Identifier `\_0269_' is implicitly declared.
/project/openlane/user_project_wrapper/runs/user_project_wrapper/results/lvs/user_project_wrapper.lvs.powered.v:997: Warning: Identifier `\_0270_' is implicitly declared.
/project/openlane/user_project_wrapper/runs/user_project_wrapper/results/lvs/user_project_wrapper.lvs.powered.v:1001: Warning: Identifier `\_0271_' is implicitly declared.
/project/openlane/user_project_wrapper/runs/user_project_wrapper/results/lvs/user_project_wrapper.lvs.powered.v:1009: Warning: Identifier `\_0272_' is implicitly declared.
/project/openlane/user_project_wrapper/runs/user_project_wrapper/results/lvs/user_project_wrapper.lvs.powered.v:1014: Warning: Identifier `\_0083_' is implicitly declared.
/project/openlane/user_project_wrapper/runs/user_project_wrapper/results/lvs/user_project_wrapper.lvs.powered.v:1019: Warning: Identifier `\_0273_' is implicitly declared.
/project/openlane/user_project_wrapper/runs/user_project_wrapper/results/lvs/user_project_wrapper.lvs.powered.v:1026: Warning: Identifier `\_0274_' is implicitly declared.
/project/openlane/user_project_wrapper/runs/user_project_wrapper/results/lvs/user_project_wrapper.lvs.powered.v:1030: Warning: Identifier `\_0275_' is implicitly declared.
/project/openlane/user_project_wrapper/runs/user_project_wrapper/results/lvs/user_project_wrapper.lvs.powered.v:1035: Warning: Identifier `\_0276_' is implicitly declared.
/project/openlane/user_project_wrapper/runs/user_project_wrapper/results/lvs/user_project_wrapper.lvs.powered.v:1040: Warning: Identifier `\_0277_' is implicitly declared.
/project/openlane/user_project_wrapper/runs/user_project_wrapper/results/lvs/user_project_wrapper.lvs.powered.v:1046: Warning: Identifier `\_0082_' is implicitly declared.
/project/openlane/user_project_wrapper/runs/user_project_wrapper/results/lvs/user_project_wrapper.lvs.powered.v:1051: Warning: Identifier `\_0278_' is implicitly declared.
/project/openlane/user_project_wrapper/runs/user_project_wrapper/results/lvs/user_project_wrapper.lvs.powered.v:1056: Warning: Identifier `\_0279_' is implicitly declared.
/project/openlane/user_project_wrapper/runs/user_project_wrapper/results/lvs/user_project_wrapper.lvs.powered.v:1062: Warning: Identifier `\_0280_' is implicitly declared.
/project/openlane/user_project_wrapper/runs/user_project_wrapper/results/lvs/user_project_wrapper.lvs.powered.v:1068: Warning: Identifier `\_0081_' is implicitly declared.
/project/openlane/user_project_wrapper/runs/user_project_wrapper/results/lvs/user_project_wrapper.lvs.powered.v:1072: Warning: Identifier `\_0281_' is implicitly declared.
/project/openlane/user_project_wrapper/runs/user_project_wrapper/results/lvs/user_project_wrapper.lvs.powered.v:1079: Warning: Identifier `\_0282_' is implicitly declared.
/project/openlane/user_project_wrapper/runs/user_project_wrapper/results/lvs/user_project_wrapper.lvs.powered.v:1083: Warning: Identifier `\_0283_' is implicitly declared.
/project/openlane/user_project_wrapper/runs/user_project_wrapper/results/lvs/user_project_wrapper.lvs.powered.v:1088: Warning: Identifier `\_0284_' is implicitly declared.
/project/openlane/user_project_wrapper/runs/user_project_wrapper/results/lvs/user_project_wrapper.lvs.powered.v:1092: Warning: Identifier `\_0285_' is implicitly declared.
/project/openlane/user_project_wrapper/runs/user_project_wrapper/results/lvs/user_project_wrapper.lvs.powered.v:1097: Warning: Identifier `\_0286_' is implicitly declared.
/project/openlane/user_project_wrapper/runs/user_project_wrapper/results/lvs/user_project_wrapper.lvs.powered.v:1104: Warning: Identifier `\_0287_' is implicitly declared.
/project/openlane/user_project_wrapper/runs/user_project_wrapper/results/lvs/user_project_wrapper.lvs.powered.v:1109: Warning: Identifier `\_0288_' is implicitly declared.
/project/openlane/user_project_wrapper/runs/user_project_wrapper/results/lvs/user_project_wrapper.lvs.powered.v:1115: Warning: Identifier `\_0289_' is implicitly declared.
/project/openlane/user_project_wrapper/runs/user_project_wrapper/results/lvs/user_project_wrapper.lvs.powered.v:1119: Warning: Identifier `\_0290_' is implicitly declared.
/project/openlane/user_project_wrapper/runs/user_project_wrapper/results/lvs/user_project_wrapper.lvs.powered.v:1124: Warning: Identifier `\_0291_' is implicitly declared.
/project/openlane/user_project_wrapper/runs/user_project_wrapper/results/lvs/user_project_wrapper.lvs.powered.v:1129: Warning: Identifier `\_0292_' is implicitly declared.
/project/openlane/user_project_wrapper/runs/user_project_wrapper/results/lvs/user_project_wrapper.lvs.powered.v:1135: Warning: Identifier `\_0080_' is implicitly declared.
/project/openlane/user_project_wrapper/runs/user_project_wrapper/results/lvs/user_project_wrapper.lvs.powered.v:1140: Warning: Identifier `\_0293_' is implicitly declared.
/project/openlane/user_project_wrapper/runs/user_project_wrapper/results/lvs/user_project_wrapper.lvs.powered.v:1145: Warning: Identifier `\_0294_' is implicitly declared.
/project/openlane/user_project_wrapper/runs/user_project_wrapper/results/lvs/user_project_wrapper.lvs.powered.v:1151: Warning: Identifier `\_0295_' is implicitly declared.
/project/openlane/user_project_wrapper/runs/user_project_wrapper/results/lvs/user_project_wrapper.lvs.powered.v:1156: Warning: Identifier `\_0296_' is implicitly declared.
/project/openlane/user_project_wrapper/runs/user_project_wrapper/results/lvs/user_project_wrapper.lvs.powered.v:1161: Warning: Identifier `\_0297_' is implicitly declared.
/project/openlane/user_project_wrapper/runs/user_project_wrapper/results/lvs/user_project_wrapper.lvs.powered.v:1167: Warning: Identifier `\_0079_' is implicitly declared.
/project/openlane/user_project_wrapper/runs/user_project_wrapper/results/lvs/user_project_wrapper.lvs.powered.v:1171: Warning: Identifier `\_0298_' is implicitly declared.
/project/openlane/user_project_wrapper/runs/user_project_wrapper/results/lvs/user_project_wrapper.lvs.powered.v:1175: Warning: Identifier `\_0299_' is implicitly declared.
/project/openlane/user_project_wrapper/runs/user_project_wrapper/results/lvs/user_project_wrapper.lvs.powered.v:1180: Warning: Identifier `\_0300_' is implicitly declared.
/project/openlane/user_project_wrapper/runs/user_project_wrapper/results/lvs/user_project_wrapper.lvs.powered.v:1184: Warning: Identifier `\_0301_' is implicitly declared.
/project/openlane/user_project_wrapper/runs/user_project_wrapper/results/lvs/user_project_wrapper.lvs.powered.v:1192: Warning: Identifier `\_0302_' is implicitly declared.
/project/openlane/user_project_wrapper/runs/user_project_wrapper/results/lvs/user_project_wrapper.lvs.powered.v:1197: Warning: Identifier `\_0078_' is implicitly declared.
/project/openlane/user_project_wrapper/runs/user_project_wrapper/results/lvs/user_project_wrapper.lvs.powered.v:1202: Warning: Identifier `\_0303_' is implicitly declared.
/project/openlane/user_project_wrapper/runs/user_project_wrapper/results/lvs/user_project_wrapper.lvs.powered.v:1207: Warning: Identifier `\_0304_' is implicitly declared.
/project/openlane/user_project_wrapper/runs/user_project_wrapper/results/lvs/user_project_wrapper.lvs.powered.v:1213: Warning: Identifier `\_0305_' is implicitly declared.
/project/openlane/user_project_wrapper/runs/user_project_wrapper/results/lvs/user_project_wrapper.lvs.powered.v:1219: Warning: Identifier `\_0077_' is implicitly declared.
/project/openlane/user_project_wrapper/runs/user_project_wrapper/results/lvs/user_project_wrapper.lvs.powered.v:1225: Warning: Identifier `\_0306_' is implicitly declared.
/project/openlane/user_project_wrapper/runs/user_project_wrapper/results/lvs/user_project_wrapper.lvs.powered.v:1230: Warning: Identifier `\_0307_' is implicitly declared.
/project/openlane/user_project_wrapper/runs/user_project_wrapper/results/lvs/user_project_wrapper.lvs.powered.v:1234: Warning: Identifier `\_0308_' is implicitly declared.
/project/openlane/user_project_wrapper/runs/user_project_wrapper/results/lvs/user_project_wrapper.lvs.powered.v:1241: Warning: Identifier `\_0309_' is implicitly declared.
/project/openlane/user_project_wrapper/runs/user_project_wrapper/results/lvs/user_project_wrapper.lvs.powered.v:1246: Warning: Identifier `\_0310_' is implicitly declared.
/project/openlane/user_project_wrapper/runs/user_project_wrapper/results/lvs/user_project_wrapper.lvs.powered.v:1251: Warning: Identifier `\_0311_' is implicitly declared.
/project/openlane/user_project_wrapper/runs/user_project_wrapper/results/lvs/user_project_wrapper.lvs.powered.v:1257: Warning: Identifier `\_0076_' is implicitly declared.
/project/openlane/user_project_wrapper/runs/user_project_wrapper/results/lvs/user_project_wrapper.lvs.powered.v:1261: Warning: Identifier `\_0312_' is implicitly declared.
/project/openlane/user_project_wrapper/runs/user_project_wrapper/results/lvs/user_project_wrapper.lvs.powered.v:1266: Warning: Identifier `\_0313_' is implicitly declared.
/project/openlane/user_project_wrapper/runs/user_project_wrapper/results/lvs/user_project_wrapper.lvs.powered.v:1274: Warning: Identifier `\_0314_' is implicitly declared.
/project/openlane/user_project_wrapper/runs/user_project_wrapper/results/lvs/user_project_wrapper.lvs.powered.v:1279: Warning: Identifier `\_0075_' is implicitly declared.
/project/openlane/user_project_wrapper/runs/user_project_wrapper/results/lvs/user_project_wrapper.lvs.powered.v:1284: Warning: Identifier `\_0315_' is implicitly declared.
/project/openlane/user_project_wrapper/runs/user_project_wrapper/results/lvs/user_project_wrapper.lvs.powered.v:1291: Warning: Identifier `\_0316_' is implicitly declared.
/project/openlane/user_project_wrapper/runs/user_project_wrapper/results/lvs/user_project_wrapper.lvs.powered.v:1296: Warning: Identifier `\_0317_' is implicitly declared.
/project/openlane/user_project_wrapper/runs/user_project_wrapper/results/lvs/user_project_wrapper.lvs.powered.v:1301: Warning: Identifier `\_0318_' is implicitly declared.
/project/openlane/user_project_wrapper/runs/user_project_wrapper/results/lvs/user_project_wrapper.lvs.powered.v:1307: Warning: Identifier `\_0074_' is implicitly declared.
/project/openlane/user_project_wrapper/runs/user_project_wrapper/results/lvs/user_project_wrapper.lvs.powered.v:1312: Warning: Identifier `\_0319_' is implicitly declared.
/project/openlane/user_project_wrapper/runs/user_project_wrapper/results/lvs/user_project_wrapper.lvs.powered.v:1317: Warning: Identifier `\_0320_' is implicitly declared.
/project/openlane/user_project_wrapper/runs/user_project_wrapper/results/lvs/user_project_wrapper.lvs.powered.v:1323: Warning: Identifier `\_0321_' is implicitly declared.
/project/openlane/user_project_wrapper/runs/user_project_wrapper/results/lvs/user_project_wrapper.lvs.powered.v:1329: Warning: Identifier `\_0073_' is implicitly declared.
/project/openlane/user_project_wrapper/runs/user_project_wrapper/results/lvs/user_project_wrapper.lvs.powered.v:1333: Warning: Identifier `\_0322_' is implicitly declared.
/project/openlane/user_project_wrapper/runs/user_project_wrapper/results/lvs/user_project_wrapper.lvs.powered.v:1337: Warning: Identifier `\_0323_' is implicitly declared.
/project/openlane/user_project_wrapper/runs/user_project_wrapper/results/lvs/user_project_wrapper.lvs.powered.v:1344: Warning: Identifier `\_0324_' is implicitly declared.
/project/openlane/user_project_wrapper/runs/user_project_wrapper/results/lvs/user_project_wrapper.lvs.powered.v:1348: Warning: Identifier `\_0325_' is implicitly declared.
/project/openlane/user_project_wrapper/runs/user_project_wrapper/results/lvs/user_project_wrapper.lvs.powered.v:1352: Warning: Identifier `\_0326_' is implicitly declared.
/project/openlane/user_project_wrapper/runs/user_project_wrapper/results/lvs/user_project_wrapper.lvs.powered.v:1357: Warning: Identifier `\_0327_' is implicitly declared.
/project/openlane/user_project_wrapper/runs/user_project_wrapper/results/lvs/user_project_wrapper.lvs.powered.v:1361: Warning: Identifier `\_0328_' is implicitly declared.
/project/openlane/user_project_wrapper/runs/user_project_wrapper/results/lvs/user_project_wrapper.lvs.powered.v:1366: Warning: Identifier `\_0329_' is implicitly declared.
/project/openlane/user_project_wrapper/runs/user_project_wrapper/results/lvs/user_project_wrapper.lvs.powered.v:1371: Warning: Identifier `\_0330_' is implicitly declared.
/project/openlane/user_project_wrapper/runs/user_project_wrapper/results/lvs/user_project_wrapper.lvs.powered.v:1375: Warning: Identifier `\_0331_' is implicitly declared.
/project/openlane/user_project_wrapper/runs/user_project_wrapper/results/lvs/user_project_wrapper.lvs.powered.v:1380: Warning: Identifier `\_0332_' is implicitly declared.
/project/openlane/user_project_wrapper/runs/user_project_wrapper/results/lvs/user_project_wrapper.lvs.powered.v:1384: Warning: Identifier `\_0333_' is implicitly declared.
/project/openlane/user_project_wrapper/runs/user_project_wrapper/results/lvs/user_project_wrapper.lvs.powered.v:1389: Warning: Identifier `\_0334_' is implicitly declared.
/project/openlane/user_project_wrapper/runs/user_project_wrapper/results/lvs/user_project_wrapper.lvs.powered.v:1393: Warning: Identifier `\_0335_' is implicitly declared.
/project/openlane/user_project_wrapper/runs/user_project_wrapper/results/lvs/user_project_wrapper.lvs.powered.v:1398: Warning: Identifier `\_0336_' is implicitly declared.
/project/openlane/user_project_wrapper/runs/user_project_wrapper/results/lvs/user_project_wrapper.lvs.powered.v:1403: Warning: Identifier `\_0337_' is implicitly declared.
/project/openlane/user_project_wrapper/runs/user_project_wrapper/results/lvs/user_project_wrapper.lvs.powered.v:1409: Warning: Identifier `\_0338_' is implicitly declared.
/project/openlane/user_project_wrapper/runs/user_project_wrapper/results/lvs/user_project_wrapper.lvs.powered.v:1415: Warning: Identifier `\_0072_' is implicitly declared.
/project/openlane/user_project_wrapper/runs/user_project_wrapper/results/lvs/user_project_wrapper.lvs.powered.v:1420: Warning: Identifier `\_0339_' is implicitly declared.
/project/openlane/user_project_wrapper/runs/user_project_wrapper/results/lvs/user_project_wrapper.lvs.powered.v:1425: Warning: Identifier `\_0340_' is implicitly declared.
/project/openlane/user_project_wrapper/runs/user_project_wrapper/results/lvs/user_project_wrapper.lvs.powered.v:1429: Warning: Identifier `\_0341_' is implicitly declared.
/project/openlane/user_project_wrapper/runs/user_project_wrapper/results/lvs/user_project_wrapper.lvs.powered.v:1435: Warning: Identifier `\_0342_' is implicitly declared.
/project/openlane/user_project_wrapper/runs/user_project_wrapper/results/lvs/user_project_wrapper.lvs.powered.v:1441: Warning: Identifier `\_0071_' is implicitly declared.
/project/openlane/user_project_wrapper/runs/user_project_wrapper/results/lvs/user_project_wrapper.lvs.powered.v:1446: Warning: Identifier `\_0343_' is implicitly declared.
/project/openlane/user_project_wrapper/runs/user_project_wrapper/results/lvs/user_project_wrapper.lvs.powered.v:1450: Warning: Identifier `\_0344_' is implicitly declared.
/project/openlane/user_project_wrapper/runs/user_project_wrapper/results/lvs/user_project_wrapper.lvs.powered.v:1455: Warning: Identifier `\_0345_' is implicitly declared.
/project/openlane/user_project_wrapper/runs/user_project_wrapper/results/lvs/user_project_wrapper.lvs.powered.v:1461: Warning: Identifier `\_0346_' is implicitly declared.
/project/openlane/user_project_wrapper/runs/user_project_wrapper/results/lvs/user_project_wrapper.lvs.powered.v:1467: Warning: Identifier `\_0070_' is implicitly declared.
/project/openlane/user_project_wrapper/runs/user_project_wrapper/results/lvs/user_project_wrapper.lvs.powered.v:1472: Warning: Identifier `\_0347_' is implicitly declared.
/project/openlane/user_project_wrapper/runs/user_project_wrapper/results/lvs/user_project_wrapper.lvs.powered.v:1476: Warning: Identifier `\_0348_' is implicitly declared.
/project/openlane/user_project_wrapper/runs/user_project_wrapper/results/lvs/user_project_wrapper.lvs.powered.v:1481: Warning: Identifier `\_0349_' is implicitly declared.
/project/openlane/user_project_wrapper/runs/user_project_wrapper/results/lvs/user_project_wrapper.lvs.powered.v:1487: Warning: Identifier `\_0350_' is implicitly declared.
/project/openlane/user_project_wrapper/runs/user_project_wrapper/results/lvs/user_project_wrapper.lvs.powered.v:1493: Warning: Identifier `\_0069_' is implicitly declared.
/project/openlane/user_project_wrapper/runs/user_project_wrapper/results/lvs/user_project_wrapper.lvs.powered.v:1498: Warning: Identifier `\_0351_' is implicitly declared.
/project/openlane/user_project_wrapper/runs/user_project_wrapper/results/lvs/user_project_wrapper.lvs.powered.v:1503: Warning: Identifier `\_0352_' is implicitly declared.
/project/openlane/user_project_wrapper/runs/user_project_wrapper/results/lvs/user_project_wrapper.lvs.powered.v:1507: Warning: Identifier `\_0353_' is implicitly declared.
/project/openlane/user_project_wrapper/runs/user_project_wrapper/results/lvs/user_project_wrapper.lvs.powered.v:1511: Warning: Identifier `\_0354_' is implicitly declared.
/project/openlane/user_project_wrapper/runs/user_project_wrapper/results/lvs/user_project_wrapper.lvs.powered.v:1517: Warning: Identifier `\_0355_' is implicitly declared.
/project/openlane/user_project_wrapper/runs/user_project_wrapper/results/lvs/user_project_wrapper.lvs.powered.v:1521: Warning: Identifier `\_0356_' is implicitly declared.
/project/openlane/user_project_wrapper/runs/user_project_wrapper/results/lvs/user_project_wrapper.lvs.powered.v:1529: Warning: Identifier `\_0357_' is implicitly declared.
/project/openlane/user_project_wrapper/runs/user_project_wrapper/results/lvs/user_project_wrapper.lvs.powered.v:1534: Warning: Identifier `\_0068_' is implicitly declared.
/project/openlane/user_project_wrapper/runs/user_project_wrapper/results/lvs/user_project_wrapper.lvs.powered.v:1541: Warning: Identifier `\_0358_' is implicitly declared.
/project/openlane/user_project_wrapper/runs/user_project_wrapper/results/lvs/user_project_wrapper.lvs.powered.v:1546: Warning: Identifier `\_0359_' is implicitly declared.
/project/openlane/user_project_wrapper/runs/user_project_wrapper/results/lvs/user_project_wrapper.lvs.powered.v:1551: Warning: Identifier `\_0360_' is implicitly declared.
/project/openlane/user_project_wrapper/runs/user_project_wrapper/results/lvs/user_project_wrapper.lvs.powered.v:1557: Warning: Identifier `\_0067_' is implicitly declared.
/project/openlane/user_project_wrapper/runs/user_project_wrapper/results/lvs/user_project_wrapper.lvs.powered.v:1562: Warning: Identifier `\_0361_' is implicitly declared.
/project/openlane/user_project_wrapper/runs/user_project_wrapper/results/lvs/user_project_wrapper.lvs.powered.v:1567: Warning: Identifier `\_0362_' is implicitly declared.
/project/openlane/user_project_wrapper/runs/user_project_wrapper/results/lvs/user_project_wrapper.lvs.powered.v:1573: Warning: Identifier `\_0363_' is implicitly declared.
/project/openlane/user_project_wrapper/runs/user_project_wrapper/results/lvs/user_project_wrapper.lvs.powered.v:1579: Warning: Identifier `\_0066_' is implicitly declared.
/project/openlane/user_project_wrapper/runs/user_project_wrapper/results/lvs/user_project_wrapper.lvs.powered.v:1585: Warning: Identifier `\_0364_' is implicitly declared.
/project/openlane/user_project_wrapper/runs/user_project_wrapper/results/lvs/user_project_wrapper.lvs.powered.v:1590: Warning: Identifier `\_0365_' is implicitly declared.
/project/openlane/user_project_wrapper/runs/user_project_wrapper/results/lvs/user_project_wrapper.lvs.powered.v:1595: Warning: Identifier `\_0366_' is implicitly declared.
/project/openlane/user_project_wrapper/runs/user_project_wrapper/results/lvs/user_project_wrapper.lvs.powered.v:1601: Warning: Identifier `\_0065_' is implicitly declared.
/project/openlane/user_project_wrapper/runs/user_project_wrapper/results/lvs/user_project_wrapper.lvs.powered.v:1607: Warning: Identifier `\_0367_' is implicitly declared.
/project/openlane/user_project_wrapper/runs/user_project_wrapper/results/lvs/user_project_wrapper.lvs.powered.v:1611: Warning: Identifier `\_0368_' is implicitly declared.
/project/openlane/user_project_wrapper/runs/user_project_wrapper/results/lvs/user_project_wrapper.lvs.powered.v:1615: Warning: Identifier `\_0369_' is implicitly declared.
/project/openlane/user_project_wrapper/runs/user_project_wrapper/results/lvs/user_project_wrapper.lvs.powered.v:1619: Warning: Identifier `\_0064_' is implicitly declared.
/project/openlane/user_project_wrapper/runs/user_project_wrapper/results/lvs/user_project_wrapper.lvs.powered.v:1623: Warning: Identifier `\_0370_' is implicitly declared.
/project/openlane/user_project_wrapper/runs/user_project_wrapper/results/lvs/user_project_wrapper.lvs.powered.v:1630: Warning: Identifier `\_0063_' is implicitly declared.
/project/openlane/user_project_wrapper/runs/user_project_wrapper/results/lvs/user_project_wrapper.lvs.powered.v:1637: Warning: Identifier `\_0062_' is implicitly declared.
/project/openlane/user_project_wrapper/runs/user_project_wrapper/results/lvs/user_project_wrapper.lvs.powered.v:1644: Warning: Identifier `\_0061_' is implicitly declared.
/project/openlane/user_project_wrapper/runs/user_project_wrapper/results/lvs/user_project_wrapper.lvs.powered.v:1651: Warning: Identifier `\_0060_' is implicitly declared.
/project/openlane/user_project_wrapper/runs/user_project_wrapper/results/lvs/user_project_wrapper.lvs.powered.v:1658: Warning: Identifier `\_0059_' is implicitly declared.
/project/openlane/user_project_wrapper/runs/user_project_wrapper/results/lvs/user_project_wrapper.lvs.powered.v:1665: Warning: Identifier `\_0058_' is implicitly declared.
/project/openlane/user_project_wrapper/runs/user_project_wrapper/results/lvs/user_project_wrapper.lvs.powered.v:1672: Warning: Identifier `\_0057_' is implicitly declared.
/project/openlane/user_project_wrapper/runs/user_project_wrapper/results/lvs/user_project_wrapper.lvs.powered.v:1679: Warning: Identifier `\_0056_' is implicitly declared.
/project/openlane/user_project_wrapper/runs/user_project_wrapper/results/lvs/user_project_wrapper.lvs.powered.v:1686: Warning: Identifier `\_0055_' is implicitly declared.
/project/openlane/user_project_wrapper/runs/user_project_wrapper/results/lvs/user_project_wrapper.lvs.powered.v:1693: Warning: Identifier `\_0054_' is implicitly declared.
/project/openlane/user_project_wrapper/runs/user_project_wrapper/results/lvs/user_project_wrapper.lvs.powered.v:1700: Warning: Identifier `\_0053_' is implicitly declared.
/project/openlane/user_project_wrapper/runs/user_project_wrapper/results/lvs/user_project_wrapper.lvs.powered.v:1707: Warning: Identifier `\_0052_' is implicitly declared.
/project/openlane/user_project_wrapper/runs/user_project_wrapper/results/lvs/user_project_wrapper.lvs.powered.v:1714: Warning: Identifier `\_0051_' is implicitly declared.
/project/openlane/user_project_wrapper/runs/user_project_wrapper/results/lvs/user_project_wrapper.lvs.powered.v:1721: Warning: Identifier `\_0050_' is implicitly declared.
/project/openlane/user_project_wrapper/runs/user_project_wrapper/results/lvs/user_project_wrapper.lvs.powered.v:1728: Warning: Identifier `\_0049_' is implicitly declared.
/project/openlane/user_project_wrapper/runs/user_project_wrapper/results/lvs/user_project_wrapper.lvs.powered.v:1735: Warning: Identifier `\_0048_' is implicitly declared.
/project/openlane/user_project_wrapper/runs/user_project_wrapper/results/lvs/user_project_wrapper.lvs.powered.v:1742: Warning: Identifier `\_0047_' is implicitly declared.
/project/openlane/user_project_wrapper/runs/user_project_wrapper/results/lvs/user_project_wrapper.lvs.powered.v:1749: Warning: Identifier `\_0046_' is implicitly declared.
/project/openlane/user_project_wrapper/runs/user_project_wrapper/results/lvs/user_project_wrapper.lvs.powered.v:1756: Warning: Identifier `\_0045_' is implicitly declared.
/project/openlane/user_project_wrapper/runs/user_project_wrapper/results/lvs/user_project_wrapper.lvs.powered.v:1763: Warning: Identifier `\_0044_' is implicitly declared.
/project/openlane/user_project_wrapper/runs/user_project_wrapper/results/lvs/user_project_wrapper.lvs.powered.v:1770: Warning: Identifier `\_0043_' is implicitly declared.
/project/openlane/user_project_wrapper/runs/user_project_wrapper/results/lvs/user_project_wrapper.lvs.powered.v:1777: Warning: Identifier `\_0042_' is implicitly declared.
/project/openlane/user_project_wrapper/runs/user_project_wrapper/results/lvs/user_project_wrapper.lvs.powered.v:1784: Warning: Identifier `\_0041_' is implicitly declared.
/project/openlane/user_project_wrapper/runs/user_project_wrapper/results/lvs/user_project_wrapper.lvs.powered.v:1791: Warning: Identifier `\_0040_' is implicitly declared.
/project/openlane/user_project_wrapper/runs/user_project_wrapper/results/lvs/user_project_wrapper.lvs.powered.v:1798: Warning: Identifier `\_0039_' is implicitly declared.
/project/openlane/user_project_wrapper/runs/user_project_wrapper/results/lvs/user_project_wrapper.lvs.powered.v:1805: Warning: Identifier `\_0038_' is implicitly declared.
/project/openlane/user_project_wrapper/runs/user_project_wrapper/results/lvs/user_project_wrapper.lvs.powered.v:1812: Warning: Identifier `\_0037_' is implicitly declared.
/project/openlane/user_project_wrapper/runs/user_project_wrapper/results/lvs/user_project_wrapper.lvs.powered.v:1819: Warning: Identifier `\_0036_' is implicitly declared.
/project/openlane/user_project_wrapper/runs/user_project_wrapper/results/lvs/user_project_wrapper.lvs.powered.v:1826: Warning: Identifier `\_0035_' is implicitly declared.
/project/openlane/user_project_wrapper/runs/user_project_wrapper/results/lvs/user_project_wrapper.lvs.powered.v:1833: Warning: Identifier `\_0034_' is implicitly declared.
/project/openlane/user_project_wrapper/runs/user_project_wrapper/results/lvs/user_project_wrapper.lvs.powered.v:1840: Warning: Identifier `\_0033_' is implicitly declared.
/project/openlane/user_project_wrapper/runs/user_project_wrapper/results/lvs/user_project_wrapper.lvs.powered.v:1847: Warning: Identifier `\_0032_' is implicitly declared.
/project/openlane/user_project_wrapper/runs/user_project_wrapper/results/lvs/user_project_wrapper.lvs.powered.v:1851: Warning: Identifier `\_0371_' is implicitly declared.
/project/openlane/user_project_wrapper/runs/user_project_wrapper/results/lvs/user_project_wrapper.lvs.powered.v:1855: Warning: Identifier `\_0372_' is implicitly declared.
/project/openlane/user_project_wrapper/runs/user_project_wrapper/results/lvs/user_project_wrapper.lvs.powered.v:1860: Warning: Identifier `\_0373_' is implicitly declared.
/project/openlane/user_project_wrapper/runs/user_project_wrapper/results/lvs/user_project_wrapper.lvs.powered.v:1866: Warning: Identifier `\_0031_' is implicitly declared.
/project/openlane/user_project_wrapper/runs/user_project_wrapper/results/lvs/user_project_wrapper.lvs.powered.v:1871: Warning: Identifier `\_0374_' is implicitly declared.
/project/openlane/user_project_wrapper/runs/user_project_wrapper/results/lvs/user_project_wrapper.lvs.powered.v:1877: Warning: Identifier `\_0030_' is implicitly declared.
/project/openlane/user_project_wrapper/runs/user_project_wrapper/results/lvs/user_project_wrapper.lvs.powered.v:1882: Warning: Identifier `\_0375_' is implicitly declared.
/project/openlane/user_project_wrapper/runs/user_project_wrapper/results/lvs/user_project_wrapper.lvs.powered.v:1888: Warning: Identifier `\_0029_' is implicitly declared.
/project/openlane/user_project_wrapper/runs/user_project_wrapper/results/lvs/user_project_wrapper.lvs.powered.v:1893: Warning: Identifier `\_0376_' is implicitly declared.
/project/openlane/user_project_wrapper/runs/user_project_wrapper/results/lvs/user_project_wrapper.lvs.powered.v:1899: Warning: Identifier `\_0028_' is implicitly declared.
/project/openlane/user_project_wrapper/runs/user_project_wrapper/results/lvs/user_project_wrapper.lvs.powered.v:1903: Warning: Identifier `\_0377_' is implicitly declared.
/project/openlane/user_project_wrapper/runs/user_project_wrapper/results/lvs/user_project_wrapper.lvs.powered.v:1907: Warning: Identifier `\_0378_' is implicitly declared.
/project/openlane/user_project_wrapper/runs/user_project_wrapper/results/lvs/user_project_wrapper.lvs.powered.v:1912: Warning: Identifier `\_0379_' is implicitly declared.
/project/openlane/user_project_wrapper/runs/user_project_wrapper/results/lvs/user_project_wrapper.lvs.powered.v:1918: Warning: Identifier `\_0027_' is implicitly declared.
/project/openlane/user_project_wrapper/runs/user_project_wrapper/results/lvs/user_project_wrapper.lvs.powered.v:1922: Warning: Identifier `\_0380_' is implicitly declared.
/project/openlane/user_project_wrapper/runs/user_project_wrapper/results/lvs/user_project_wrapper.lvs.powered.v:1927: Warning: Identifier `\_0381_' is implicitly declared.
/project/openlane/user_project_wrapper/runs/user_project_wrapper/results/lvs/user_project_wrapper.lvs.powered.v:1933: Warning: Identifier `\_0026_' is implicitly declared.
/project/openlane/user_project_wrapper/runs/user_project_wrapper/results/lvs/user_project_wrapper.lvs.powered.v:1938: Warning: Identifier `\_0382_' is implicitly declared.
/project/openlane/user_project_wrapper/runs/user_project_wrapper/results/lvs/user_project_wrapper.lvs.powered.v:1944: Warning: Identifier `\_0025_' is implicitly declared.
/project/openlane/user_project_wrapper/runs/user_project_wrapper/results/lvs/user_project_wrapper.lvs.powered.v:1949: Warning: Identifier `\_0383_' is implicitly declared.
/project/openlane/user_project_wrapper/runs/user_project_wrapper/results/lvs/user_project_wrapper.lvs.powered.v:1955: Warning: Identifier `\_0024_' is implicitly declared.
/project/openlane/user_project_wrapper/runs/user_project_wrapper/results/lvs/user_project_wrapper.lvs.powered.v:1960: Warning: Identifier `\_0384_' is implicitly declared.
/project/openlane/user_project_wrapper/runs/user_project_wrapper/results/lvs/user_project_wrapper.lvs.powered.v:1966: Warning: Identifier `\_0023_' is implicitly declared.
/project/openlane/user_project_wrapper/runs/user_project_wrapper/results/lvs/user_project_wrapper.lvs.powered.v:1970: Warning: Identifier `\_0385_' is implicitly declared.
/project/openlane/user_project_wrapper/runs/user_project_wrapper/results/lvs/user_project_wrapper.lvs.powered.v:1975: Warning: Identifier `\_0386_' is implicitly declared.
/project/openlane/user_project_wrapper/runs/user_project_wrapper/results/lvs/user_project_wrapper.lvs.powered.v:1981: Warning: Identifier `\_0022_' is implicitly declared.
/project/openlane/user_project_wrapper/runs/user_project_wrapper/results/lvs/user_project_wrapper.lvs.powered.v:1985: Warning: Identifier `\_0387_' is implicitly declared.
/project/openlane/user_project_wrapper/runs/user_project_wrapper/results/lvs/user_project_wrapper.lvs.powered.v:1990: Warning: Identifier `\_0388_' is implicitly declared.
/project/openlane/user_project_wrapper/runs/user_project_wrapper/results/lvs/user_project_wrapper.lvs.powered.v:1996: Warning: Identifier `\_0021_' is implicitly declared.
/project/openlane/user_project_wrapper/runs/user_project_wrapper/results/lvs/user_project_wrapper.lvs.powered.v:2001: Warning: Identifier `\_0389_' is implicitly declared.
/project/openlane/user_project_wrapper/runs/user_project_wrapper/results/lvs/user_project_wrapper.lvs.powered.v:2007: Warning: Identifier `\_0020_' is implicitly declared.
/project/openlane/user_project_wrapper/runs/user_project_wrapper/results/lvs/user_project_wrapper.lvs.powered.v:2012: Warning: Identifier `\_0390_' is implicitly declared.
/project/openlane/user_project_wrapper/runs/user_project_wrapper/results/lvs/user_project_wrapper.lvs.powered.v:2018: Warning: Identifier `\_0019_' is implicitly declared.
/project/openlane/user_project_wrapper/runs/user_project_wrapper/results/lvs/user_project_wrapper.lvs.powered.v:2023: Warning: Identifier `\_0391_' is implicitly declared.
/project/openlane/user_project_wrapper/runs/user_project_wrapper/results/lvs/user_project_wrapper.lvs.powered.v:2029: Warning: Identifier `\_0018_' is implicitly declared.
/project/openlane/user_project_wrapper/runs/user_project_wrapper/results/lvs/user_project_wrapper.lvs.powered.v:2033: Warning: Identifier `\_0392_' is implicitly declared.
/project/openlane/user_project_wrapper/runs/user_project_wrapper/results/lvs/user_project_wrapper.lvs.powered.v:2038: Warning: Identifier `\_0393_' is implicitly declared.
/project/openlane/user_project_wrapper/runs/user_project_wrapper/results/lvs/user_project_wrapper.lvs.powered.v:2044: Warning: Identifier `\_0017_' is implicitly declared.
/project/openlane/user_project_wrapper/runs/user_project_wrapper/results/lvs/user_project_wrapper.lvs.powered.v:2048: Warning: Identifier `\_0394_' is implicitly declared.
/project/openlane/user_project_wrapper/runs/user_project_wrapper/results/lvs/user_project_wrapper.lvs.powered.v:2053: Warning: Identifier `\_0395_' is implicitly declared.
/project/openlane/user_project_wrapper/runs/user_project_wrapper/results/lvs/user_project_wrapper.lvs.powered.v:2059: Warning: Identifier `\_0016_' is implicitly declared.
/project/openlane/user_project_wrapper/runs/user_project_wrapper/results/lvs/user_project_wrapper.lvs.powered.v:2064: Warning: Identifier `\_0396_' is implicitly declared.
/project/openlane/user_project_wrapper/runs/user_project_wrapper/results/lvs/user_project_wrapper.lvs.powered.v:2070: Warning: Identifier `\_0015_' is implicitly declared.
/project/openlane/user_project_wrapper/runs/user_project_wrapper/results/lvs/user_project_wrapper.lvs.powered.v:2075: Warning: Identifier `\_0397_' is implicitly declared.
/project/openlane/user_project_wrapper/runs/user_project_wrapper/results/lvs/user_project_wrapper.lvs.powered.v:2081: Warning: Identifier `\_0014_' is implicitly declared.
/project/openlane/user_project_wrapper/runs/user_project_wrapper/results/lvs/user_project_wrapper.lvs.powered.v:2086: Warning: Identifier `\_0398_' is implicitly declared.
/project/openlane/user_project_wrapper/runs/user_project_wrapper/results/lvs/user_project_wrapper.lvs.powered.v:2092: Warning: Identifier `\_0013_' is implicitly declared.
/project/openlane/user_project_wrapper/runs/user_project_wrapper/results/lvs/user_project_wrapper.lvs.powered.v:2096: Warning: Identifier `\_0399_' is implicitly declared.
/project/openlane/user_project_wrapper/runs/user_project_wrapper/results/lvs/user_project_wrapper.lvs.powered.v:2101: Warning: Identifier `\_0400_' is implicitly declared.
/project/openlane/user_project_wrapper/runs/user_project_wrapper/results/lvs/user_project_wrapper.lvs.powered.v:2107: Warning: Identifier `\_0012_' is implicitly declared.
/project/openlane/user_project_wrapper/runs/user_project_wrapper/results/lvs/user_project_wrapper.lvs.powered.v:2111: Warning: Identifier `\_0401_' is implicitly declared.
/project/openlane/user_project_wrapper/runs/user_project_wrapper/results/lvs/user_project_wrapper.lvs.powered.v:2116: Warning: Identifier `\_0402_' is implicitly declared.
/project/openlane/user_project_wrapper/runs/user_project_wrapper/results/lvs/user_project_wrapper.lvs.powered.v:2122: Warning: Identifier `\_0011_' is implicitly declared.
/project/openlane/user_project_wrapper/runs/user_project_wrapper/results/lvs/user_project_wrapper.lvs.powered.v:2127: Warning: Identifier `\_0403_' is implicitly declared.
/project/openlane/user_project_wrapper/runs/user_project_wrapper/results/lvs/user_project_wrapper.lvs.powered.v:2133: Warning: Identifier `\_0010_' is implicitly declared.
/project/openlane/user_project_wrapper/runs/user_project_wrapper/results/lvs/user_project_wrapper.lvs.powered.v:2138: Warning: Identifier `\_0404_' is implicitly declared.
/project/openlane/user_project_wrapper/runs/user_project_wrapper/results/lvs/user_project_wrapper.lvs.powered.v:2144: Warning: Identifier `\_0009_' is implicitly declared.
/project/openlane/user_project_wrapper/runs/user_project_wrapper/results/lvs/user_project_wrapper.lvs.powered.v:2149: Warning: Identifier `\_0405_' is implicitly declared.
/project/openlane/user_project_wrapper/runs/user_project_wrapper/results/lvs/user_project_wrapper.lvs.powered.v:2155: Warning: Identifier `\_0008_' is implicitly declared.
/project/openlane/user_project_wrapper/runs/user_project_wrapper/results/lvs/user_project_wrapper.lvs.powered.v:2159: Warning: Identifier `\_0406_' is implicitly declared.
/project/openlane/user_project_wrapper/runs/user_project_wrapper/results/lvs/user_project_wrapper.lvs.powered.v:2164: Warning: Identifier `\_0407_' is implicitly declared.
/project/openlane/user_project_wrapper/runs/user_project_wrapper/results/lvs/user_project_wrapper.lvs.powered.v:2170: Warning: Identifier `\_0007_' is implicitly declared.
/project/openlane/user_project_wrapper/runs/user_project_wrapper/results/lvs/user_project_wrapper.lvs.powered.v:2174: Warning: Identifier `\_0408_' is implicitly declared.
/project/openlane/user_project_wrapper/runs/user_project_wrapper/results/lvs/user_project_wrapper.lvs.powered.v:2179: Warning: Identifier `\_0409_' is implicitly declared.
/project/openlane/user_project_wrapper/runs/user_project_wrapper/results/lvs/user_project_wrapper.lvs.powered.v:2185: Warning: Identifier `\_0006_' is implicitly declared.
/project/openlane/user_project_wrapper/runs/user_project_wrapper/results/lvs/user_project_wrapper.lvs.powered.v:2190: Warning: Identifier `\_0410_' is implicitly declared.
/project/openlane/user_project_wrapper/runs/user_project_wrapper/results/lvs/user_project_wrapper.lvs.powered.v:2196: Warning: Identifier `\_0005_' is implicitly declared.
/project/openlane/user_project_wrapper/runs/user_project_wrapper/results/lvs/user_project_wrapper.lvs.powered.v:2201: Warning: Identifier `\_0411_' is implicitly declared.
/project/openlane/user_project_wrapper/runs/user_project_wrapper/results/lvs/user_project_wrapper.lvs.powered.v:2207: Warning: Identifier `\_0004_' is implicitly declared.
/project/openlane/user_project_wrapper/runs/user_project_wrapper/results/lvs/user_project_wrapper.lvs.powered.v:2212: Warning: Identifier `\_0412_' is implicitly declared.
/project/openlane/user_project_wrapper/runs/user_project_wrapper/results/lvs/user_project_wrapper.lvs.powered.v:2218: Warning: Identifier `\_0003_' is implicitly declared.
/project/openlane/user_project_wrapper/runs/user_project_wrapper/results/lvs/user_project_wrapper.lvs.powered.v:2223: Warning: Identifier `\_0413_' is implicitly declared.
/project/openlane/user_project_wrapper/runs/user_project_wrapper/results/lvs/user_project_wrapper.lvs.powered.v:2229: Warning: Identifier `\_0002_' is implicitly declared.
/project/openlane/user_project_wrapper/runs/user_project_wrapper/results/lvs/user_project_wrapper.lvs.powered.v:2234: Warning: Identifier `\_0414_' is implicitly declared.
/project/openlane/user_project_wrapper/runs/user_project_wrapper/results/lvs/user_project_wrapper.lvs.powered.v:2240: Warning: Identifier `\_0001_' is implicitly declared.
/project/openlane/user_project_wrapper/runs/user_project_wrapper/results/lvs/user_project_wrapper.lvs.powered.v:2245: Warning: Identifier `\_0415_' is implicitly declared.
/project/openlane/user_project_wrapper/runs/user_project_wrapper/results/lvs/user_project_wrapper.lvs.powered.v:2251: Warning: Identifier `\_0000_' is implicitly declared.
/project/openlane/user_project_wrapper/runs/user_project_wrapper/results/lvs/user_project_wrapper.lvs.powered.v:2255: Warning: Identifier `\_0416_' is implicitly declared.
/project/openlane/user_project_wrapper/runs/user_project_wrapper/results/lvs/user_project_wrapper.lvs.powered.v:2262: Warning: Identifier `\counter.clk' is implicitly declared.
/project/openlane/user_project_wrapper/runs/user_project_wrapper/results/lvs/user_project_wrapper.lvs.powered.v:2267: Warning: Identifier `\_0417_' is implicitly declared.
/project/openlane/user_project_wrapper/runs/user_project_wrapper/results/lvs/user_project_wrapper.lvs.powered.v:2272: Warning: Identifier `\_0418_' is implicitly declared.
/project/openlane/user_project_wrapper/runs/user_project_wrapper/results/lvs/user_project_wrapper.lvs.powered.v:2277: Warning: Identifier `\_0419_' is implicitly declared.
/project/openlane/user_project_wrapper/runs/user_project_wrapper/results/lvs/user_project_wrapper.lvs.powered.v:2283: Warning: Identifier `\_0420_' is implicitly declared.
/project/openlane/user_project_wrapper/runs/user_project_wrapper/results/lvs/user_project_wrapper.lvs.powered.v:2289: Warning: Identifier `\_0096_' is implicitly declared.
/project/openlane/user_project_wrapper/runs/user_project_wrapper/results/lvs/user_project_wrapper.lvs.powered.v:2875: Warning: Identifier `\clknet_3_0_0_counter.clk' is implicitly declared.
/project/openlane/user_project_wrapper/runs/user_project_wrapper/results/lvs/user_project_wrapper.lvs.powered.v:2895: Warning: Identifier `\clknet_3_1_0_counter.clk' is implicitly declared.
/project/openlane/user_project_wrapper/runs/user_project_wrapper/results/lvs/user_project_wrapper.lvs.powered.v:3035: Warning: Identifier `\clknet_3_3_0_counter.clk' is implicitly declared.
/project/openlane/user_project_wrapper/runs/user_project_wrapper/results/lvs/user_project_wrapper.lvs.powered.v:3060: Warning: Identifier `\clknet_3_4_0_counter.clk' is implicitly declared.
/project/openlane/user_project_wrapper/runs/user_project_wrapper/results/lvs/user_project_wrapper.lvs.powered.v:3065: Warning: Identifier `\clknet_3_6_0_counter.clk' is implicitly declared.
/project/openlane/user_project_wrapper/runs/user_project_wrapper/results/lvs/user_project_wrapper.lvs.powered.v:3090: Warning: Identifier `\clknet_3_7_0_counter.clk' is implicitly declared.
/project/openlane/user_project_wrapper/runs/user_project_wrapper/results/lvs/user_project_wrapper.lvs.powered.v:3105: Warning: Identifier `\clknet_3_5_0_counter.clk' is implicitly declared.
/project/openlane/user_project_wrapper/runs/user_project_wrapper/results/lvs/user_project_wrapper.lvs.powered.v:3200: Warning: Identifier `\clknet_3_2_0_counter.clk' is implicitly declared.
/project/openlane/user_project_wrapper/runs/user_project_wrapper/results/lvs/user_project_wrapper.lvs.powered.v:12981: Warning: Identifier `\clknet_0_counter.clk' is implicitly declared.
/project/openlane/user_project_wrapper/runs/user_project_wrapper/results/lvs/user_project_wrapper.lvs.powered.v:12985: Warning: Identifier `\clknet_1_0_0_counter.clk' is implicitly declared.
/project/openlane/user_project_wrapper/runs/user_project_wrapper/results/lvs/user_project_wrapper.lvs.powered.v:12989: Warning: Identifier `\clknet_1_1_0_counter.clk' is implicitly declared.
/project/openlane/user_project_wrapper/runs/user_project_wrapper/results/lvs/user_project_wrapper.lvs.powered.v:12993: Warning: Identifier `\clknet_2_0_0_counter.clk' is implicitly declared.
/project/openlane/user_project_wrapper/runs/user_project_wrapper/results/lvs/user_project_wrapper.lvs.powered.v:12997: Warning: Identifier `\clknet_2_1_0_counter.clk' is implicitly declared.
/project/openlane/user_project_wrapper/runs/user_project_wrapper/results/lvs/user_project_wrapper.lvs.powered.v:13001: Warning: Identifier `\clknet_2_2_0_counter.clk' is implicitly declared.
/project/openlane/user_project_wrapper/runs/user_project_wrapper/results/lvs/user_project_wrapper.lvs.powered.v:13005: Warning: Identifier `\clknet_2_3_0_counter.clk' is implicitly declared.
Successfully finished Verilog frontend.

2. Executing Verilog backend.
Dumping module `\user_project_wrapper'.

Warnings: 437 unique messages, 437 total
End of script. Logfile hash: d0e15dcecc, CPU: user 6.86s system 0.06s, MEM: 195.01 MB peak
Yosys 0.9+3621 (git sha1 84e9fa7, gcc 8.3.1 -fPIC -Os)
Time spent: 70% 2x write_verilog (4 sec), 29% 2x read_verilog (2 sec)
