OpenROAD 0.9.0 e582f2522b
This program is licensed under the BSD-3 license. See the LICENSE file for details. 
Components of this program may be licensed under more restrictive licenses which must be honored.
Notice 0: Reading LEF file:  /project/openlane/user_proj_example/runs/user_proj_example/tmp/merged_unpadded.lef
Notice 0:     Created 11 technology layers
Notice 0:     Created 25 technology vias
Notice 0:     Created 437 library cells
Notice 0: Finished LEF file:  /project/openlane/user_proj_example/runs/user_proj_example/tmp/merged_unpadded.lef
Notice 0: 
Reading DEF file: /project/openlane/user_proj_example/runs/user_proj_example/results/routing/user_proj_example.def
Notice 0: Design: user_proj_example
Notice 0:     Created 614 pins.
Notice 0:     Created 28038 components and 58132 component-terminals.
Notice 0:     Created 2 special nets and 0 connections.
Notice 0:     Created 1049 nets and 1953 connections.
Notice 0: Finished DEF file: /project/openlane/user_proj_example/runs/user_proj_example/results/routing/user_proj_example.def
Notice 0: Split top of 191 T shapes.
Number of pins violated: 3
Number of nets violated: 2
Total number of nets: 1049
