
 /----------------------------------------------------------------------------\
 |                                                                            |
 |  yosys -- Yosys Open SYnthesis Suite                                       |
 |                                                                            |
 |  Copyright (C) 2012 - 2020  Claire Wolf <claire@symbioticeda.com>          |
 |                                                                            |
 |  Permission to use, copy, modify, and/or distribute this software for any  |
 |  purpose with or without fee is hereby granted, provided that the above    |
 |  copyright notice and this permission notice appear in all copies.         |
 |                                                                            |
 |  THE SOFTWARE IS PROVIDED "AS IS" AND THE AUTHOR DISCLAIMS ALL WARRANTIES  |
 |  WITH REGARD TO THIS SOFTWARE INCLUDING ALL IMPLIED WARRANTIES OF          |
 |  MERCHANTABILITY AND FITNESS. IN NO EVENT SHALL THE AUTHOR BE LIABLE FOR   |
 |  ANY SPECIAL, DIRECT, INDIRECT, OR CONSEQUENTIAL DAMAGES OR ANY DAMAGES    |
 |  WHATSOEVER RESULTING FROM LOSS OF USE, DATA OR PROFITS, WHETHER IN AN     |
 |  ACTION OF CONTRACT, NEGLIGENCE OR OTHER TORTIOUS ACTION, ARISING OUT OF   |
 |  OR IN CONNECTION WITH THE USE OR PERFORMANCE OF THIS SOFTWARE.            |
 |                                                                            |
 \----------------------------------------------------------------------------/

 Yosys 0.9+3621 (git sha1 84e9fa7, gcc 8.3.1 -fPIC -Os)

[TCL: yosys -import] Command name collision: found pre-existing command `cd' -> skip.
[TCL: yosys -import] Command name collision: found pre-existing command `eval' -> skip.
[TCL: yosys -import] Command name collision: found pre-existing command `exec' -> skip.
[TCL: yosys -import] Command name collision: found pre-existing command `read' -> skip.
[TCL: yosys -import] Command name collision: found pre-existing command `trace' -> skip.

1. Executing Verilog-2005 frontend: /project/openlane/user_proj_example/runs/user_proj_example/results/lvs/user_proj_example.lvs.powered.v
Parsing Verilog input from `/project/openlane/user_proj_example/runs/user_proj_example/results/lvs/user_proj_example.lvs.powered.v' to AST representation.
Generating RTLIL representation for module `\user_proj_example'.
/project/openlane/user_proj_example/runs/user_proj_example/results/lvs/user_proj_example.lvs.powered.v:39: Warning: Identifier `\_0097_' is implicitly declared.
/project/openlane/user_proj_example/runs/user_proj_example/results/lvs/user_proj_example.lvs.powered.v:48: Warning: Identifier `\_0098_' is implicitly declared.
/project/openlane/user_proj_example/runs/user_proj_example/results/lvs/user_proj_example.lvs.powered.v:54: Warning: Identifier `\_0099_' is implicitly declared.
/project/openlane/user_proj_example/runs/user_proj_example/results/lvs/user_proj_example.lvs.powered.v:60: Warning: Identifier `\_0100_' is implicitly declared.
/project/openlane/user_proj_example/runs/user_proj_example/results/lvs/user_proj_example.lvs.powered.v:72: Warning: Identifier `\_0101_' is implicitly declared.
/project/openlane/user_proj_example/runs/user_proj_example/results/lvs/user_proj_example.lvs.powered.v:78: Warning: Identifier `\_0102_' is implicitly declared.
/project/openlane/user_proj_example/runs/user_proj_example/results/lvs/user_proj_example.lvs.powered.v:85: Warning: Identifier `\_0103_' is implicitly declared.
/project/openlane/user_proj_example/runs/user_proj_example/results/lvs/user_proj_example.lvs.powered.v:91: Warning: Identifier `\_0104_' is implicitly declared.
/project/openlane/user_proj_example/runs/user_proj_example/results/lvs/user_proj_example.lvs.powered.v:99: Warning: Identifier `\_0105_' is implicitly declared.
/project/openlane/user_proj_example/runs/user_proj_example/results/lvs/user_proj_example.lvs.powered.v:106: Warning: Identifier `\_0106_' is implicitly declared.
/project/openlane/user_proj_example/runs/user_proj_example/results/lvs/user_proj_example.lvs.powered.v:112: Warning: Identifier `\_0107_' is implicitly declared.
/project/openlane/user_proj_example/runs/user_proj_example/results/lvs/user_proj_example.lvs.powered.v:118: Warning: Identifier `\_0108_' is implicitly declared.
/project/openlane/user_proj_example/runs/user_proj_example/results/lvs/user_proj_example.lvs.powered.v:125: Warning: Identifier `\_0109_' is implicitly declared.
/project/openlane/user_proj_example/runs/user_proj_example/results/lvs/user_proj_example.lvs.powered.v:131: Warning: Identifier `\_0110_' is implicitly declared.
/project/openlane/user_proj_example/runs/user_proj_example/results/lvs/user_proj_example.lvs.powered.v:137: Warning: Identifier `\_0111_' is implicitly declared.
/project/openlane/user_proj_example/runs/user_proj_example/results/lvs/user_proj_example.lvs.powered.v:143: Warning: Identifier `\_0112_' is implicitly declared.
/project/openlane/user_proj_example/runs/user_proj_example/results/lvs/user_proj_example.lvs.powered.v:149: Warning: Identifier `\_0113_' is implicitly declared.
/project/openlane/user_proj_example/runs/user_proj_example/results/lvs/user_proj_example.lvs.powered.v:155: Warning: Identifier `\_0114_' is implicitly declared.
/project/openlane/user_proj_example/runs/user_proj_example/results/lvs/user_proj_example.lvs.powered.v:161: Warning: Identifier `\_0115_' is implicitly declared.
/project/openlane/user_proj_example/runs/user_proj_example/results/lvs/user_proj_example.lvs.powered.v:167: Warning: Identifier `\_0116_' is implicitly declared.
/project/openlane/user_proj_example/runs/user_proj_example/results/lvs/user_proj_example.lvs.powered.v:173: Warning: Identifier `\_0117_' is implicitly declared.
/project/openlane/user_proj_example/runs/user_proj_example/results/lvs/user_proj_example.lvs.powered.v:179: Warning: Identifier `\_0118_' is implicitly declared.
/project/openlane/user_proj_example/runs/user_proj_example/results/lvs/user_proj_example.lvs.powered.v:186: Warning: Identifier `\_0119_' is implicitly declared.
/project/openlane/user_proj_example/runs/user_proj_example/results/lvs/user_proj_example.lvs.powered.v:192: Warning: Identifier `\_0120_' is implicitly declared.
/project/openlane/user_proj_example/runs/user_proj_example/results/lvs/user_proj_example.lvs.powered.v:198: Warning: Identifier `\_0121_' is implicitly declared.
/project/openlane/user_proj_example/runs/user_proj_example/results/lvs/user_proj_example.lvs.powered.v:204: Warning: Identifier `\_0122_' is implicitly declared.
/project/openlane/user_proj_example/runs/user_proj_example/results/lvs/user_proj_example.lvs.powered.v:210: Warning: Identifier `\_0123_' is implicitly declared.
/project/openlane/user_proj_example/runs/user_proj_example/results/lvs/user_proj_example.lvs.powered.v:219: Warning: Identifier `\_0124_' is implicitly declared.
/project/openlane/user_proj_example/runs/user_proj_example/results/lvs/user_proj_example.lvs.powered.v:225: Warning: Identifier `\_0125_' is implicitly declared.
/project/openlane/user_proj_example/runs/user_proj_example/results/lvs/user_proj_example.lvs.powered.v:231: Warning: Identifier `\_0126_' is implicitly declared.
/project/openlane/user_proj_example/runs/user_proj_example/results/lvs/user_proj_example.lvs.powered.v:237: Warning: Identifier `\_0127_' is implicitly declared.
/project/openlane/user_proj_example/runs/user_proj_example/results/lvs/user_proj_example.lvs.powered.v:243: Warning: Identifier `\_0128_' is implicitly declared.
/project/openlane/user_proj_example/runs/user_proj_example/results/lvs/user_proj_example.lvs.powered.v:252: Warning: Identifier `\_0129_' is implicitly declared.
/project/openlane/user_proj_example/runs/user_proj_example/results/lvs/user_proj_example.lvs.powered.v:258: Warning: Identifier `\_0130_' is implicitly declared.
/project/openlane/user_proj_example/runs/user_proj_example/results/lvs/user_proj_example.lvs.powered.v:264: Warning: Identifier `\_0131_' is implicitly declared.
/project/openlane/user_proj_example/runs/user_proj_example/results/lvs/user_proj_example.lvs.powered.v:270: Warning: Identifier `\_0132_' is implicitly declared.
/project/openlane/user_proj_example/runs/user_proj_example/results/lvs/user_proj_example.lvs.powered.v:276: Warning: Identifier `\_0133_' is implicitly declared.
/project/openlane/user_proj_example/runs/user_proj_example/results/lvs/user_proj_example.lvs.powered.v:283: Warning: Identifier `\_0134_' is implicitly declared.
/project/openlane/user_proj_example/runs/user_proj_example/results/lvs/user_proj_example.lvs.powered.v:289: Warning: Identifier `\_0135_' is implicitly declared.
/project/openlane/user_proj_example/runs/user_proj_example/results/lvs/user_proj_example.lvs.powered.v:295: Warning: Identifier `\_0136_' is implicitly declared.
/project/openlane/user_proj_example/runs/user_proj_example/results/lvs/user_proj_example.lvs.powered.v:301: Warning: Identifier `\_0137_' is implicitly declared.
/project/openlane/user_proj_example/runs/user_proj_example/results/lvs/user_proj_example.lvs.powered.v:307: Warning: Identifier `\_0138_' is implicitly declared.
/project/openlane/user_proj_example/runs/user_proj_example/results/lvs/user_proj_example.lvs.powered.v:316: Warning: Identifier `\_0139_' is implicitly declared.
/project/openlane/user_proj_example/runs/user_proj_example/results/lvs/user_proj_example.lvs.powered.v:325: Warning: Identifier `\_0140_' is implicitly declared.
/project/openlane/user_proj_example/runs/user_proj_example/results/lvs/user_proj_example.lvs.powered.v:331: Warning: Identifier `\_0141_' is implicitly declared.
/project/openlane/user_proj_example/runs/user_proj_example/results/lvs/user_proj_example.lvs.powered.v:337: Warning: Identifier `\_0142_' is implicitly declared.
/project/openlane/user_proj_example/runs/user_proj_example/results/lvs/user_proj_example.lvs.powered.v:343: Warning: Identifier `\_0143_' is implicitly declared.
/project/openlane/user_proj_example/runs/user_proj_example/results/lvs/user_proj_example.lvs.powered.v:350: Warning: Identifier `\_0144_' is implicitly declared.
/project/openlane/user_proj_example/runs/user_proj_example/results/lvs/user_proj_example.lvs.powered.v:356: Warning: Identifier `\_0145_' is implicitly declared.
/project/openlane/user_proj_example/runs/user_proj_example/results/lvs/user_proj_example.lvs.powered.v:362: Warning: Identifier `\_0146_' is implicitly declared.
/project/openlane/user_proj_example/runs/user_proj_example/results/lvs/user_proj_example.lvs.powered.v:368: Warning: Identifier `\_0147_' is implicitly declared.
/project/openlane/user_proj_example/runs/user_proj_example/results/lvs/user_proj_example.lvs.powered.v:374: Warning: Identifier `\_0148_' is implicitly declared.
/project/openlane/user_proj_example/runs/user_proj_example/results/lvs/user_proj_example.lvs.powered.v:380: Warning: Identifier `\_0149_' is implicitly declared.
/project/openlane/user_proj_example/runs/user_proj_example/results/lvs/user_proj_example.lvs.powered.v:389: Warning: Identifier `\_0150_' is implicitly declared.
/project/openlane/user_proj_example/runs/user_proj_example/results/lvs/user_proj_example.lvs.powered.v:398: Warning: Identifier `\_0151_' is implicitly declared.
/project/openlane/user_proj_example/runs/user_proj_example/results/lvs/user_proj_example.lvs.powered.v:405: Warning: Identifier `\_0152_' is implicitly declared.
/project/openlane/user_proj_example/runs/user_proj_example/results/lvs/user_proj_example.lvs.powered.v:411: Warning: Identifier `\_0153_' is implicitly declared.
/project/openlane/user_proj_example/runs/user_proj_example/results/lvs/user_proj_example.lvs.powered.v:417: Warning: Identifier `\_0154_' is implicitly declared.
/project/openlane/user_proj_example/runs/user_proj_example/results/lvs/user_proj_example.lvs.powered.v:424: Warning: Identifier `\_0155_' is implicitly declared.
/project/openlane/user_proj_example/runs/user_proj_example/results/lvs/user_proj_example.lvs.powered.v:430: Warning: Identifier `\_0156_' is implicitly declared.
/project/openlane/user_proj_example/runs/user_proj_example/results/lvs/user_proj_example.lvs.powered.v:437: Warning: Identifier `\_0157_' is implicitly declared.
/project/openlane/user_proj_example/runs/user_proj_example/results/lvs/user_proj_example.lvs.powered.v:443: Warning: Identifier `\_0158_' is implicitly declared.
/project/openlane/user_proj_example/runs/user_proj_example/results/lvs/user_proj_example.lvs.powered.v:450: Warning: Identifier `\_0159_' is implicitly declared.
/project/openlane/user_proj_example/runs/user_proj_example/results/lvs/user_proj_example.lvs.powered.v:456: Warning: Identifier `\_0160_' is implicitly declared.
/project/openlane/user_proj_example/runs/user_proj_example/results/lvs/user_proj_example.lvs.powered.v:462: Warning: Identifier `\_0161_' is implicitly declared.
/project/openlane/user_proj_example/runs/user_proj_example/results/lvs/user_proj_example.lvs.powered.v:469: Warning: Identifier `\_0162_' is implicitly declared.
/project/openlane/user_proj_example/runs/user_proj_example/results/lvs/user_proj_example.lvs.powered.v:478: Warning: Identifier `\_0163_' is implicitly declared.
/project/openlane/user_proj_example/runs/user_proj_example/results/lvs/user_proj_example.lvs.powered.v:485: Warning: Identifier `\_0164_' is implicitly declared.
/project/openlane/user_proj_example/runs/user_proj_example/results/lvs/user_proj_example.lvs.powered.v:492: Warning: Identifier `\_0165_' is implicitly declared.
/project/openlane/user_proj_example/runs/user_proj_example/results/lvs/user_proj_example.lvs.powered.v:499: Warning: Identifier `\_0166_' is implicitly declared.
/project/openlane/user_proj_example/runs/user_proj_example/results/lvs/user_proj_example.lvs.powered.v:506: Warning: Identifier `\_0167_' is implicitly declared.
/project/openlane/user_proj_example/runs/user_proj_example/results/lvs/user_proj_example.lvs.powered.v:515: Warning: Identifier `\_0168_' is implicitly declared.
/project/openlane/user_proj_example/runs/user_proj_example/results/lvs/user_proj_example.lvs.powered.v:522: Warning: Identifier `\_0169_' is implicitly declared.
/project/openlane/user_proj_example/runs/user_proj_example/results/lvs/user_proj_example.lvs.powered.v:529: Warning: Identifier `\_0170_' is implicitly declared.
/project/openlane/user_proj_example/runs/user_proj_example/results/lvs/user_proj_example.lvs.powered.v:535: Warning: Identifier `\_0171_' is implicitly declared.
/project/openlane/user_proj_example/runs/user_proj_example/results/lvs/user_proj_example.lvs.powered.v:542: Warning: Identifier `\_0172_' is implicitly declared.
/project/openlane/user_proj_example/runs/user_proj_example/results/lvs/user_proj_example.lvs.powered.v:548: Warning: Identifier `\_0173_' is implicitly declared.
/project/openlane/user_proj_example/runs/user_proj_example/results/lvs/user_proj_example.lvs.powered.v:555: Warning: Identifier `\_0174_' is implicitly declared.
/project/openlane/user_proj_example/runs/user_proj_example/results/lvs/user_proj_example.lvs.powered.v:564: Warning: Identifier `\_0175_' is implicitly declared.
/project/openlane/user_proj_example/runs/user_proj_example/results/lvs/user_proj_example.lvs.powered.v:571: Warning: Identifier `\_0176_' is implicitly declared.
/project/openlane/user_proj_example/runs/user_proj_example/results/lvs/user_proj_example.lvs.powered.v:578: Warning: Identifier `\_0177_' is implicitly declared.
/project/openlane/user_proj_example/runs/user_proj_example/results/lvs/user_proj_example.lvs.powered.v:585: Warning: Identifier `\_0178_' is implicitly declared.
/project/openlane/user_proj_example/runs/user_proj_example/results/lvs/user_proj_example.lvs.powered.v:592: Warning: Identifier `\_0179_' is implicitly declared.
/project/openlane/user_proj_example/runs/user_proj_example/results/lvs/user_proj_example.lvs.powered.v:601: Warning: Identifier `\_0180_' is implicitly declared.
/project/openlane/user_proj_example/runs/user_proj_example/results/lvs/user_proj_example.lvs.powered.v:610: Warning: Identifier `\_0181_' is implicitly declared.
/project/openlane/user_proj_example/runs/user_proj_example/results/lvs/user_proj_example.lvs.powered.v:617: Warning: Identifier `\_0182_' is implicitly declared.
/project/openlane/user_proj_example/runs/user_proj_example/results/lvs/user_proj_example.lvs.powered.v:624: Warning: Identifier `\_0183_' is implicitly declared.
/project/openlane/user_proj_example/runs/user_proj_example/results/lvs/user_proj_example.lvs.powered.v:631: Warning: Identifier `\_0184_' is implicitly declared.
/project/openlane/user_proj_example/runs/user_proj_example/results/lvs/user_proj_example.lvs.powered.v:638: Warning: Identifier `\_0185_' is implicitly declared.
/project/openlane/user_proj_example/runs/user_proj_example/results/lvs/user_proj_example.lvs.powered.v:647: Warning: Identifier `\_0186_' is implicitly declared.
/project/openlane/user_proj_example/runs/user_proj_example/results/lvs/user_proj_example.lvs.powered.v:654: Warning: Identifier `\_0187_' is implicitly declared.
/project/openlane/user_proj_example/runs/user_proj_example/results/lvs/user_proj_example.lvs.powered.v:661: Warning: Identifier `\_0188_' is implicitly declared.
/project/openlane/user_proj_example/runs/user_proj_example/results/lvs/user_proj_example.lvs.powered.v:668: Warning: Identifier `\_0189_' is implicitly declared.
/project/openlane/user_proj_example/runs/user_proj_example/results/lvs/user_proj_example.lvs.powered.v:675: Warning: Identifier `\_0190_' is implicitly declared.
/project/openlane/user_proj_example/runs/user_proj_example/results/lvs/user_proj_example.lvs.powered.v:684: Warning: Identifier `\_0191_' is implicitly declared.
/project/openlane/user_proj_example/runs/user_proj_example/results/lvs/user_proj_example.lvs.powered.v:691: Warning: Identifier `\_0192_' is implicitly declared.
/project/openlane/user_proj_example/runs/user_proj_example/results/lvs/user_proj_example.lvs.powered.v:698: Warning: Identifier `\_0193_' is implicitly declared.
/project/openlane/user_proj_example/runs/user_proj_example/results/lvs/user_proj_example.lvs.powered.v:705: Warning: Identifier `\_0194_' is implicitly declared.
/project/openlane/user_proj_example/runs/user_proj_example/results/lvs/user_proj_example.lvs.powered.v:712: Warning: Identifier `\_0195_' is implicitly declared.
/project/openlane/user_proj_example/runs/user_proj_example/results/lvs/user_proj_example.lvs.powered.v:721: Warning: Identifier `\_0196_' is implicitly declared.
/project/openlane/user_proj_example/runs/user_proj_example/results/lvs/user_proj_example.lvs.powered.v:728: Warning: Identifier `\_0197_' is implicitly declared.
/project/openlane/user_proj_example/runs/user_proj_example/results/lvs/user_proj_example.lvs.powered.v:735: Warning: Identifier `\_0198_' is implicitly declared.
/project/openlane/user_proj_example/runs/user_proj_example/results/lvs/user_proj_example.lvs.powered.v:742: Warning: Identifier `\_0199_' is implicitly declared.
/project/openlane/user_proj_example/runs/user_proj_example/results/lvs/user_proj_example.lvs.powered.v:749: Warning: Identifier `\_0200_' is implicitly declared.
/project/openlane/user_proj_example/runs/user_proj_example/results/lvs/user_proj_example.lvs.powered.v:758: Warning: Identifier `\_0201_' is implicitly declared.
/project/openlane/user_proj_example/runs/user_proj_example/results/lvs/user_proj_example.lvs.powered.v:767: Warning: Identifier `\_0202_' is implicitly declared.
/project/openlane/user_proj_example/runs/user_proj_example/results/lvs/user_proj_example.lvs.powered.v:774: Warning: Identifier `\_0203_' is implicitly declared.
/project/openlane/user_proj_example/runs/user_proj_example/results/lvs/user_proj_example.lvs.powered.v:783: Warning: Identifier `\_0204_' is implicitly declared.
/project/openlane/user_proj_example/runs/user_proj_example/results/lvs/user_proj_example.lvs.powered.v:792: Warning: Identifier `\_0205_' is implicitly declared.
/project/openlane/user_proj_example/runs/user_proj_example/results/lvs/user_proj_example.lvs.powered.v:800: Warning: Identifier `\_0206_' is implicitly declared.
/project/openlane/user_proj_example/runs/user_proj_example/results/lvs/user_proj_example.lvs.powered.v:807: Warning: Identifier `\_0207_' is implicitly declared.
/project/openlane/user_proj_example/runs/user_proj_example/results/lvs/user_proj_example.lvs.powered.v:814: Warning: Identifier `\_0208_' is implicitly declared.
/project/openlane/user_proj_example/runs/user_proj_example/results/lvs/user_proj_example.lvs.powered.v:821: Warning: Identifier `\_0209_' is implicitly declared.
/project/openlane/user_proj_example/runs/user_proj_example/results/lvs/user_proj_example.lvs.powered.v:828: Warning: Identifier `\_0210_' is implicitly declared.
/project/openlane/user_proj_example/runs/user_proj_example/results/lvs/user_proj_example.lvs.powered.v:836: Warning: Identifier `\_0095_' is implicitly declared.
/project/openlane/user_proj_example/runs/user_proj_example/results/lvs/user_proj_example.lvs.powered.v:843: Warning: Identifier `\_0211_' is implicitly declared.
/project/openlane/user_proj_example/runs/user_proj_example/results/lvs/user_proj_example.lvs.powered.v:850: Warning: Identifier `\_0212_' is implicitly declared.
/project/openlane/user_proj_example/runs/user_proj_example/results/lvs/user_proj_example.lvs.powered.v:857: Warning: Identifier `\_0213_' is implicitly declared.
/project/openlane/user_proj_example/runs/user_proj_example/results/lvs/user_proj_example.lvs.powered.v:864: Warning: Identifier `\_0214_' is implicitly declared.
/project/openlane/user_proj_example/runs/user_proj_example/results/lvs/user_proj_example.lvs.powered.v:872: Warning: Identifier `\_0094_' is implicitly declared.
/project/openlane/user_proj_example/runs/user_proj_example/results/lvs/user_proj_example.lvs.powered.v:879: Warning: Identifier `\_0215_' is implicitly declared.
/project/openlane/user_proj_example/runs/user_proj_example/results/lvs/user_proj_example.lvs.powered.v:886: Warning: Identifier `\_0216_' is implicitly declared.
/project/openlane/user_proj_example/runs/user_proj_example/results/lvs/user_proj_example.lvs.powered.v:893: Warning: Identifier `\_0217_' is implicitly declared.
/project/openlane/user_proj_example/runs/user_proj_example/results/lvs/user_proj_example.lvs.powered.v:901: Warning: Identifier `\_0093_' is implicitly declared.
/project/openlane/user_proj_example/runs/user_proj_example/results/lvs/user_proj_example.lvs.powered.v:908: Warning: Identifier `\_0218_' is implicitly declared.
/project/openlane/user_proj_example/runs/user_proj_example/results/lvs/user_proj_example.lvs.powered.v:914: Warning: Identifier `\_0219_' is implicitly declared.
/project/openlane/user_proj_example/runs/user_proj_example/results/lvs/user_proj_example.lvs.powered.v:922: Warning: Identifier `\_0220_' is implicitly declared.
/project/openlane/user_proj_example/runs/user_proj_example/results/lvs/user_proj_example.lvs.powered.v:929: Warning: Identifier `\_0221_' is implicitly declared.
/project/openlane/user_proj_example/runs/user_proj_example/results/lvs/user_proj_example.lvs.powered.v:936: Warning: Identifier `\_0222_' is implicitly declared.
/project/openlane/user_proj_example/runs/user_proj_example/results/lvs/user_proj_example.lvs.powered.v:943: Warning: Identifier `\_0223_' is implicitly declared.
/project/openlane/user_proj_example/runs/user_proj_example/results/lvs/user_proj_example.lvs.powered.v:951: Warning: Identifier `\_0092_' is implicitly declared.
/project/openlane/user_proj_example/runs/user_proj_example/results/lvs/user_proj_example.lvs.powered.v:958: Warning: Identifier `\_0224_' is implicitly declared.
/project/openlane/user_proj_example/runs/user_proj_example/results/lvs/user_proj_example.lvs.powered.v:965: Warning: Identifier `\_0225_' is implicitly declared.
/project/openlane/user_proj_example/runs/user_proj_example/results/lvs/user_proj_example.lvs.powered.v:973: Warning: Identifier `\_0226_' is implicitly declared.
/project/openlane/user_proj_example/runs/user_proj_example/results/lvs/user_proj_example.lvs.powered.v:980: Warning: Identifier `\_0227_' is implicitly declared.
/project/openlane/user_proj_example/runs/user_proj_example/results/lvs/user_proj_example.lvs.powered.v:987: Warning: Identifier `\_0091_' is implicitly declared.
/project/openlane/user_proj_example/runs/user_proj_example/results/lvs/user_proj_example.lvs.powered.v:993: Warning: Identifier `\_0228_' is implicitly declared.
/project/openlane/user_proj_example/runs/user_proj_example/results/lvs/user_proj_example.lvs.powered.v:1000: Warning: Identifier `\_0229_' is implicitly declared.
/project/openlane/user_proj_example/runs/user_proj_example/results/lvs/user_proj_example.lvs.powered.v:1007: Warning: Identifier `\_0230_' is implicitly declared.
/project/openlane/user_proj_example/runs/user_proj_example/results/lvs/user_proj_example.lvs.powered.v:1014: Warning: Identifier `\_0231_' is implicitly declared.
/project/openlane/user_proj_example/runs/user_proj_example/results/lvs/user_proj_example.lvs.powered.v:1021: Warning: Identifier `\_0232_' is implicitly declared.
/project/openlane/user_proj_example/runs/user_proj_example/results/lvs/user_proj_example.lvs.powered.v:1029: Warning: Identifier `\_0090_' is implicitly declared.
/project/openlane/user_proj_example/runs/user_proj_example/results/lvs/user_proj_example.lvs.powered.v:1036: Warning: Identifier `\_0233_' is implicitly declared.
/project/openlane/user_proj_example/runs/user_proj_example/results/lvs/user_proj_example.lvs.powered.v:1043: Warning: Identifier `\_0234_' is implicitly declared.
/project/openlane/user_proj_example/runs/user_proj_example/results/lvs/user_proj_example.lvs.powered.v:1050: Warning: Identifier `\_0235_' is implicitly declared.
/project/openlane/user_proj_example/runs/user_proj_example/results/lvs/user_proj_example.lvs.powered.v:1058: Warning: Identifier `\_0089_' is implicitly declared.
/project/openlane/user_proj_example/runs/user_proj_example/results/lvs/user_proj_example.lvs.powered.v:1064: Warning: Identifier `\_0236_' is implicitly declared.
/project/openlane/user_proj_example/runs/user_proj_example/results/lvs/user_proj_example.lvs.powered.v:1071: Warning: Identifier `\_0237_' is implicitly declared.
/project/openlane/user_proj_example/runs/user_proj_example/results/lvs/user_proj_example.lvs.powered.v:1077: Warning: Identifier `\_0238_' is implicitly declared.
/project/openlane/user_proj_example/runs/user_proj_example/results/lvs/user_proj_example.lvs.powered.v:1083: Warning: Identifier `\_0239_' is implicitly declared.
/project/openlane/user_proj_example/runs/user_proj_example/results/lvs/user_proj_example.lvs.powered.v:1090: Warning: Identifier `\_0240_' is implicitly declared.
/project/openlane/user_proj_example/runs/user_proj_example/results/lvs/user_proj_example.lvs.powered.v:1096: Warning: Identifier `\_0241_' is implicitly declared.
/project/openlane/user_proj_example/runs/user_proj_example/results/lvs/user_proj_example.lvs.powered.v:1102: Warning: Identifier `\_0242_' is implicitly declared.
/project/openlane/user_proj_example/runs/user_proj_example/results/lvs/user_proj_example.lvs.powered.v:1108: Warning: Identifier `\_0243_' is implicitly declared.
/project/openlane/user_proj_example/runs/user_proj_example/results/lvs/user_proj_example.lvs.powered.v:1115: Warning: Identifier `\_0244_' is implicitly declared.
/project/openlane/user_proj_example/runs/user_proj_example/results/lvs/user_proj_example.lvs.powered.v:1122: Warning: Identifier `\_0245_' is implicitly declared.
/project/openlane/user_proj_example/runs/user_proj_example/results/lvs/user_proj_example.lvs.powered.v:1130: Warning: Identifier `\_0246_' is implicitly declared.
/project/openlane/user_proj_example/runs/user_proj_example/results/lvs/user_proj_example.lvs.powered.v:1137: Warning: Identifier `\_0247_' is implicitly declared.
/project/openlane/user_proj_example/runs/user_proj_example/results/lvs/user_proj_example.lvs.powered.v:1144: Warning: Identifier `\_0248_' is implicitly declared.
/project/openlane/user_proj_example/runs/user_proj_example/results/lvs/user_proj_example.lvs.powered.v:1151: Warning: Identifier `\_0249_' is implicitly declared.
/project/openlane/user_proj_example/runs/user_proj_example/results/lvs/user_proj_example.lvs.powered.v:1159: Warning: Identifier `\_0250_' is implicitly declared.
/project/openlane/user_proj_example/runs/user_proj_example/results/lvs/user_proj_example.lvs.powered.v:1167: Warning: Identifier `\_0088_' is implicitly declared.
/project/openlane/user_proj_example/runs/user_proj_example/results/lvs/user_proj_example.lvs.powered.v:1174: Warning: Identifier `\_0251_' is implicitly declared.
/project/openlane/user_proj_example/runs/user_proj_example/results/lvs/user_proj_example.lvs.powered.v:1180: Warning: Identifier `\_0252_' is implicitly declared.
/project/openlane/user_proj_example/runs/user_proj_example/results/lvs/user_proj_example.lvs.powered.v:1187: Warning: Identifier `\_0253_' is implicitly declared.
/project/openlane/user_proj_example/runs/user_proj_example/results/lvs/user_proj_example.lvs.powered.v:1194: Warning: Identifier `\_0254_' is implicitly declared.
/project/openlane/user_proj_example/runs/user_proj_example/results/lvs/user_proj_example.lvs.powered.v:1201: Warning: Identifier `\_0255_' is implicitly declared.
/project/openlane/user_proj_example/runs/user_proj_example/results/lvs/user_proj_example.lvs.powered.v:1209: Warning: Identifier `\_0087_' is implicitly declared.
/project/openlane/user_proj_example/runs/user_proj_example/results/lvs/user_proj_example.lvs.powered.v:1216: Warning: Identifier `\_0256_' is implicitly declared.
/project/openlane/user_proj_example/runs/user_proj_example/results/lvs/user_proj_example.lvs.powered.v:1223: Warning: Identifier `\_0257_' is implicitly declared.
/project/openlane/user_proj_example/runs/user_proj_example/results/lvs/user_proj_example.lvs.powered.v:1230: Warning: Identifier `\_0258_' is implicitly declared.
/project/openlane/user_proj_example/runs/user_proj_example/results/lvs/user_proj_example.lvs.powered.v:1237: Warning: Identifier `\_0259_' is implicitly declared.
/project/openlane/user_proj_example/runs/user_proj_example/results/lvs/user_proj_example.lvs.powered.v:1245: Warning: Identifier `\_0086_' is implicitly declared.
/project/openlane/user_proj_example/runs/user_proj_example/results/lvs/user_proj_example.lvs.powered.v:1251: Warning: Identifier `\_0260_' is implicitly declared.
/project/openlane/user_proj_example/runs/user_proj_example/results/lvs/user_proj_example.lvs.powered.v:1258: Warning: Identifier `\_0261_' is implicitly declared.
/project/openlane/user_proj_example/runs/user_proj_example/results/lvs/user_proj_example.lvs.powered.v:1265: Warning: Identifier `\_0262_' is implicitly declared.
/project/openlane/user_proj_example/runs/user_proj_example/results/lvs/user_proj_example.lvs.powered.v:1272: Warning: Identifier `\_0263_' is implicitly declared.
/project/openlane/user_proj_example/runs/user_proj_example/results/lvs/user_proj_example.lvs.powered.v:1280: Warning: Identifier `\_0085_' is implicitly declared.
/project/openlane/user_proj_example/runs/user_proj_example/results/lvs/user_proj_example.lvs.powered.v:1287: Warning: Identifier `\_0264_' is implicitly declared.
/project/openlane/user_proj_example/runs/user_proj_example/results/lvs/user_proj_example.lvs.powered.v:1293: Warning: Identifier `\_0265_' is implicitly declared.
/project/openlane/user_proj_example/runs/user_proj_example/results/lvs/user_proj_example.lvs.powered.v:1301: Warning: Identifier `\_0266_' is implicitly declared.
/project/openlane/user_proj_example/runs/user_proj_example/results/lvs/user_proj_example.lvs.powered.v:1308: Warning: Identifier `\_0267_' is implicitly declared.
/project/openlane/user_proj_example/runs/user_proj_example/results/lvs/user_proj_example.lvs.powered.v:1315: Warning: Identifier `\_0268_' is implicitly declared.
/project/openlane/user_proj_example/runs/user_proj_example/results/lvs/user_proj_example.lvs.powered.v:1322: Warning: Identifier `\_0269_' is implicitly declared.
/project/openlane/user_proj_example/runs/user_proj_example/results/lvs/user_proj_example.lvs.powered.v:1330: Warning: Identifier `\_0084_' is implicitly declared.
/project/openlane/user_proj_example/runs/user_proj_example/results/lvs/user_proj_example.lvs.powered.v:1337: Warning: Identifier `\_0270_' is implicitly declared.
/project/openlane/user_proj_example/runs/user_proj_example/results/lvs/user_proj_example.lvs.powered.v:1344: Warning: Identifier `\_0271_' is implicitly declared.
/project/openlane/user_proj_example/runs/user_proj_example/results/lvs/user_proj_example.lvs.powered.v:1352: Warning: Identifier `\_0272_' is implicitly declared.
/project/openlane/user_proj_example/runs/user_proj_example/results/lvs/user_proj_example.lvs.powered.v:1359: Warning: Identifier `\_0273_' is implicitly declared.
/project/openlane/user_proj_example/runs/user_proj_example/results/lvs/user_proj_example.lvs.powered.v:1366: Warning: Identifier `\_0083_' is implicitly declared.
/project/openlane/user_proj_example/runs/user_proj_example/results/lvs/user_proj_example.lvs.powered.v:1373: Warning: Identifier `\_0274_' is implicitly declared.
/project/openlane/user_proj_example/runs/user_proj_example/results/lvs/user_proj_example.lvs.powered.v:1380: Warning: Identifier `\_0275_' is implicitly declared.
/project/openlane/user_proj_example/runs/user_proj_example/results/lvs/user_proj_example.lvs.powered.v:1387: Warning: Identifier `\_0276_' is implicitly declared.
/project/openlane/user_proj_example/runs/user_proj_example/results/lvs/user_proj_example.lvs.powered.v:1394: Warning: Identifier `\_0277_' is implicitly declared.
/project/openlane/user_proj_example/runs/user_proj_example/results/lvs/user_proj_example.lvs.powered.v:1402: Warning: Identifier `\_0082_' is implicitly declared.
/project/openlane/user_proj_example/runs/user_proj_example/results/lvs/user_proj_example.lvs.powered.v:1409: Warning: Identifier `\_0278_' is implicitly declared.
/project/openlane/user_proj_example/runs/user_proj_example/results/lvs/user_proj_example.lvs.powered.v:1416: Warning: Identifier `\_0279_' is implicitly declared.
/project/openlane/user_proj_example/runs/user_proj_example/results/lvs/user_proj_example.lvs.powered.v:1423: Warning: Identifier `\_0280_' is implicitly declared.
/project/openlane/user_proj_example/runs/user_proj_example/results/lvs/user_proj_example.lvs.powered.v:1431: Warning: Identifier `\_0081_' is implicitly declared.
/project/openlane/user_proj_example/runs/user_proj_example/results/lvs/user_proj_example.lvs.powered.v:1437: Warning: Identifier `\_0281_' is implicitly declared.
/project/openlane/user_proj_example/runs/user_proj_example/results/lvs/user_proj_example.lvs.powered.v:1444: Warning: Identifier `\_0282_' is implicitly declared.
/project/openlane/user_proj_example/runs/user_proj_example/results/lvs/user_proj_example.lvs.powered.v:1450: Warning: Identifier `\_0283_' is implicitly declared.
/project/openlane/user_proj_example/runs/user_proj_example/results/lvs/user_proj_example.lvs.powered.v:1456: Warning: Identifier `\_0284_' is implicitly declared.
/project/openlane/user_proj_example/runs/user_proj_example/results/lvs/user_proj_example.lvs.powered.v:1463: Warning: Identifier `\_0285_' is implicitly declared.
/project/openlane/user_proj_example/runs/user_proj_example/results/lvs/user_proj_example.lvs.powered.v:1469: Warning: Identifier `\_0286_' is implicitly declared.
/project/openlane/user_proj_example/runs/user_proj_example/results/lvs/user_proj_example.lvs.powered.v:1475: Warning: Identifier `\_0287_' is implicitly declared.
/project/openlane/user_proj_example/runs/user_proj_example/results/lvs/user_proj_example.lvs.powered.v:1481: Warning: Identifier `\_0288_' is implicitly declared.
/project/openlane/user_proj_example/runs/user_proj_example/results/lvs/user_proj_example.lvs.powered.v:1487: Warning: Identifier `\_0289_' is implicitly declared.
/project/openlane/user_proj_example/runs/user_proj_example/results/lvs/user_proj_example.lvs.powered.v:1494: Warning: Identifier `\_0290_' is implicitly declared.
/project/openlane/user_proj_example/runs/user_proj_example/results/lvs/user_proj_example.lvs.powered.v:1501: Warning: Identifier `\_0291_' is implicitly declared.
/project/openlane/user_proj_example/runs/user_proj_example/results/lvs/user_proj_example.lvs.powered.v:1509: Warning: Identifier `\_0292_' is implicitly declared.
/project/openlane/user_proj_example/runs/user_proj_example/results/lvs/user_proj_example.lvs.powered.v:1518: Warning: Identifier `\_0293_' is implicitly declared.
/project/openlane/user_proj_example/runs/user_proj_example/results/lvs/user_proj_example.lvs.powered.v:1525: Warning: Identifier `\_0294_' is implicitly declared.
/project/openlane/user_proj_example/runs/user_proj_example/results/lvs/user_proj_example.lvs.powered.v:1533: Warning: Identifier `\_0080_' is implicitly declared.
/project/openlane/user_proj_example/runs/user_proj_example/results/lvs/user_proj_example.lvs.powered.v:1539: Warning: Identifier `\_0295_' is implicitly declared.
/project/openlane/user_proj_example/runs/user_proj_example/results/lvs/user_proj_example.lvs.powered.v:1546: Warning: Identifier `\_0296_' is implicitly declared.
/project/openlane/user_proj_example/runs/user_proj_example/results/lvs/user_proj_example.lvs.powered.v:1553: Warning: Identifier `\_0297_' is implicitly declared.
/project/openlane/user_proj_example/runs/user_proj_example/results/lvs/user_proj_example.lvs.powered.v:1560: Warning: Identifier `\_0298_' is implicitly declared.
/project/openlane/user_proj_example/runs/user_proj_example/results/lvs/user_proj_example.lvs.powered.v:1567: Warning: Identifier `\_0299_' is implicitly declared.
/project/openlane/user_proj_example/runs/user_proj_example/results/lvs/user_proj_example.lvs.powered.v:1574: Warning: Identifier `\_0300_' is implicitly declared.
/project/openlane/user_proj_example/runs/user_proj_example/results/lvs/user_proj_example.lvs.powered.v:1581: Warning: Identifier `\_0301_' is implicitly declared.
/project/openlane/user_proj_example/runs/user_proj_example/results/lvs/user_proj_example.lvs.powered.v:1589: Warning: Identifier `\_0079_' is implicitly declared.
/project/openlane/user_proj_example/runs/user_proj_example/results/lvs/user_proj_example.lvs.powered.v:1596: Warning: Identifier `\_0302_' is implicitly declared.
/project/openlane/user_proj_example/runs/user_proj_example/results/lvs/user_proj_example.lvs.powered.v:1603: Warning: Identifier `\_0303_' is implicitly declared.
/project/openlane/user_proj_example/runs/user_proj_example/results/lvs/user_proj_example.lvs.powered.v:1611: Warning: Identifier `\_0304_' is implicitly declared.
/project/openlane/user_proj_example/runs/user_proj_example/results/lvs/user_proj_example.lvs.powered.v:1618: Warning: Identifier `\_0305_' is implicitly declared.
/project/openlane/user_proj_example/runs/user_proj_example/results/lvs/user_proj_example.lvs.powered.v:1625: Warning: Identifier `\_0078_' is implicitly declared.
/project/openlane/user_proj_example/runs/user_proj_example/results/lvs/user_proj_example.lvs.powered.v:1632: Warning: Identifier `\_0306_' is implicitly declared.
/project/openlane/user_proj_example/runs/user_proj_example/results/lvs/user_proj_example.lvs.powered.v:1639: Warning: Identifier `\_0307_' is implicitly declared.
/project/openlane/user_proj_example/runs/user_proj_example/results/lvs/user_proj_example.lvs.powered.v:1646: Warning: Identifier `\_0308_' is implicitly declared.
/project/openlane/user_proj_example/runs/user_proj_example/results/lvs/user_proj_example.lvs.powered.v:1653: Warning: Identifier `\_0309_' is implicitly declared.
/project/openlane/user_proj_example/runs/user_proj_example/results/lvs/user_proj_example.lvs.powered.v:1661: Warning: Identifier `\_0077_' is implicitly declared.
/project/openlane/user_proj_example/runs/user_proj_example/results/lvs/user_proj_example.lvs.powered.v:1668: Warning: Identifier `\_0310_' is implicitly declared.
/project/openlane/user_proj_example/runs/user_proj_example/results/lvs/user_proj_example.lvs.powered.v:1674: Warning: Identifier `\_0311_' is implicitly declared.
/project/openlane/user_proj_example/runs/user_proj_example/results/lvs/user_proj_example.lvs.powered.v:1682: Warning: Identifier `\_0312_' is implicitly declared.
/project/openlane/user_proj_example/runs/user_proj_example/results/lvs/user_proj_example.lvs.powered.v:1689: Warning: Identifier `\_0313_' is implicitly declared.
/project/openlane/user_proj_example/runs/user_proj_example/results/lvs/user_proj_example.lvs.powered.v:1696: Warning: Identifier `\_0314_' is implicitly declared.
/project/openlane/user_proj_example/runs/user_proj_example/results/lvs/user_proj_example.lvs.powered.v:1703: Warning: Identifier `\_0315_' is implicitly declared.
/project/openlane/user_proj_example/runs/user_proj_example/results/lvs/user_proj_example.lvs.powered.v:1711: Warning: Identifier `\_0076_' is implicitly declared.
/project/openlane/user_proj_example/runs/user_proj_example/results/lvs/user_proj_example.lvs.powered.v:1718: Warning: Identifier `\_0316_' is implicitly declared.
/project/openlane/user_proj_example/runs/user_proj_example/results/lvs/user_proj_example.lvs.powered.v:1725: Warning: Identifier `\_0317_' is implicitly declared.
/project/openlane/user_proj_example/runs/user_proj_example/results/lvs/user_proj_example.lvs.powered.v:1733: Warning: Identifier `\_0318_' is implicitly declared.
/project/openlane/user_proj_example/runs/user_proj_example/results/lvs/user_proj_example.lvs.powered.v:1740: Warning: Identifier `\_0319_' is implicitly declared.
/project/openlane/user_proj_example/runs/user_proj_example/results/lvs/user_proj_example.lvs.powered.v:1747: Warning: Identifier `\_0075_' is implicitly declared.
/project/openlane/user_proj_example/runs/user_proj_example/results/lvs/user_proj_example.lvs.powered.v:1754: Warning: Identifier `\_0320_' is implicitly declared.
/project/openlane/user_proj_example/runs/user_proj_example/results/lvs/user_proj_example.lvs.powered.v:1761: Warning: Identifier `\_0321_' is implicitly declared.
/project/openlane/user_proj_example/runs/user_proj_example/results/lvs/user_proj_example.lvs.powered.v:1768: Warning: Identifier `\_0322_' is implicitly declared.
/project/openlane/user_proj_example/runs/user_proj_example/results/lvs/user_proj_example.lvs.powered.v:1775: Warning: Identifier `\_0323_' is implicitly declared.
/project/openlane/user_proj_example/runs/user_proj_example/results/lvs/user_proj_example.lvs.powered.v:1783: Warning: Identifier `\_0074_' is implicitly declared.
/project/openlane/user_proj_example/runs/user_proj_example/results/lvs/user_proj_example.lvs.powered.v:1790: Warning: Identifier `\_0324_' is implicitly declared.
/project/openlane/user_proj_example/runs/user_proj_example/results/lvs/user_proj_example.lvs.powered.v:1797: Warning: Identifier `\_0325_' is implicitly declared.
/project/openlane/user_proj_example/runs/user_proj_example/results/lvs/user_proj_example.lvs.powered.v:1804: Warning: Identifier `\_0326_' is implicitly declared.
/project/openlane/user_proj_example/runs/user_proj_example/results/lvs/user_proj_example.lvs.powered.v:1812: Warning: Identifier `\_0073_' is implicitly declared.
/project/openlane/user_proj_example/runs/user_proj_example/results/lvs/user_proj_example.lvs.powered.v:1818: Warning: Identifier `\_0327_' is implicitly declared.
/project/openlane/user_proj_example/runs/user_proj_example/results/lvs/user_proj_example.lvs.powered.v:1824: Warning: Identifier `\_0328_' is implicitly declared.
/project/openlane/user_proj_example/runs/user_proj_example/results/lvs/user_proj_example.lvs.powered.v:1831: Warning: Identifier `\_0329_' is implicitly declared.
/project/openlane/user_proj_example/runs/user_proj_example/results/lvs/user_proj_example.lvs.powered.v:1837: Warning: Identifier `\_0330_' is implicitly declared.
/project/openlane/user_proj_example/runs/user_proj_example/results/lvs/user_proj_example.lvs.powered.v:1843: Warning: Identifier `\_0331_' is implicitly declared.
/project/openlane/user_proj_example/runs/user_proj_example/results/lvs/user_proj_example.lvs.powered.v:1850: Warning: Identifier `\_0332_' is implicitly declared.
/project/openlane/user_proj_example/runs/user_proj_example/results/lvs/user_proj_example.lvs.powered.v:1856: Warning: Identifier `\_0333_' is implicitly declared.
/project/openlane/user_proj_example/runs/user_proj_example/results/lvs/user_proj_example.lvs.powered.v:1863: Warning: Identifier `\_0334_' is implicitly declared.
/project/openlane/user_proj_example/runs/user_proj_example/results/lvs/user_proj_example.lvs.powered.v:1870: Warning: Identifier `\_0335_' is implicitly declared.
/project/openlane/user_proj_example/runs/user_proj_example/results/lvs/user_proj_example.lvs.powered.v:1877: Warning: Identifier `\_0336_' is implicitly declared.
/project/openlane/user_proj_example/runs/user_proj_example/results/lvs/user_proj_example.lvs.powered.v:1884: Warning: Identifier `\_0337_' is implicitly declared.
/project/openlane/user_proj_example/runs/user_proj_example/results/lvs/user_proj_example.lvs.powered.v:1891: Warning: Identifier `\_0338_' is implicitly declared.
/project/openlane/user_proj_example/runs/user_proj_example/results/lvs/user_proj_example.lvs.powered.v:1898: Warning: Identifier `\_0339_' is implicitly declared.
/project/openlane/user_proj_example/runs/user_proj_example/results/lvs/user_proj_example.lvs.powered.v:1906: Warning: Identifier `\_0340_' is implicitly declared.
/project/openlane/user_proj_example/runs/user_proj_example/results/lvs/user_proj_example.lvs.powered.v:1914: Warning: Identifier `\_0072_' is implicitly declared.
/project/openlane/user_proj_example/runs/user_proj_example/results/lvs/user_proj_example.lvs.powered.v:1921: Warning: Identifier `\_0341_' is implicitly declared.
/project/openlane/user_proj_example/runs/user_proj_example/results/lvs/user_proj_example.lvs.powered.v:1927: Warning: Identifier `\_0342_' is implicitly declared.
/project/openlane/user_proj_example/runs/user_proj_example/results/lvs/user_proj_example.lvs.powered.v:1934: Warning: Identifier `\_0343_' is implicitly declared.
/project/openlane/user_proj_example/runs/user_proj_example/results/lvs/user_proj_example.lvs.powered.v:1941: Warning: Identifier `\_0344_' is implicitly declared.
/project/openlane/user_proj_example/runs/user_proj_example/results/lvs/user_proj_example.lvs.powered.v:1949: Warning: Identifier `\_0071_' is implicitly declared.
/project/openlane/user_proj_example/runs/user_proj_example/results/lvs/user_proj_example.lvs.powered.v:1956: Warning: Identifier `\_0345_' is implicitly declared.
/project/openlane/user_proj_example/runs/user_proj_example/results/lvs/user_proj_example.lvs.powered.v:1963: Warning: Identifier `\_0346_' is implicitly declared.
/project/openlane/user_proj_example/runs/user_proj_example/results/lvs/user_proj_example.lvs.powered.v:1970: Warning: Identifier `\_0347_' is implicitly declared.
/project/openlane/user_proj_example/runs/user_proj_example/results/lvs/user_proj_example.lvs.powered.v:1977: Warning: Identifier `\_0348_' is implicitly declared.
/project/openlane/user_proj_example/runs/user_proj_example/results/lvs/user_proj_example.lvs.powered.v:1985: Warning: Identifier `\_0070_' is implicitly declared.
/project/openlane/user_proj_example/runs/user_proj_example/results/lvs/user_proj_example.lvs.powered.v:1992: Warning: Identifier `\_0349_' is implicitly declared.
/project/openlane/user_proj_example/runs/user_proj_example/results/lvs/user_proj_example.lvs.powered.v:1998: Warning: Identifier `\_0350_' is implicitly declared.
/project/openlane/user_proj_example/runs/user_proj_example/results/lvs/user_proj_example.lvs.powered.v:2005: Warning: Identifier `\_0351_' is implicitly declared.
/project/openlane/user_proj_example/runs/user_proj_example/results/lvs/user_proj_example.lvs.powered.v:2012: Warning: Identifier `\_0352_' is implicitly declared.
/project/openlane/user_proj_example/runs/user_proj_example/results/lvs/user_proj_example.lvs.powered.v:2019: Warning: Identifier `\_0353_' is implicitly declared.
/project/openlane/user_proj_example/runs/user_proj_example/results/lvs/user_proj_example.lvs.powered.v:2027: Warning: Identifier `\_0069_' is implicitly declared.
/project/openlane/user_proj_example/runs/user_proj_example/results/lvs/user_proj_example.lvs.powered.v:2034: Warning: Identifier `\_0354_' is implicitly declared.
/project/openlane/user_proj_example/runs/user_proj_example/results/lvs/user_proj_example.lvs.powered.v:2041: Warning: Identifier `\_0355_' is implicitly declared.
/project/openlane/user_proj_example/runs/user_proj_example/results/lvs/user_proj_example.lvs.powered.v:2048: Warning: Identifier `\_0356_' is implicitly declared.
/project/openlane/user_proj_example/runs/user_proj_example/results/lvs/user_proj_example.lvs.powered.v:2055: Warning: Identifier `\_0357_' is implicitly declared.
/project/openlane/user_proj_example/runs/user_proj_example/results/lvs/user_proj_example.lvs.powered.v:2062: Warning: Identifier `\_0358_' is implicitly declared.
/project/openlane/user_proj_example/runs/user_proj_example/results/lvs/user_proj_example.lvs.powered.v:2070: Warning: Identifier `\_0359_' is implicitly declared.
/project/openlane/user_proj_example/runs/user_proj_example/results/lvs/user_proj_example.lvs.powered.v:2077: Warning: Identifier `\_0360_' is implicitly declared.
/project/openlane/user_proj_example/runs/user_proj_example/results/lvs/user_proj_example.lvs.powered.v:2084: Warning: Identifier `\_0068_' is implicitly declared.
/project/openlane/user_proj_example/runs/user_proj_example/results/lvs/user_proj_example.lvs.powered.v:2091: Warning: Identifier `\_0361_' is implicitly declared.
/project/openlane/user_proj_example/runs/user_proj_example/results/lvs/user_proj_example.lvs.powered.v:2098: Warning: Identifier `\_0362_' is implicitly declared.
/project/openlane/user_proj_example/runs/user_proj_example/results/lvs/user_proj_example.lvs.powered.v:2105: Warning: Identifier `\_0363_' is implicitly declared.
/project/openlane/user_proj_example/runs/user_proj_example/results/lvs/user_proj_example.lvs.powered.v:2113: Warning: Identifier `\_0067_' is implicitly declared.
/project/openlane/user_proj_example/runs/user_proj_example/results/lvs/user_proj_example.lvs.powered.v:2120: Warning: Identifier `\_0364_' is implicitly declared.
/project/openlane/user_proj_example/runs/user_proj_example/results/lvs/user_proj_example.lvs.powered.v:2127: Warning: Identifier `\_0365_' is implicitly declared.
/project/openlane/user_proj_example/runs/user_proj_example/results/lvs/user_proj_example.lvs.powered.v:2134: Warning: Identifier `\_0366_' is implicitly declared.
/project/openlane/user_proj_example/runs/user_proj_example/results/lvs/user_proj_example.lvs.powered.v:2141: Warning: Identifier `\_0367_' is implicitly declared.
/project/openlane/user_proj_example/runs/user_proj_example/results/lvs/user_proj_example.lvs.powered.v:2149: Warning: Identifier `\_0066_' is implicitly declared.
/project/openlane/user_proj_example/runs/user_proj_example/results/lvs/user_proj_example.lvs.powered.v:2156: Warning: Identifier `\_0368_' is implicitly declared.
/project/openlane/user_proj_example/runs/user_proj_example/results/lvs/user_proj_example.lvs.powered.v:2163: Warning: Identifier `\_0369_' is implicitly declared.
/project/openlane/user_proj_example/runs/user_proj_example/results/lvs/user_proj_example.lvs.powered.v:2170: Warning: Identifier `\_0370_' is implicitly declared.
/project/openlane/user_proj_example/runs/user_proj_example/results/lvs/user_proj_example.lvs.powered.v:2177: Warning: Identifier `\_0371_' is implicitly declared.
/project/openlane/user_proj_example/runs/user_proj_example/results/lvs/user_proj_example.lvs.powered.v:2185: Warning: Identifier `\_0065_' is implicitly declared.
/project/openlane/user_proj_example/runs/user_proj_example/results/lvs/user_proj_example.lvs.powered.v:2193: Warning: Identifier `\_0372_' is implicitly declared.
/project/openlane/user_proj_example/runs/user_proj_example/results/lvs/user_proj_example.lvs.powered.v:2199: Warning: Identifier `\_0373_' is implicitly declared.
/project/openlane/user_proj_example/runs/user_proj_example/results/lvs/user_proj_example.lvs.powered.v:2205: Warning: Identifier `\_0374_' is implicitly declared.
/project/openlane/user_proj_example/runs/user_proj_example/results/lvs/user_proj_example.lvs.powered.v:2211: Warning: Identifier `\_0064_' is implicitly declared.
/project/openlane/user_proj_example/runs/user_proj_example/results/lvs/user_proj_example.lvs.powered.v:2217: Warning: Identifier `\_0375_' is implicitly declared.
/project/openlane/user_proj_example/runs/user_proj_example/results/lvs/user_proj_example.lvs.powered.v:2224: Warning: Identifier `\_0376_' is implicitly declared.
/project/openlane/user_proj_example/runs/user_proj_example/results/lvs/user_proj_example.lvs.powered.v:2231: Warning: Identifier `\_0377_' is implicitly declared.
/project/openlane/user_proj_example/runs/user_proj_example/results/lvs/user_proj_example.lvs.powered.v:2238: Warning: Identifier `\_0063_' is implicitly declared.
/project/openlane/user_proj_example/runs/user_proj_example/results/lvs/user_proj_example.lvs.powered.v:2245: Warning: Identifier `\_0378_' is implicitly declared.
/project/openlane/user_proj_example/runs/user_proj_example/results/lvs/user_proj_example.lvs.powered.v:2252: Warning: Identifier `\_0379_' is implicitly declared.
/project/openlane/user_proj_example/runs/user_proj_example/results/lvs/user_proj_example.lvs.powered.v:2259: Warning: Identifier `\_0062_' is implicitly declared.
/project/openlane/user_proj_example/runs/user_proj_example/results/lvs/user_proj_example.lvs.powered.v:2266: Warning: Identifier `\_0380_' is implicitly declared.
/project/openlane/user_proj_example/runs/user_proj_example/results/lvs/user_proj_example.lvs.powered.v:2273: Warning: Identifier `\_0381_' is implicitly declared.
/project/openlane/user_proj_example/runs/user_proj_example/results/lvs/user_proj_example.lvs.powered.v:2280: Warning: Identifier `\_0061_' is implicitly declared.
/project/openlane/user_proj_example/runs/user_proj_example/results/lvs/user_proj_example.lvs.powered.v:2287: Warning: Identifier `\_0382_' is implicitly declared.
/project/openlane/user_proj_example/runs/user_proj_example/results/lvs/user_proj_example.lvs.powered.v:2294: Warning: Identifier `\_0383_' is implicitly declared.
/project/openlane/user_proj_example/runs/user_proj_example/results/lvs/user_proj_example.lvs.powered.v:2301: Warning: Identifier `\_0060_' is implicitly declared.
/project/openlane/user_proj_example/runs/user_proj_example/results/lvs/user_proj_example.lvs.powered.v:2308: Warning: Identifier `\_0384_' is implicitly declared.
/project/openlane/user_proj_example/runs/user_proj_example/results/lvs/user_proj_example.lvs.powered.v:2315: Warning: Identifier `\_0385_' is implicitly declared.
/project/openlane/user_proj_example/runs/user_proj_example/results/lvs/user_proj_example.lvs.powered.v:2322: Warning: Identifier `\_0059_' is implicitly declared.
/project/openlane/user_proj_example/runs/user_proj_example/results/lvs/user_proj_example.lvs.powered.v:2329: Warning: Identifier `\_0386_' is implicitly declared.
/project/openlane/user_proj_example/runs/user_proj_example/results/lvs/user_proj_example.lvs.powered.v:2336: Warning: Identifier `\_0387_' is implicitly declared.
/project/openlane/user_proj_example/runs/user_proj_example/results/lvs/user_proj_example.lvs.powered.v:2343: Warning: Identifier `\_0058_' is implicitly declared.
/project/openlane/user_proj_example/runs/user_proj_example/results/lvs/user_proj_example.lvs.powered.v:2350: Warning: Identifier `\_0388_' is implicitly declared.
/project/openlane/user_proj_example/runs/user_proj_example/results/lvs/user_proj_example.lvs.powered.v:2357: Warning: Identifier `\_0389_' is implicitly declared.
/project/openlane/user_proj_example/runs/user_proj_example/results/lvs/user_proj_example.lvs.powered.v:2364: Warning: Identifier `\_0057_' is implicitly declared.
/project/openlane/user_proj_example/runs/user_proj_example/results/lvs/user_proj_example.lvs.powered.v:2371: Warning: Identifier `\_0390_' is implicitly declared.
/project/openlane/user_proj_example/runs/user_proj_example/results/lvs/user_proj_example.lvs.powered.v:2378: Warning: Identifier `\_0391_' is implicitly declared.
/project/openlane/user_proj_example/runs/user_proj_example/results/lvs/user_proj_example.lvs.powered.v:2385: Warning: Identifier `\_0056_' is implicitly declared.
/project/openlane/user_proj_example/runs/user_proj_example/results/lvs/user_proj_example.lvs.powered.v:2392: Warning: Identifier `\_0392_' is implicitly declared.
/project/openlane/user_proj_example/runs/user_proj_example/results/lvs/user_proj_example.lvs.powered.v:2399: Warning: Identifier `\_0393_' is implicitly declared.
/project/openlane/user_proj_example/runs/user_proj_example/results/lvs/user_proj_example.lvs.powered.v:2406: Warning: Identifier `\_0055_' is implicitly declared.
/project/openlane/user_proj_example/runs/user_proj_example/results/lvs/user_proj_example.lvs.powered.v:2413: Warning: Identifier `\_0394_' is implicitly declared.
/project/openlane/user_proj_example/runs/user_proj_example/results/lvs/user_proj_example.lvs.powered.v:2420: Warning: Identifier `\_0395_' is implicitly declared.
/project/openlane/user_proj_example/runs/user_proj_example/results/lvs/user_proj_example.lvs.powered.v:2427: Warning: Identifier `\_0054_' is implicitly declared.
/project/openlane/user_proj_example/runs/user_proj_example/results/lvs/user_proj_example.lvs.powered.v:2434: Warning: Identifier `\_0396_' is implicitly declared.
/project/openlane/user_proj_example/runs/user_proj_example/results/lvs/user_proj_example.lvs.powered.v:2441: Warning: Identifier `\_0397_' is implicitly declared.
/project/openlane/user_proj_example/runs/user_proj_example/results/lvs/user_proj_example.lvs.powered.v:2448: Warning: Identifier `\_0053_' is implicitly declared.
/project/openlane/user_proj_example/runs/user_proj_example/results/lvs/user_proj_example.lvs.powered.v:2455: Warning: Identifier `\_0398_' is implicitly declared.
/project/openlane/user_proj_example/runs/user_proj_example/results/lvs/user_proj_example.lvs.powered.v:2462: Warning: Identifier `\_0399_' is implicitly declared.
/project/openlane/user_proj_example/runs/user_proj_example/results/lvs/user_proj_example.lvs.powered.v:2469: Warning: Identifier `\_0052_' is implicitly declared.
/project/openlane/user_proj_example/runs/user_proj_example/results/lvs/user_proj_example.lvs.powered.v:2476: Warning: Identifier `\_0400_' is implicitly declared.
/project/openlane/user_proj_example/runs/user_proj_example/results/lvs/user_proj_example.lvs.powered.v:2483: Warning: Identifier `\_0401_' is implicitly declared.
/project/openlane/user_proj_example/runs/user_proj_example/results/lvs/user_proj_example.lvs.powered.v:2490: Warning: Identifier `\_0051_' is implicitly declared.
/project/openlane/user_proj_example/runs/user_proj_example/results/lvs/user_proj_example.lvs.powered.v:2497: Warning: Identifier `\_0402_' is implicitly declared.
/project/openlane/user_proj_example/runs/user_proj_example/results/lvs/user_proj_example.lvs.powered.v:2504: Warning: Identifier `\_0403_' is implicitly declared.
/project/openlane/user_proj_example/runs/user_proj_example/results/lvs/user_proj_example.lvs.powered.v:2511: Warning: Identifier `\_0050_' is implicitly declared.
/project/openlane/user_proj_example/runs/user_proj_example/results/lvs/user_proj_example.lvs.powered.v:2518: Warning: Identifier `\_0404_' is implicitly declared.
/project/openlane/user_proj_example/runs/user_proj_example/results/lvs/user_proj_example.lvs.powered.v:2525: Warning: Identifier `\_0405_' is implicitly declared.
/project/openlane/user_proj_example/runs/user_proj_example/results/lvs/user_proj_example.lvs.powered.v:2532: Warning: Identifier `\_0049_' is implicitly declared.
/project/openlane/user_proj_example/runs/user_proj_example/results/lvs/user_proj_example.lvs.powered.v:2539: Warning: Identifier `\_0406_' is implicitly declared.
/project/openlane/user_proj_example/runs/user_proj_example/results/lvs/user_proj_example.lvs.powered.v:2546: Warning: Identifier `\_0407_' is implicitly declared.
/project/openlane/user_proj_example/runs/user_proj_example/results/lvs/user_proj_example.lvs.powered.v:2553: Warning: Identifier `\_0048_' is implicitly declared.
/project/openlane/user_proj_example/runs/user_proj_example/results/lvs/user_proj_example.lvs.powered.v:2560: Warning: Identifier `\_0408_' is implicitly declared.
/project/openlane/user_proj_example/runs/user_proj_example/results/lvs/user_proj_example.lvs.powered.v:2567: Warning: Identifier `\_0409_' is implicitly declared.
/project/openlane/user_proj_example/runs/user_proj_example/results/lvs/user_proj_example.lvs.powered.v:2574: Warning: Identifier `\_0047_' is implicitly declared.
/project/openlane/user_proj_example/runs/user_proj_example/results/lvs/user_proj_example.lvs.powered.v:2581: Warning: Identifier `\_0410_' is implicitly declared.
/project/openlane/user_proj_example/runs/user_proj_example/results/lvs/user_proj_example.lvs.powered.v:2588: Warning: Identifier `\_0411_' is implicitly declared.
/project/openlane/user_proj_example/runs/user_proj_example/results/lvs/user_proj_example.lvs.powered.v:2595: Warning: Identifier `\_0046_' is implicitly declared.
/project/openlane/user_proj_example/runs/user_proj_example/results/lvs/user_proj_example.lvs.powered.v:2602: Warning: Identifier `\_0412_' is implicitly declared.
/project/openlane/user_proj_example/runs/user_proj_example/results/lvs/user_proj_example.lvs.powered.v:2609: Warning: Identifier `\_0413_' is implicitly declared.
/project/openlane/user_proj_example/runs/user_proj_example/results/lvs/user_proj_example.lvs.powered.v:2616: Warning: Identifier `\_0045_' is implicitly declared.
/project/openlane/user_proj_example/runs/user_proj_example/results/lvs/user_proj_example.lvs.powered.v:2623: Warning: Identifier `\_0414_' is implicitly declared.
/project/openlane/user_proj_example/runs/user_proj_example/results/lvs/user_proj_example.lvs.powered.v:2630: Warning: Identifier `\_0415_' is implicitly declared.
/project/openlane/user_proj_example/runs/user_proj_example/results/lvs/user_proj_example.lvs.powered.v:2637: Warning: Identifier `\_0044_' is implicitly declared.
/project/openlane/user_proj_example/runs/user_proj_example/results/lvs/user_proj_example.lvs.powered.v:2644: Warning: Identifier `\_0416_' is implicitly declared.
/project/openlane/user_proj_example/runs/user_proj_example/results/lvs/user_proj_example.lvs.powered.v:2651: Warning: Identifier `\_0417_' is implicitly declared.
/project/openlane/user_proj_example/runs/user_proj_example/results/lvs/user_proj_example.lvs.powered.v:2658: Warning: Identifier `\_0043_' is implicitly declared.
/project/openlane/user_proj_example/runs/user_proj_example/results/lvs/user_proj_example.lvs.powered.v:2665: Warning: Identifier `\_0418_' is implicitly declared.
/project/openlane/user_proj_example/runs/user_proj_example/results/lvs/user_proj_example.lvs.powered.v:2672: Warning: Identifier `\_0419_' is implicitly declared.
/project/openlane/user_proj_example/runs/user_proj_example/results/lvs/user_proj_example.lvs.powered.v:2679: Warning: Identifier `\_0042_' is implicitly declared.
/project/openlane/user_proj_example/runs/user_proj_example/results/lvs/user_proj_example.lvs.powered.v:2686: Warning: Identifier `\_0420_' is implicitly declared.
/project/openlane/user_proj_example/runs/user_proj_example/results/lvs/user_proj_example.lvs.powered.v:2693: Warning: Identifier `\_0421_' is implicitly declared.
/project/openlane/user_proj_example/runs/user_proj_example/results/lvs/user_proj_example.lvs.powered.v:2700: Warning: Identifier `\_0041_' is implicitly declared.
/project/openlane/user_proj_example/runs/user_proj_example/results/lvs/user_proj_example.lvs.powered.v:2707: Warning: Identifier `\_0422_' is implicitly declared.
/project/openlane/user_proj_example/runs/user_proj_example/results/lvs/user_proj_example.lvs.powered.v:2714: Warning: Identifier `\_0423_' is implicitly declared.
/project/openlane/user_proj_example/runs/user_proj_example/results/lvs/user_proj_example.lvs.powered.v:2721: Warning: Identifier `\_0040_' is implicitly declared.
/project/openlane/user_proj_example/runs/user_proj_example/results/lvs/user_proj_example.lvs.powered.v:2728: Warning: Identifier `\_0424_' is implicitly declared.
/project/openlane/user_proj_example/runs/user_proj_example/results/lvs/user_proj_example.lvs.powered.v:2735: Warning: Identifier `\_0425_' is implicitly declared.
/project/openlane/user_proj_example/runs/user_proj_example/results/lvs/user_proj_example.lvs.powered.v:2742: Warning: Identifier `\_0039_' is implicitly declared.
/project/openlane/user_proj_example/runs/user_proj_example/results/lvs/user_proj_example.lvs.powered.v:2749: Warning: Identifier `\_0426_' is implicitly declared.
/project/openlane/user_proj_example/runs/user_proj_example/results/lvs/user_proj_example.lvs.powered.v:2756: Warning: Identifier `\_0427_' is implicitly declared.
/project/openlane/user_proj_example/runs/user_proj_example/results/lvs/user_proj_example.lvs.powered.v:2763: Warning: Identifier `\_0038_' is implicitly declared.
/project/openlane/user_proj_example/runs/user_proj_example/results/lvs/user_proj_example.lvs.powered.v:2770: Warning: Identifier `\_0428_' is implicitly declared.
/project/openlane/user_proj_example/runs/user_proj_example/results/lvs/user_proj_example.lvs.powered.v:2777: Warning: Identifier `\_0429_' is implicitly declared.
/project/openlane/user_proj_example/runs/user_proj_example/results/lvs/user_proj_example.lvs.powered.v:2784: Warning: Identifier `\_0037_' is implicitly declared.
/project/openlane/user_proj_example/runs/user_proj_example/results/lvs/user_proj_example.lvs.powered.v:2791: Warning: Identifier `\_0430_' is implicitly declared.
/project/openlane/user_proj_example/runs/user_proj_example/results/lvs/user_proj_example.lvs.powered.v:2798: Warning: Identifier `\_0431_' is implicitly declared.
/project/openlane/user_proj_example/runs/user_proj_example/results/lvs/user_proj_example.lvs.powered.v:2805: Warning: Identifier `\_0036_' is implicitly declared.
/project/openlane/user_proj_example/runs/user_proj_example/results/lvs/user_proj_example.lvs.powered.v:2812: Warning: Identifier `\_0432_' is implicitly declared.
/project/openlane/user_proj_example/runs/user_proj_example/results/lvs/user_proj_example.lvs.powered.v:2819: Warning: Identifier `\_0433_' is implicitly declared.
/project/openlane/user_proj_example/runs/user_proj_example/results/lvs/user_proj_example.lvs.powered.v:2826: Warning: Identifier `\_0035_' is implicitly declared.
/project/openlane/user_proj_example/runs/user_proj_example/results/lvs/user_proj_example.lvs.powered.v:2833: Warning: Identifier `\_0434_' is implicitly declared.
/project/openlane/user_proj_example/runs/user_proj_example/results/lvs/user_proj_example.lvs.powered.v:2840: Warning: Identifier `\_0435_' is implicitly declared.
/project/openlane/user_proj_example/runs/user_proj_example/results/lvs/user_proj_example.lvs.powered.v:2847: Warning: Identifier `\_0034_' is implicitly declared.
/project/openlane/user_proj_example/runs/user_proj_example/results/lvs/user_proj_example.lvs.powered.v:2854: Warning: Identifier `\_0436_' is implicitly declared.
/project/openlane/user_proj_example/runs/user_proj_example/results/lvs/user_proj_example.lvs.powered.v:2861: Warning: Identifier `\_0437_' is implicitly declared.
/project/openlane/user_proj_example/runs/user_proj_example/results/lvs/user_proj_example.lvs.powered.v:2868: Warning: Identifier `\_0033_' is implicitly declared.
/project/openlane/user_proj_example/runs/user_proj_example/results/lvs/user_proj_example.lvs.powered.v:2875: Warning: Identifier `\_0438_' is implicitly declared.
/project/openlane/user_proj_example/runs/user_proj_example/results/lvs/user_proj_example.lvs.powered.v:2882: Warning: Identifier `\_0439_' is implicitly declared.
/project/openlane/user_proj_example/runs/user_proj_example/results/lvs/user_proj_example.lvs.powered.v:2889: Warning: Identifier `\_0032_' is implicitly declared.
/project/openlane/user_proj_example/runs/user_proj_example/results/lvs/user_proj_example.lvs.powered.v:2896: Warning: Identifier `\_0440_' is implicitly declared.
/project/openlane/user_proj_example/runs/user_proj_example/results/lvs/user_proj_example.lvs.powered.v:2902: Warning: Identifier `\_0441_' is implicitly declared.
/project/openlane/user_proj_example/runs/user_proj_example/results/lvs/user_proj_example.lvs.powered.v:2909: Warning: Identifier `\_0442_' is implicitly declared.
/project/openlane/user_proj_example/runs/user_proj_example/results/lvs/user_proj_example.lvs.powered.v:2916: Warning: Identifier `\_0031_' is implicitly declared.
/project/openlane/user_proj_example/runs/user_proj_example/results/lvs/user_proj_example.lvs.powered.v:2923: Warning: Identifier `\_0443_' is implicitly declared.
/project/openlane/user_proj_example/runs/user_proj_example/results/lvs/user_proj_example.lvs.powered.v:2930: Warning: Identifier `\_0444_' is implicitly declared.
/project/openlane/user_proj_example/runs/user_proj_example/results/lvs/user_proj_example.lvs.powered.v:2937: Warning: Identifier `\_0030_' is implicitly declared.
/project/openlane/user_proj_example/runs/user_proj_example/results/lvs/user_proj_example.lvs.powered.v:2944: Warning: Identifier `\_0445_' is implicitly declared.
/project/openlane/user_proj_example/runs/user_proj_example/results/lvs/user_proj_example.lvs.powered.v:2950: Warning: Identifier `\_0446_' is implicitly declared.
/project/openlane/user_proj_example/runs/user_proj_example/results/lvs/user_proj_example.lvs.powered.v:2957: Warning: Identifier `\_0447_' is implicitly declared.
/project/openlane/user_proj_example/runs/user_proj_example/results/lvs/user_proj_example.lvs.powered.v:2964: Warning: Identifier `\_0029_' is implicitly declared.
/project/openlane/user_proj_example/runs/user_proj_example/results/lvs/user_proj_example.lvs.powered.v:2971: Warning: Identifier `\_0448_' is implicitly declared.
/project/openlane/user_proj_example/runs/user_proj_example/results/lvs/user_proj_example.lvs.powered.v:2978: Warning: Identifier `\_0449_' is implicitly declared.
/project/openlane/user_proj_example/runs/user_proj_example/results/lvs/user_proj_example.lvs.powered.v:2985: Warning: Identifier `\_0028_' is implicitly declared.
/project/openlane/user_proj_example/runs/user_proj_example/results/lvs/user_proj_example.lvs.powered.v:2991: Warning: Identifier `\_0450_' is implicitly declared.
/project/openlane/user_proj_example/runs/user_proj_example/results/lvs/user_proj_example.lvs.powered.v:2997: Warning: Identifier `\_0451_' is implicitly declared.
/project/openlane/user_proj_example/runs/user_proj_example/results/lvs/user_proj_example.lvs.powered.v:3004: Warning: Identifier `\_0452_' is implicitly declared.
/project/openlane/user_proj_example/runs/user_proj_example/results/lvs/user_proj_example.lvs.powered.v:3011: Warning: Identifier `\_0453_' is implicitly declared.
/project/openlane/user_proj_example/runs/user_proj_example/results/lvs/user_proj_example.lvs.powered.v:3018: Warning: Identifier `\_0027_' is implicitly declared.
/project/openlane/user_proj_example/runs/user_proj_example/results/lvs/user_proj_example.lvs.powered.v:3025: Warning: Identifier `\_0454_' is implicitly declared.
/project/openlane/user_proj_example/runs/user_proj_example/results/lvs/user_proj_example.lvs.powered.v:3032: Warning: Identifier `\_0455_' is implicitly declared.
/project/openlane/user_proj_example/runs/user_proj_example/results/lvs/user_proj_example.lvs.powered.v:3039: Warning: Identifier `\_0026_' is implicitly declared.
/project/openlane/user_proj_example/runs/user_proj_example/results/lvs/user_proj_example.lvs.powered.v:3046: Warning: Identifier `\_0456_' is implicitly declared.
/project/openlane/user_proj_example/runs/user_proj_example/results/lvs/user_proj_example.lvs.powered.v:3053: Warning: Identifier `\_0457_' is implicitly declared.
/project/openlane/user_proj_example/runs/user_proj_example/results/lvs/user_proj_example.lvs.powered.v:3060: Warning: Identifier `\_0025_' is implicitly declared.
/project/openlane/user_proj_example/runs/user_proj_example/results/lvs/user_proj_example.lvs.powered.v:3067: Warning: Identifier `\_0458_' is implicitly declared.
/project/openlane/user_proj_example/runs/user_proj_example/results/lvs/user_proj_example.lvs.powered.v:3073: Warning: Identifier `\_0459_' is implicitly declared.
/project/openlane/user_proj_example/runs/user_proj_example/results/lvs/user_proj_example.lvs.powered.v:3080: Warning: Identifier `\_0460_' is implicitly declared.
/project/openlane/user_proj_example/runs/user_proj_example/results/lvs/user_proj_example.lvs.powered.v:3087: Warning: Identifier `\_0024_' is implicitly declared.
/project/openlane/user_proj_example/runs/user_proj_example/results/lvs/user_proj_example.lvs.powered.v:3094: Warning: Identifier `\_0461_' is implicitly declared.
/project/openlane/user_proj_example/runs/user_proj_example/results/lvs/user_proj_example.lvs.powered.v:3101: Warning: Identifier `\_0462_' is implicitly declared.
/project/openlane/user_proj_example/runs/user_proj_example/results/lvs/user_proj_example.lvs.powered.v:3108: Warning: Identifier `\_0023_' is implicitly declared.
/project/openlane/user_proj_example/runs/user_proj_example/results/lvs/user_proj_example.lvs.powered.v:3114: Warning: Identifier `\_0463_' is implicitly declared.
/project/openlane/user_proj_example/runs/user_proj_example/results/lvs/user_proj_example.lvs.powered.v:3121: Warning: Identifier `\_0464_' is implicitly declared.
/project/openlane/user_proj_example/runs/user_proj_example/results/lvs/user_proj_example.lvs.powered.v:3128: Warning: Identifier `\_0465_' is implicitly declared.
/project/openlane/user_proj_example/runs/user_proj_example/results/lvs/user_proj_example.lvs.powered.v:3135: Warning: Identifier `\_0022_' is implicitly declared.
/project/openlane/user_proj_example/runs/user_proj_example/results/lvs/user_proj_example.lvs.powered.v:3142: Warning: Identifier `\_0466_' is implicitly declared.
/project/openlane/user_proj_example/runs/user_proj_example/results/lvs/user_proj_example.lvs.powered.v:3149: Warning: Identifier `\_0467_' is implicitly declared.
/project/openlane/user_proj_example/runs/user_proj_example/results/lvs/user_proj_example.lvs.powered.v:3156: Warning: Identifier `\_0021_' is implicitly declared.
/project/openlane/user_proj_example/runs/user_proj_example/results/lvs/user_proj_example.lvs.powered.v:3163: Warning: Identifier `\_0468_' is implicitly declared.
/project/openlane/user_proj_example/runs/user_proj_example/results/lvs/user_proj_example.lvs.powered.v:3170: Warning: Identifier `\_0469_' is implicitly declared.
/project/openlane/user_proj_example/runs/user_proj_example/results/lvs/user_proj_example.lvs.powered.v:3177: Warning: Identifier `\_0020_' is implicitly declared.
/project/openlane/user_proj_example/runs/user_proj_example/results/lvs/user_proj_example.lvs.powered.v:3184: Warning: Identifier `\_0470_' is implicitly declared.
/project/openlane/user_proj_example/runs/user_proj_example/results/lvs/user_proj_example.lvs.powered.v:3190: Warning: Identifier `\_0471_' is implicitly declared.
/project/openlane/user_proj_example/runs/user_proj_example/results/lvs/user_proj_example.lvs.powered.v:3197: Warning: Identifier `\_0472_' is implicitly declared.
/project/openlane/user_proj_example/runs/user_proj_example/results/lvs/user_proj_example.lvs.powered.v:3204: Warning: Identifier `\_0019_' is implicitly declared.
/project/openlane/user_proj_example/runs/user_proj_example/results/lvs/user_proj_example.lvs.powered.v:3211: Warning: Identifier `\_0473_' is implicitly declared.
/project/openlane/user_proj_example/runs/user_proj_example/results/lvs/user_proj_example.lvs.powered.v:3218: Warning: Identifier `\_0474_' is implicitly declared.
/project/openlane/user_proj_example/runs/user_proj_example/results/lvs/user_proj_example.lvs.powered.v:3225: Warning: Identifier `\_0018_' is implicitly declared.
/project/openlane/user_proj_example/runs/user_proj_example/results/lvs/user_proj_example.lvs.powered.v:3231: Warning: Identifier `\_0475_' is implicitly declared.
/project/openlane/user_proj_example/runs/user_proj_example/results/lvs/user_proj_example.lvs.powered.v:3238: Warning: Identifier `\_0476_' is implicitly declared.
/project/openlane/user_proj_example/runs/user_proj_example/results/lvs/user_proj_example.lvs.powered.v:3245: Warning: Identifier `\_0477_' is implicitly declared.
/project/openlane/user_proj_example/runs/user_proj_example/results/lvs/user_proj_example.lvs.powered.v:3252: Warning: Identifier `\_0017_' is implicitly declared.
/project/openlane/user_proj_example/runs/user_proj_example/results/lvs/user_proj_example.lvs.powered.v:3259: Warning: Identifier `\_0478_' is implicitly declared.
/project/openlane/user_proj_example/runs/user_proj_example/results/lvs/user_proj_example.lvs.powered.v:3266: Warning: Identifier `\_0479_' is implicitly declared.
/project/openlane/user_proj_example/runs/user_proj_example/results/lvs/user_proj_example.lvs.powered.v:3273: Warning: Identifier `\_0016_' is implicitly declared.
/project/openlane/user_proj_example/runs/user_proj_example/results/lvs/user_proj_example.lvs.powered.v:3280: Warning: Identifier `\_0480_' is implicitly declared.
/project/openlane/user_proj_example/runs/user_proj_example/results/lvs/user_proj_example.lvs.powered.v:3287: Warning: Identifier `\_0481_' is implicitly declared.
/project/openlane/user_proj_example/runs/user_proj_example/results/lvs/user_proj_example.lvs.powered.v:3294: Warning: Identifier `\_0015_' is implicitly declared.
/project/openlane/user_proj_example/runs/user_proj_example/results/lvs/user_proj_example.lvs.powered.v:3301: Warning: Identifier `\_0482_' is implicitly declared.
/project/openlane/user_proj_example/runs/user_proj_example/results/lvs/user_proj_example.lvs.powered.v:3307: Warning: Identifier `\_0483_' is implicitly declared.
/project/openlane/user_proj_example/runs/user_proj_example/results/lvs/user_proj_example.lvs.powered.v:3314: Warning: Identifier `\_0484_' is implicitly declared.
/project/openlane/user_proj_example/runs/user_proj_example/results/lvs/user_proj_example.lvs.powered.v:3321: Warning: Identifier `\_0014_' is implicitly declared.
/project/openlane/user_proj_example/runs/user_proj_example/results/lvs/user_proj_example.lvs.powered.v:3328: Warning: Identifier `\_0485_' is implicitly declared.
/project/openlane/user_proj_example/runs/user_proj_example/results/lvs/user_proj_example.lvs.powered.v:3335: Warning: Identifier `\_0486_' is implicitly declared.
/project/openlane/user_proj_example/runs/user_proj_example/results/lvs/user_proj_example.lvs.powered.v:3342: Warning: Identifier `\_0013_' is implicitly declared.
/project/openlane/user_proj_example/runs/user_proj_example/results/lvs/user_proj_example.lvs.powered.v:3348: Warning: Identifier `\_0487_' is implicitly declared.
/project/openlane/user_proj_example/runs/user_proj_example/results/lvs/user_proj_example.lvs.powered.v:3355: Warning: Identifier `\_0488_' is implicitly declared.
/project/openlane/user_proj_example/runs/user_proj_example/results/lvs/user_proj_example.lvs.powered.v:3362: Warning: Identifier `\_0489_' is implicitly declared.
/project/openlane/user_proj_example/runs/user_proj_example/results/lvs/user_proj_example.lvs.powered.v:3369: Warning: Identifier `\_0012_' is implicitly declared.
/project/openlane/user_proj_example/runs/user_proj_example/results/lvs/user_proj_example.lvs.powered.v:3376: Warning: Identifier `\_0490_' is implicitly declared.
/project/openlane/user_proj_example/runs/user_proj_example/results/lvs/user_proj_example.lvs.powered.v:3383: Warning: Identifier `\_0491_' is implicitly declared.
/project/openlane/user_proj_example/runs/user_proj_example/results/lvs/user_proj_example.lvs.powered.v:3390: Warning: Identifier `\_0011_' is implicitly declared.
/project/openlane/user_proj_example/runs/user_proj_example/results/lvs/user_proj_example.lvs.powered.v:3397: Warning: Identifier `\_0492_' is implicitly declared.
/project/openlane/user_proj_example/runs/user_proj_example/results/lvs/user_proj_example.lvs.powered.v:3404: Warning: Identifier `\_0493_' is implicitly declared.
/project/openlane/user_proj_example/runs/user_proj_example/results/lvs/user_proj_example.lvs.powered.v:3411: Warning: Identifier `\_0010_' is implicitly declared.
/project/openlane/user_proj_example/runs/user_proj_example/results/lvs/user_proj_example.lvs.powered.v:3418: Warning: Identifier `\_0494_' is implicitly declared.
/project/openlane/user_proj_example/runs/user_proj_example/results/lvs/user_proj_example.lvs.powered.v:3424: Warning: Identifier `\_0495_' is implicitly declared.
/project/openlane/user_proj_example/runs/user_proj_example/results/lvs/user_proj_example.lvs.powered.v:3431: Warning: Identifier `\_0496_' is implicitly declared.
/project/openlane/user_proj_example/runs/user_proj_example/results/lvs/user_proj_example.lvs.powered.v:3438: Warning: Identifier `\_0009_' is implicitly declared.
/project/openlane/user_proj_example/runs/user_proj_example/results/lvs/user_proj_example.lvs.powered.v:3445: Warning: Identifier `\_0497_' is implicitly declared.
/project/openlane/user_proj_example/runs/user_proj_example/results/lvs/user_proj_example.lvs.powered.v:3452: Warning: Identifier `\_0498_' is implicitly declared.
/project/openlane/user_proj_example/runs/user_proj_example/results/lvs/user_proj_example.lvs.powered.v:3459: Warning: Identifier `\_0008_' is implicitly declared.
/project/openlane/user_proj_example/runs/user_proj_example/results/lvs/user_proj_example.lvs.powered.v:3465: Warning: Identifier `\_0499_' is implicitly declared.
/project/openlane/user_proj_example/runs/user_proj_example/results/lvs/user_proj_example.lvs.powered.v:3472: Warning: Identifier `\_0500_' is implicitly declared.
/project/openlane/user_proj_example/runs/user_proj_example/results/lvs/user_proj_example.lvs.powered.v:3479: Warning: Identifier `\_0501_' is implicitly declared.
/project/openlane/user_proj_example/runs/user_proj_example/results/lvs/user_proj_example.lvs.powered.v:3486: Warning: Identifier `\_0007_' is implicitly declared.
/project/openlane/user_proj_example/runs/user_proj_example/results/lvs/user_proj_example.lvs.powered.v:3493: Warning: Identifier `\_0502_' is implicitly declared.
/project/openlane/user_proj_example/runs/user_proj_example/results/lvs/user_proj_example.lvs.powered.v:3500: Warning: Identifier `\_0503_' is implicitly declared.
/project/openlane/user_proj_example/runs/user_proj_example/results/lvs/user_proj_example.lvs.powered.v:3507: Warning: Identifier `\_0006_' is implicitly declared.
/project/openlane/user_proj_example/runs/user_proj_example/results/lvs/user_proj_example.lvs.powered.v:3514: Warning: Identifier `\_0504_' is implicitly declared.
/project/openlane/user_proj_example/runs/user_proj_example/results/lvs/user_proj_example.lvs.powered.v:3521: Warning: Identifier `\_0505_' is implicitly declared.
/project/openlane/user_proj_example/runs/user_proj_example/results/lvs/user_proj_example.lvs.powered.v:3528: Warning: Identifier `\_0005_' is implicitly declared.
/project/openlane/user_proj_example/runs/user_proj_example/results/lvs/user_proj_example.lvs.powered.v:3535: Warning: Identifier `\_0506_' is implicitly declared.
/project/openlane/user_proj_example/runs/user_proj_example/results/lvs/user_proj_example.lvs.powered.v:3541: Warning: Identifier `\_0507_' is implicitly declared.
/project/openlane/user_proj_example/runs/user_proj_example/results/lvs/user_proj_example.lvs.powered.v:3548: Warning: Identifier `\_0508_' is implicitly declared.
/project/openlane/user_proj_example/runs/user_proj_example/results/lvs/user_proj_example.lvs.powered.v:3555: Warning: Identifier `\_0004_' is implicitly declared.
/project/openlane/user_proj_example/runs/user_proj_example/results/lvs/user_proj_example.lvs.powered.v:3562: Warning: Identifier `\_0509_' is implicitly declared.
/project/openlane/user_proj_example/runs/user_proj_example/results/lvs/user_proj_example.lvs.powered.v:3569: Warning: Identifier `\_0510_' is implicitly declared.
/project/openlane/user_proj_example/runs/user_proj_example/results/lvs/user_proj_example.lvs.powered.v:3576: Warning: Identifier `\_0003_' is implicitly declared.
/project/openlane/user_proj_example/runs/user_proj_example/results/lvs/user_proj_example.lvs.powered.v:3583: Warning: Identifier `\_0511_' is implicitly declared.
/project/openlane/user_proj_example/runs/user_proj_example/results/lvs/user_proj_example.lvs.powered.v:3590: Warning: Identifier `\_0512_' is implicitly declared.
/project/openlane/user_proj_example/runs/user_proj_example/results/lvs/user_proj_example.lvs.powered.v:3597: Warning: Identifier `\_0002_' is implicitly declared.
/project/openlane/user_proj_example/runs/user_proj_example/results/lvs/user_proj_example.lvs.powered.v:3604: Warning: Identifier `\_0513_' is implicitly declared.
/project/openlane/user_proj_example/runs/user_proj_example/results/lvs/user_proj_example.lvs.powered.v:3611: Warning: Identifier `\_0514_' is implicitly declared.
/project/openlane/user_proj_example/runs/user_proj_example/results/lvs/user_proj_example.lvs.powered.v:3618: Warning: Identifier `\_0001_' is implicitly declared.
/project/openlane/user_proj_example/runs/user_proj_example/results/lvs/user_proj_example.lvs.powered.v:3625: Warning: Identifier `\_0515_' is implicitly declared.
/project/openlane/user_proj_example/runs/user_proj_example/results/lvs/user_proj_example.lvs.powered.v:3632: Warning: Identifier `\_0516_' is implicitly declared.
/project/openlane/user_proj_example/runs/user_proj_example/results/lvs/user_proj_example.lvs.powered.v:3639: Warning: Identifier `\_0000_' is implicitly declared.
/project/openlane/user_proj_example/runs/user_proj_example/results/lvs/user_proj_example.lvs.powered.v:3645: Warning: Identifier `\_0517_' is implicitly declared.
/project/openlane/user_proj_example/runs/user_proj_example/results/lvs/user_proj_example.lvs.powered.v:3654: Warning: Identifier `\counter.clk' is implicitly declared.
/project/openlane/user_proj_example/runs/user_proj_example/results/lvs/user_proj_example.lvs.powered.v:3661: Warning: Identifier `\_0518_' is implicitly declared.
/project/openlane/user_proj_example/runs/user_proj_example/results/lvs/user_proj_example.lvs.powered.v:3668: Warning: Identifier `\_0519_' is implicitly declared.
/project/openlane/user_proj_example/runs/user_proj_example/results/lvs/user_proj_example.lvs.powered.v:3675: Warning: Identifier `\_0520_' is implicitly declared.
/project/openlane/user_proj_example/runs/user_proj_example/results/lvs/user_proj_example.lvs.powered.v:3683: Warning: Identifier `\_0521_' is implicitly declared.
/project/openlane/user_proj_example/runs/user_proj_example/results/lvs/user_proj_example.lvs.powered.v:3691: Warning: Identifier `\_0096_' is implicitly declared.
/project/openlane/user_proj_example/runs/user_proj_example/results/lvs/user_proj_example.lvs.powered.v:4621: Warning: Identifier `\clknet_3_0_0_counter.clk' is implicitly declared.
/project/openlane/user_proj_example/runs/user_proj_example/results/lvs/user_proj_example.lvs.powered.v:4740: Warning: Identifier `\clknet_3_1_0_counter.clk' is implicitly declared.
/project/openlane/user_proj_example/runs/user_proj_example/results/lvs/user_proj_example.lvs.powered.v:4845: Warning: Identifier `\clknet_3_2_0_counter.clk' is implicitly declared.
/project/openlane/user_proj_example/runs/user_proj_example/results/lvs/user_proj_example.lvs.powered.v:4852: Warning: Identifier `\clknet_3_3_0_counter.clk' is implicitly declared.
/project/openlane/user_proj_example/runs/user_proj_example/results/lvs/user_proj_example.lvs.powered.v:4901: Warning: Identifier `\clknet_3_7_0_counter.clk' is implicitly declared.
/project/openlane/user_proj_example/runs/user_proj_example/results/lvs/user_proj_example.lvs.powered.v:4915: Warning: Identifier `\clknet_3_6_0_counter.clk' is implicitly declared.
/project/openlane/user_proj_example/runs/user_proj_example/results/lvs/user_proj_example.lvs.powered.v:4964: Warning: Identifier `\clknet_3_5_0_counter.clk' is implicitly declared.
/project/openlane/user_proj_example/runs/user_proj_example/results/lvs/user_proj_example.lvs.powered.v:4971: Warning: Identifier `\clknet_3_4_0_counter.clk' is implicitly declared.
/project/openlane/user_proj_example/runs/user_proj_example/results/lvs/user_proj_example.lvs.powered.v:15769: Warning: Identifier `\clknet_0_counter.clk' is implicitly declared.
/project/openlane/user_proj_example/runs/user_proj_example/results/lvs/user_proj_example.lvs.powered.v:15775: Warning: Identifier `\clknet_1_0_0_counter.clk' is implicitly declared.
/project/openlane/user_proj_example/runs/user_proj_example/results/lvs/user_proj_example.lvs.powered.v:15781: Warning: Identifier `\clknet_1_1_0_counter.clk' is implicitly declared.
/project/openlane/user_proj_example/runs/user_proj_example/results/lvs/user_proj_example.lvs.powered.v:15787: Warning: Identifier `\clknet_2_0_0_counter.clk' is implicitly declared.
/project/openlane/user_proj_example/runs/user_proj_example/results/lvs/user_proj_example.lvs.powered.v:15793: Warning: Identifier `\clknet_2_1_0_counter.clk' is implicitly declared.
/project/openlane/user_proj_example/runs/user_proj_example/results/lvs/user_proj_example.lvs.powered.v:15799: Warning: Identifier `\clknet_2_2_0_counter.clk' is implicitly declared.
/project/openlane/user_proj_example/runs/user_proj_example/results/lvs/user_proj_example.lvs.powered.v:15805: Warning: Identifier `\clknet_2_3_0_counter.clk' is implicitly declared.
Successfully finished Verilog frontend.

2. Executing Verilog backend.
Dumping module `\user_proj_example'.

Warnings: 538 unique messages, 538 total
End of script. Logfile hash: d19f8121fb, CPU: user 11.04s system 0.17s, MEM: 239.59 MB peak
Yosys 0.9+3621 (git sha1 84e9fa7, gcc 8.3.1 -fPIC -Os)
Time spent: 71% 2x write_verilog (7 sec), 28% 2x read_verilog (3 sec)
