
18. Printing statistics.

=== user_project_wrapper ===

   Number of wires:                446
   Number of wire bits:           1034
   Number of public wires:          25
   Number of public wire bits:     613
   Number of memories:               0
   Number of memory bits:            0
   Number of processes:              0
   Number of cells:                691
     sky130_fd_sc_hd__a21bo_4        3
     sky130_fd_sc_hd__a21o_4        33
     sky130_fd_sc_hd__a21oi_4       12
     sky130_fd_sc_hd__a2bb2o_4      40
     sky130_fd_sc_hd__a32o_4         1
     sky130_fd_sc_hd__a32oi_4        5
     sky130_fd_sc_hd__and2_4        47
     sky130_fd_sc_hd__and3_4         3
     sky130_fd_sc_hd__buf_1         54
     sky130_fd_sc_hd__buf_2         68
     sky130_fd_sc_hd__conb_1       103
     sky130_fd_sc_hd__dfxtp_4       97
     sky130_fd_sc_hd__inv_8         55
     sky130_fd_sc_hd__nor2_4        69
     sky130_fd_sc_hd__nor3_4        17
     sky130_fd_sc_hd__o21a_4        12
     sky130_fd_sc_hd__o22a_4         2
     sky130_fd_sc_hd__or2_4         43
     sky130_fd_sc_hd__or3_4          4
     sky130_fd_sc_hd__or4_4         23

   Area for cell type \sky130_fd_sc_hd__buf_2 is unknown!

   Chip area for module '\user_project_wrapper': 7608.547200

