
19. Printing statistics.

=== user_proj_example ===

   Number of wires:                539
   Number of wire bits:           1127
   Number of public wires:          17
   Number of public wire bits:     605
   Number of memories:               0
   Number of memory bits:            0
   Number of processes:              0
   Number of cells:                792
     sky130_fd_sc_hd__and2_2        19
     sky130_fd_sc_hd__buf_1         49
     sky130_fd_sc_hd__buf_2         68
     sky130_fd_sc_hd__conb_1       103
     sky130_fd_sc_hd__dfxtp_4       97
     sky130_fd_sc_hd__inv_8         46
     sky130_fd_sc_hd__nand2_2      135
     sky130_fd_sc_hd__nor2_2       110
     sky130_fd_sc_hd__nor3_2        36
     sky130_fd_sc_hd__o22a_4         3
     sky130_fd_sc_hd__or2_2         86
     sky130_fd_sc_hd__or3_2          7
     sky130_fd_sc_hd__or4_2         18
     sky130_fd_sc_hd__xor2_2        15

   Chip area for module '\user_proj_example': 6815.286400

