Fri Nov 27 00:39:51 UTC 2020 - Executing "/openLANE_flow/scripts/mergeLef.py -i /home/ubuntu/google-shuttle/.install/pdks/sky130A/libs.ref/sky130_fd_sc_hd/techlef/sky130_fd_sc_hd.tlef /home/ubuntu/google-shuttle/.install/pdks/sky130A/libs.ref/sky130_fd_sc_hd/lef/sky130_fd_sc_hd.lef -o /project/openlane/user_proj_example/runs/user_proj_example/tmp/merged_unpadded.lef |& tee >&@stdout"

Fri Nov 27 00:39:51 UTC 2020 - Executing "/openLANE_flow/scripts/padLefMacro.py -s unithd -r 8 -i /project/openlane/user_proj_example/runs/user_proj_example/tmp/merged_unpadded.lef -o /project/openlane/user_proj_example/runs/user_proj_example/tmp/merged.lef -e {sky130_fd_sc_hd__tap* sky130_fd_sc_hd__decap* sky130_fd_sc_hd__fill*} |& tee >&@stdout"

Fri Nov 27 00:40:02 UTC 2020 - Executing "/openLANE_flow/scripts/libtrim.pl /home/ubuntu/google-shuttle/.install/pdks/sky130A/libs.ref/sky130_fd_sc_hd/lib/sky130_fd_sc_hd__tt_025C_1v80.lib /home/ubuntu/google-shuttle/.install/pdks/sky130A/libs.tech/openlane/sky130_fd_sc_hd/no_synth.cells > /project/openlane/user_proj_example/runs/user_proj_example/tmp/trimmed.lib"

Fri Nov 27 00:40:02 UTC 2020 - Executing "yosys -c /openLANE_flow/scripts/synth.tcl -l /project/openlane/user_proj_example/runs/user_proj_example/logs/synthesis/yosys.log |& tee >&@stdout"

Fri Nov 27 00:40:05 UTC 2020 - Executing "sed -i -e {s/\(set ::env(CURRENT_NETLIST)\).*/\1 \/project\/openlane\/user_proj_example\/runs\/user_proj_example\/results\/synthesis\/user_proj_example.synthesis.v/} /project/openlane/user_proj_example/runs/user_proj_example/config.tcl"

Fri Nov 27 00:40:05 UTC 2020 - Executing "sed -i -e {s/\(set ::env(PREV_NETLIST)\).*/\1 0/} /project/openlane/user_proj_example/runs/user_proj_example/config.tcl"

Fri Nov 27 00:40:05 UTC 2020 - Executing "sta /openLANE_flow/scripts/sta.tcl |& tee >&@stdout /project/openlane/user_proj_example/runs/user_proj_example/logs/synthesis/opensta.log"

Fri Nov 27 00:40:06 UTC 2020 - Executing "openroad -exit /openLANE_flow/scripts/openroad/or_floorplan.tcl |& tee >&@stdout /project/openlane/user_proj_example/runs/user_proj_example/logs/floorplan/verilog2def.openroad.log"

Fri Nov 27 00:40:08 UTC 2020 - Executing "python3 /openLANE_flow/scripts/io_place.py --input-lef /project/openlane/user_proj_example/runs/user_proj_example/tmp/merged.lef --input-def /project/openlane/user_proj_example/runs/user_proj_example/tmp/floorplan/verilog2def_openroad.def --config /project/openlane/user_proj_example/pin_order.cfg --hor-layer 4 --ver-layer 3 --ver-width-mult 2 --hor-width-mult 2 --length-mult 4 -o /project/openlane/user_proj_example/runs/user_proj_example/tmp/floorplan/ioPlacer.def |& tee /project/openlane/user_proj_example/runs/user_proj_example/logs/floorplan/place_io_ol.log >&@stdout"

Fri Nov 27 00:40:08 UTC 2020 - Executing "openroad -exit /openLANE_flow/scripts/openroad/or_tapcell.tcl |& tee >&@stdout /project/openlane/user_proj_example/runs/user_proj_example/logs/floorplan/tapcell.log"

Fri Nov 27 00:40:10 UTC 2020 - Executing "openroad -exit /openLANE_flow/scripts/openroad/or_replace.tcl |& tee >&@stdout /project/openlane/user_proj_example/runs/user_proj_example/logs/placement/replace.log"

Fri Nov 27 00:40:22 UTC 2020 - Executing "/openLANE_flow/scripts/libtrim.pl /home/ubuntu/google-shuttle/.install/pdks/sky130A/libs.ref/sky130_fd_sc_hd/lib/sky130_fd_sc_hd__ss_100C_1v60.lib /home/ubuntu/google-shuttle/.install/pdks/sky130A/libs.tech/openlane/sky130_fd_sc_hd/no_synth.cells > /project/openlane/user_proj_example/runs/user_proj_example/tmp/opt.lib"

Fri Nov 27 00:40:22 UTC 2020 - Executing "Psn /openLANE_flow/scripts/openPhySyn.tcl |& tee >&@stdout /project/openlane/user_proj_example/runs/user_proj_example/logs/placement/openphysyn.log"

Fri Nov 27 00:40:32 UTC 2020 - Executing "openroad -exit /openLANE_flow/scripts/openroad/or_write_verilog.tcl |& tee >&@stdout /project/openlane/user_proj_example/runs/user_proj_example/logs/write_verilog.log"

Fri Nov 27 00:40:33 UTC 2020 - Executing "sed -i -e {s/\(set ::env(CURRENT_NETLIST)\).*/\1 \/project\/openlane\/user_proj_example\/runs\/user_proj_example\/results\/synthesis\/user_proj_example.synthesis_optimized.v/} /project/openlane/user_proj_example/runs/user_proj_example/config.tcl"

Fri Nov 27 00:40:33 UTC 2020 - Executing "sed -i -e {s/\(set ::env(PREV_NETLIST)\).*/\1 \/project\/openlane\/user_proj_example\/runs\/user_proj_example\/results\/synthesis\/user_proj_example.synthesis.v/} /project/openlane/user_proj_example/runs/user_proj_example/config.tcl"

Fri Nov 27 00:40:33 UTC 2020 - Executing "sta /openLANE_flow/scripts/sta.tcl |& tee >&@stdout /project/openlane/user_proj_example/runs/user_proj_example/logs/synthesis/opensta_post_openphysyn.log"

Fri Nov 27 00:40:35 UTC 2020 - Executing "opendp -lef /project/openlane/user_proj_example/runs/user_proj_example/tmp/merged.lef -def /project/openlane/user_proj_example/runs/user_proj_example/tmp/placement/openphysyn.def -output_def /project/openlane/user_proj_example/runs/user_proj_example/results/placement/user_proj_example.placement.def |& tee >&@stdout /project/openlane/user_proj_example/runs/user_proj_example/logs/placement/opendp.log"

Fri Nov 27 00:40:36 UTC 2020 - Executing "openroad -exit /openLANE_flow/scripts/openroad/or_cts.tcl |& tee >&@stdout /project/openlane/user_proj_example/runs/user_proj_example/logs/cts/cts.log"

Fri Nov 27 00:42:47 UTC 2020 - Executing "openroad -exit /openLANE_flow/scripts/openroad/or_write_verilog.tcl |& tee >&@stdout /project/openlane/user_proj_example/runs/user_proj_example/logs/write_verilog.log"

Fri Nov 27 00:42:48 UTC 2020 - Executing "sed -i -e {s/\(set ::env(CURRENT_NETLIST)\).*/\1 \/project\/openlane\/user_proj_example\/runs\/user_proj_example\/results\/synthesis\/user_proj_example.synthesis_cts.v/} /project/openlane/user_proj_example/runs/user_proj_example/config.tcl"

Fri Nov 27 00:42:48 UTC 2020 - Executing "sed -i -e {s/\(set ::env(PREV_NETLIST)\).*/\1 \/project\/openlane\/user_proj_example\/runs\/user_proj_example\/results\/synthesis\/user_proj_example.synthesis_optimized.v/} /project/openlane/user_proj_example/runs/user_proj_example/config.tcl"

Fri Nov 27 00:42:48 UTC 2020 - Executing "openroad -exit /openLANE_flow/scripts/new_pdn.tcl |& tee >&@stdout /project/openlane/user_proj_example/runs/user_proj_example/logs/floorplan/pdn.log"

Fri Nov 27 00:42:50 UTC 2020 - Executing "openroad -exit /openLANE_flow/scripts/openroad/or_route.tcl |& tee >&@stdout /project/openlane/user_proj_example/runs/user_proj_example/logs/routing/fastroute.log"

Fri Nov 27 00:43:01 UTC 2020 - Executing "openroad -exit /openLANE_flow/scripts/openroad/or_route.tcl |& tee >&@stdout /project/openlane/user_proj_example/runs/user_proj_example/logs/routing/fastroute_post_antenna.log"

Fri Nov 27 00:43:15 UTC 2020 - Executing "openroad -exit /openLANE_flow/scripts/openroad/or_fill.tcl |& tee >&@stdout /project/openlane/user_proj_example/runs/user_proj_example/logs/routing/addspacers.log"

Fri Nov 27 00:43:17 UTC 2020 - Executing "openroad -exit /openLANE_flow/scripts/openroad/or_write_verilog.tcl |& tee >&@stdout /project/openlane/user_proj_example/runs/user_proj_example/logs/write_verilog.log"

Fri Nov 27 00:43:18 UTC 2020 - Executing "sed -i -e {s/\(set ::env(CURRENT_NETLIST)\).*/\1 \/project\/openlane\/user_proj_example\/runs\/user_proj_example\/results\/synthesis\/user_proj_example.synthesis_preroute.v/} /project/openlane/user_proj_example/runs/user_proj_example/config.tcl"

Fri Nov 27 00:43:18 UTC 2020 - Executing "sed -i -e {s/\(set ::env(PREV_NETLIST)\).*/\1 \/project\/openlane\/user_proj_example\/runs\/user_proj_example\/results\/synthesis\/user_proj_example.synthesis_cts.v/} /project/openlane/user_proj_example/runs/user_proj_example/config.tcl"

Fri Nov 27 00:43:18 UTC 2020 - Executing "envsubst < /openLANE_flow/scripts/tritonRoute.param > /project/openlane/user_proj_example/runs/user_proj_example/tmp/routing/tritonRoute.param"

Fri Nov 27 00:43:18 UTC 2020 - Executing "TritonRoute /project/openlane/user_proj_example/runs/user_proj_example/tmp/routing/tritonRoute.param |& tee >&@stdout /project/openlane/user_proj_example/runs/user_proj_example/logs/routing/tritonRoute.log"

Fri Nov 27 00:49:08 UTC 2020 - Executing "python3 /openLANE_flow/scripts/spef_extractor/main.py -l /project/openlane/user_proj_example/runs/user_proj_example/tmp/merged_unpadded.lef -d /project/openlane/user_proj_example/runs/user_proj_example/results/routing/user_proj_example.def -mw L -ec 1 |& tee >&@stdout /project/openlane/user_proj_example/runs/user_proj_example/logs/routing/spef_extraction.log"

Fri Nov 27 00:49:11 UTC 2020 - Executing "sta /openLANE_flow/scripts/sta.tcl |& tee >&@stdout /project/openlane/user_proj_example/runs/user_proj_example/logs/synthesis/opensta_spef.log"

Fri Nov 27 00:49:13 UTC 2020 - Executing "python3 /openLANE_flow/scripts/write_powered_def.py -d /project/openlane/user_proj_example/runs/user_proj_example/results/routing/user_proj_example.def -l /project/openlane/user_proj_example/runs/user_proj_example/tmp/merged.lef -v VPWR -g VGND -o /project/openlane/user_proj_example/runs/user_proj_example/tmp/routing/user_proj_example.powered.def |& tee >&@stdout /project/openlane/user_proj_example/runs/user_proj_example/logs/lvs/write_powered_verilog.log"

Fri Nov 27 00:49:15 UTC 2020 - Executing "openroad -exit /openLANE_flow/scripts/openroad/or_write_verilog.tcl |& tee >&@stdout /project/openlane/user_proj_example/runs/user_proj_example/logs/write_verilog.log"

Fri Nov 27 00:49:16 UTC 2020 - Executing "yosys -c /openLANE_flow/scripts/yosys_rewrite_verilog.tcl -l /project/openlane/user_proj_example/runs/user_proj_example/logs/synthesis/yosys_rewrite_verilog.log"

Fri Nov 27 00:49:33 UTC 2020 - Executing "sed -i -e {s/\(set ::env(CURRENT_NETLIST)\).*/\1 \/project\/openlane\/user_proj_example\/runs\/user_proj_example\/results\/lvs\/user_proj_example.lvs.powered.v/} /project/openlane/user_proj_example/runs/user_proj_example/config.tcl"

Fri Nov 27 00:49:33 UTC 2020 - Executing "sed -i -e {s/\(set ::env(PREV_NETLIST)\).*/\1 \/project\/openlane\/user_proj_example\/runs\/user_proj_example\/results\/synthesis\/user_proj_example.synthesis_preroute.v/} /project/openlane/user_proj_example/runs/user_proj_example/config.tcl"

Fri Nov 27 00:49:33 UTC 2020 - Executing "magic -noconsole -dnull -rcfile /home/ubuntu/google-shuttle/.install/pdks/sky130A/libs.tech/magic/sky130A.magicrc /openLANE_flow/scripts/magic.tcl </dev/null |& tee >&@stdout /project/openlane/user_proj_example/runs/user_proj_example/logs/magic/magic.log"

Fri Nov 27 00:49:47 UTC 2020 - Executing "magic -noconsole -dnull -rcfile /home/ubuntu/google-shuttle/.install/pdks/sky130A/libs.tech/magic/sky130A.magicrc /project/openlane/user_proj_example/runs/user_proj_example/tmp/magic_spice.tcl </dev/null |& tee >&@stdout /project/openlane/user_proj_example/runs/user_proj_example/logs/magic/magic_spice.log"

Fri Nov 27 00:50:39 UTC 2020 - Executing "magic -noconsole -dnull -rcfile /home/ubuntu/google-shuttle/.install/pdks/sky130A/libs.tech/magic/sky130A.magicrc /openLANE_flow/scripts/magic_drc.tcl </dev/null |& tee >&@stdout /project/openlane/user_proj_example/runs/user_proj_example/logs/magic/magic.drc.log"

Fri Nov 27 00:51:07 UTC 2020 - Executing "netgen -batch lvs {/project/openlane/user_proj_example/runs/user_proj_example/results/magic/user_proj_example.spice user_proj_example} {/project/openlane/user_proj_example/runs/user_proj_example/results/lvs/user_proj_example.lvs.powered.v user_proj_example} /home/ubuntu/google-shuttle/.install/pdks/sky130A/libs.tech/netgen/sky130A_setup.tcl /project/openlane/user_proj_example/runs/user_proj_example/results/lvs/user_proj_example.lvs.log -json |& tee >&@stdout /project/openlane/user_proj_example/runs/user_proj_example/logs/lvs/lvs.log"

Fri Nov 27 00:51:11 UTC 2020 - Executing "openroad -exit /openLANE_flow/scripts/openroad/or_antenna_check.tcl |& tee >&@stdout /project/openlane/user_proj_example/runs/user_proj_example/logs/routing/or_antenna.log"

Fri Nov 27 00:51:13 UTC 2020 - Executing "python3 /openLANE_flow/report_generation_wrapper.py -d /project/openlane/user_proj_example -dn user_proj_example -t user_proj_example -o /project/openlane/user_proj_example/runs/user_proj_example/reports/final_summary_report.csv -r /project/openlane/user_proj_example/runs/user_proj_example"

